<?xml version="1.0" encoding="UTF-8"?>
<testsuite name="com.mobobs.worker.consumers.EventsConsumerTest" tests="1" skipped="0" failures="0" errors="0" timestamp="2026-04-01T01:09:04" hostname="Vaishviks-MacBook-Pro.local" time="3.215">
  <properties/>
  <testcase name="shouldCallSinkWhenValidEnvelopeReceived()" classname="com.mobobs.worker.consumers.EventsConsumerTest" time="3.215"/>
  <system-out><![CDATA[21:08:49.657 [Test worker] INFO org.springframework.test.context.support.AnnotationConfigContextLoaderUtils -- Could not detect default configuration classes for test class [com.mobobs.worker.consumers.EventsConsumerTest]: EventsConsumerTest does not declare any static, non-private, non-final, nested classes annotated with @Configuration.
21:08:49.981 [Test worker] INFO org.springframework.boot.test.context.SpringBootTestContextBootstrapper -- Found @SpringBootConfiguration com.mobobs.worker.WorkerApplication for test class com.mobobs.worker.consumers.EventsConsumerTest

  .   ____          _            __ _ _
 /\\ / ___'_ __ _ _(_)_ __  __ _ \ \ \ \
( ( )\___ | '_ | '_| | '_ \/ _` | \ \ \ \
 \\/  ___)| |_)| | | | | || (_| |  ) ) ) )
  '  |____| .__|_| |_|_| |_\__, | / / / /
 =========|_|==============|___/=/_/_/_/
 :: Spring Boot ::                (v3.2.5)

2026-03-31T21:08:51.521-04:00  INFO 384 --- [mobobs-worker] [    Test worker] k.utils.Log4jControllerRegistration$     : Registered kafka:type=kafka.Log4jController MBean
2026-03-31T21:08:51.564-04:00  INFO 384 --- [mobobs-worker] [    Test worker] org.apache.zookeeper.common.X509Util     : Setting -D jdk.tls.rejectClientInitiatedRenegotiation=true to disable client-initiated TLS renegotiation
2026-03-31T21:08:51.799-04:00  INFO 384 --- [mobobs-worker] [-kit-executor-1] kafka.server.ControllerServer            : Formatting /var/folders/4v/kvzvhsf533vf84l8k0k07m_00000gn/T/kafka-16642367645514015940/controller_0 with metadata.version 3.3-IV0.
2026-03-31T21:08:51.857-04:00  INFO 384 --- [mobobs-worker] [-kit-executor-2] kafka.server.ControllerServer            : [ControllerServer id=0] Starting controller
2026-03-31T21:08:51.857-04:00  INFO 384 --- [mobobs-worker] [-kit-executor-3] kafka.server.BrokerServer                : [BrokerServer id=0] Transition from SHUTDOWN to STARTING
2026-03-31T21:08:51.860-04:00  INFO 384 --- [mobobs-worker] [-kit-executor-3] kafka.server.SharedServer                : [SharedServer id=0] Starting SharedServer
2026-03-31T21:08:51.930-04:00  INFO 384 --- [mobobs-worker] [-kit-executor-2] o.a.k.s.network.EndpointReadyFutures     : authorizerStart completed for endpoint CONTROLLER. Endpoint is now READY.
2026-03-31T21:08:52.053-04:00  INFO 384 --- [mobobs-worker] [-kit-executor-3] kafka.log.UnifiedLog$                    : [LogLoader partition=__cluster_metadata-0, dir=/var/folders/4v/kvzvhsf533vf84l8k0k07m_00000gn/T/kafka-16642367645514015940/controller_0] Loading producer state till offset 0 with message format version 2
2026-03-31T21:08:52.054-04:00  INFO 384 --- [mobobs-worker] [-kit-executor-3] kafka.log.UnifiedLog$                    : [LogLoader partition=__cluster_metadata-0, dir=/var/folders/4v/kvzvhsf533vf84l8k0k07m_00000gn/T/kafka-16642367645514015940/controller_0] Reloading from producer snapshot and rebuilding producer state from offset 0
2026-03-31T21:08:52.054-04:00  INFO 384 --- [mobobs-worker] [-kit-executor-3] kafka.log.UnifiedLog$                    : [LogLoader partition=__cluster_metadata-0, dir=/var/folders/4v/kvzvhsf533vf84l8k0k07m_00000gn/T/kafka-16642367645514015940/controller_0] Producer state recovery took 0ms for snapshot load and 0ms for segment recovery from offset 0
2026-03-31T21:08:52.099-04:00  INFO 384 --- [mobobs-worker] [-kit-executor-3] kafka.raft.KafkaMetadataLog$             : Initialized snapshots with IDs SortedSet() from /var/folders/4v/kvzvhsf533vf84l8k0k07m_00000gn/T/kafka-16642367645514015940/controller_0/__cluster_metadata-0
2026-03-31T21:08:52.137-04:00  INFO 384 --- [mobobs-worker] [piration-reaper] ExpirationService$ExpiredOperationReaper : [raft-expiration-reaper]: Starting
2026-03-31T21:08:52.407-04:00  INFO 384 --- [mobobs-worker] [-kit-executor-3] org.apache.kafka.raft.QuorumState        : [RaftManager id=0] Completed transition to Unattached(epoch=0, voters=[0], electionTimeoutMs=1013) from null
2026-03-31T21:08:52.426-04:00  INFO 384 --- [mobobs-worker] [-kit-executor-3] org.apache.kafka.raft.QuorumState        : [RaftManager id=0] Completed transition to CandidateState(localId=0, epoch=1, retries=1, voteStates={0=GRANTED}, highWatermark=Optional.empty, electionTimeoutMs=1322) from Unattached(epoch=0, voters=[0], electionTimeoutMs=1013)
2026-03-31T21:08:52.437-04:00  INFO 384 --- [mobobs-worker] [-kit-executor-3] org.apache.kafka.raft.QuorumState        : [RaftManager id=0] Completed transition to Leader(localId=0, epoch=1, epochStartOffset=0, highWatermark=Optional.empty, voterStates={0=ReplicaState(nodeId=0, endOffset=Optional.empty, lastFetchTimestamp=-1, lastCaughtUpTimestamp=-1, hasAcknowledgedLeader=true)}) from CandidateState(localId=0, epoch=1, retries=1, voteStates={0=GRANTED}, highWatermark=Optional.empty, electionTimeoutMs=1322)
2026-03-31T21:08:52.487-04:00  INFO 384 --- [mobobs-worker] [-kit-executor-2] kafka.network.ConnectionQuotas           : Updated connection-accept-rate max connection creation rate to 2147483647
2026-03-31T21:08:52.498-04:00  INFO 384 --- [mobobs-worker] [-kit-executor-2] kafka.network.DataPlaneAcceptor          : Awaiting socket connections on localhost:49649.
2026-03-31T21:08:52.501-04:00  INFO 384 --- [mobobs-worker] [-kit-executor-2] kafka.network.DataPlaneAcceptor          : Opened wildcard endpoint localhost:49649
2026-03-31T21:08:52.524-04:00  INFO 384 --- [mobobs-worker] [-kit-executor-2] kafka.network.SocketServer               : [SocketServer listenerType=CONTROLLER, nodeId=0] Created data-plane acceptor and processors for endpoint : ListenerName(CONTROLLER)
2026-03-31T21:08:52.529-04:00  INFO 384 --- [mobobs-worker] [-request-thread] kafka.raft.RaftSendThread                : [kafka-0-raft-outbound-request-thread]: Starting
2026-03-31T21:08:52.529-04:00  INFO 384 --- [mobobs-worker] [-raft-io-thread] k.raft.KafkaRaftManager$RaftIoThread     : [kafka-0-raft-io-thread]: Starting
2026-03-31T21:08:52.556-04:00  INFO 384 --- [mobobs-worker] [-raft-io-thread] org.apache.kafka.raft.LeaderState        : [RaftManager id=0] High watermark set to LogOffsetMetadata(offset=1, metadata=Optional[(segmentBaseOffset=0,relativePositionInSegment=91)]) for the first time for epoch 1 based on indexOfHw 0 and voters [ReplicaState(nodeId=0, endOffset=Optional[LogOffsetMetadata(offset=1, metadata=Optional[(segmentBaseOffset=0,relativePositionInSegment=91)])], lastFetchTimestamp=-1, lastCaughtUpTimestamp=-1, hasAcknowledgedLeader=true)]
2026-03-31T21:08:52.558-04:00  INFO 384 --- [mobobs-worker] [r-event-handler] o.a.kafka.image.loader.MetadataLoader    : [MetadataLoader id=0] initializeNewPublishers: The loader is still catching up because we have loaded up to offset -1, but the high water mark is 1
2026-03-31T21:08:52.559-04:00  INFO 384 --- [mobobs-worker] [-kit-executor-3] kafka.server.BrokerServer                : [BrokerServer id=0] Starting broker
2026-03-31T21:08:52.559-04:00  INFO 384 --- [mobobs-worker] [-kit-executor-2] kafka.server.ControllerServer            : [ControllerServer id=0] Waiting for controller quorum voters future
2026-03-31T21:08:52.560-04:00  INFO 384 --- [mobobs-worker] [-kit-executor-2] kafka.server.ControllerServer            : [ControllerServer id=0] Finished waiting for controller quorum voters future
2026-03-31T21:08:52.595-04:00  INFO 384 --- [mobobs-worker] [-raft-io-thread] org.apache.kafka.raft.KafkaRaftClient    : [RaftManager id=0] Registered the listener org.apache.kafka.image.loader.MetadataLoader@1353080748
2026-03-31T21:08:52.605-04:00  INFO 384 --- [mobobs-worker] [nelReaper-Fetch] lientQuotaManager$ThrottledChannelReaper : [broker-0-ThrottledChannelReaper-Fetch]: Starting
2026-03-31T21:08:52.605-04:00  INFO 384 --- [mobobs-worker] [lReaper-Produce] lientQuotaManager$ThrottledChannelReaper : [broker-0-ThrottledChannelReaper-Produce]: Starting
2026-03-31T21:08:52.607-04:00  INFO 384 --- [mobobs-worker] [lReaper-Request] lientQuotaManager$ThrottledChannelReaper : [broker-0-ThrottledChannelReaper-Request]: Starting
2026-03-31T21:08:52.609-04:00  INFO 384 --- [mobobs-worker] [trollerMutation] lientQuotaManager$ThrottledChannelReaper : [broker-0-ThrottledChannelReaper-ControllerMutation]: Starting
2026-03-31T21:08:52.615-04:00  INFO 384 --- [mobobs-worker] [r-event-handler] o.a.kafka.image.loader.MetadataLoader    : [MetadataLoader id=0] maybePublishMetadata(LOG_DELTA): The loader is still catching up because we have not loaded a controller record as of offset 0 and high water mark is 1
2026-03-31T21:08:52.624-04:00  INFO 384 --- [mobobs-worker] [-kit-executor-2] o.a.kafka.controller.QuorumController    : [QuorumController id=0] Creating new QuorumController with clusterId Vaz-MFSxTaK67i5zvbI3qQ.
2026-03-31T21:08:52.628-04:00  INFO 384 --- [mobobs-worker] [-raft-io-thread] org.apache.kafka.raft.KafkaRaftClient    : [RaftManager id=0] Registered the listener org.apache.kafka.controller.QuorumController$QuorumMetaLogListener@1732501179
2026-03-31T21:08:52.629-04:00  INFO 384 --- [mobobs-worker] [nelReaper-Fetch] lientQuotaManager$ThrottledChannelReaper : [controller-0-ThrottledChannelReaper-Fetch]: Starting
2026-03-31T21:08:52.629-04:00  INFO 384 --- [mobobs-worker] [lReaper-Produce] lientQuotaManager$ThrottledChannelReaper : [controller-0-ThrottledChannelReaper-Produce]: Starting
2026-03-31T21:08:52.630-04:00  INFO 384 --- [mobobs-worker] [trollerMutation] lientQuotaManager$ThrottledChannelReaper : [controller-0-ThrottledChannelReaper-ControllerMutation]: Starting
2026-03-31T21:08:52.630-04:00  INFO 384 --- [mobobs-worker] [lReaper-Request] lientQuotaManager$ThrottledChannelReaper : [controller-0-ThrottledChannelReaper-Request]: Starting
2026-03-31T21:08:52.643-04:00  INFO 384 --- [mobobs-worker] [-kit-executor-3] kafka.log.LogManager                     : Log directory /var/folders/4v/kvzvhsf533vf84l8k0k07m_00000gn/T/kafka-16642367645514015940/broker_0_data0 not found, creating it.
2026-03-31T21:08:52.644-04:00  INFO 384 --- [mobobs-worker] [0-event-handler] o.a.kafka.controller.QuorumController    : [QuorumController id=0] Becoming the active controller at epoch 1, next write offset 1.
2026-03-31T21:08:52.650-04:00  WARN 384 --- [mobobs-worker] [0-event-handler] o.a.kafka.controller.QuorumController    : [QuorumController id=0] Performing controller activation. The metadata log appears to be empty. Appending 1 bootstrap record(s) in metadata transaction at metadata.version 3.6-IV2 from bootstrap source 'testkit'. Setting the ZK migration state to NONE since this is a de-novo KRaft cluster.
2026-03-31T21:08:52.653-04:00  INFO 384 --- [mobobs-worker] [0-event-handler] o.a.k.controller.OffsetControlManager    : [QuorumController id=0] Replayed BeginTransactionRecord(name='Bootstrap records') at offset 1.
2026-03-31T21:08:52.654-04:00  INFO 384 --- [mobobs-worker] [per-0-AlterAcls] perationPurgatory$ExpiredOperationReaper : [ExpirationReaper-0-AlterAcls]: Starting
2026-03-31T21:08:52.655-04:00  INFO 384 --- [mobobs-worker] [0-event-handler] o.a.k.controller.FeatureControlManager   : [QuorumController id=0] Replayed a FeatureLevelRecord setting metadata version to 3.6-IV2
2026-03-31T21:08:52.655-04:00  INFO 384 --- [mobobs-worker] [0-event-handler] o.a.k.controller.OffsetControlManager    : [QuorumController id=0] Replayed EndTransactionRecord() at offset 4.
2026-03-31T21:08:52.655-04:00  INFO 384 --- [mobobs-worker] [-kit-executor-3] kafka.server.BrokerServer                : [BrokerServer id=0] Waiting for controller quorum voters future
2026-03-31T21:08:52.656-04:00  INFO 384 --- [mobobs-worker] [-kit-executor-3] kafka.server.BrokerServer                : [BrokerServer id=0] Finished waiting for controller quorum voters future
2026-03-31T21:08:52.665-04:00  INFO 384 --- [mobobs-worker] [r-event-handler] o.a.kafka.image.loader.MetadataLoader    : [MetadataLoader id=0] initializeNewPublishers: The loader finished catching up to the current high water mark of 1
2026-03-31T21:08:52.668-04:00  INFO 384 --- [mobobs-worker] [-kit-executor-2] kafka.server.ControllerServer            : [ControllerServer id=0] Waiting for the controller metadata publishers to be installed
2026-03-31T21:08:52.677-04:00  INFO 384 --- [mobobs-worker] [channel-manager] k.s.BrokerToControllerRequestThread      : [broker-0-to-controller-forwarding-channel-manager]: Starting
2026-03-31T21:08:52.682-04:00  INFO 384 --- [mobobs-worker] [r-event-handler] o.a.kafka.image.loader.MetadataLoader    : [MetadataLoader id=0] InitializeNewPublishers: initializing SnapshotGenerator with a snapshot at offset 0
2026-03-31T21:08:52.692-04:00  INFO 384 --- [mobobs-worker] [-kit-executor-2] kafka.server.ControllerServer            : [ControllerServer id=0] Finished waiting for the controller metadata publishers to be installed
2026-03-31T21:08:52.693-04:00  INFO 384 --- [mobobs-worker] [r-event-handler] o.a.kafka.image.loader.MetadataLoader    : [MetadataLoader id=0] InitializeNewPublishers: initializing FeaturesPublisher with a snapshot at offset 0
2026-03-31T21:08:52.694-04:00  INFO 384 --- [mobobs-worker] [r-event-handler] o.a.kafka.image.loader.MetadataLoader    : [MetadataLoader id=0] InitializeNewPublishers: initializing DynamicConfigPublisher controller id=0 with a snapshot at offset 0
2026-03-31T21:08:52.694-04:00  INFO 384 --- [mobobs-worker] [r-event-handler] o.a.kafka.image.loader.MetadataLoader    : [MetadataLoader id=0] InitializeNewPublishers: initializing DynamicClientQuotaPublisher controller id=0 with a snapshot at offset 0
2026-03-31T21:08:52.696-04:00  INFO 384 --- [mobobs-worker] [r-event-handler] o.a.kafka.image.loader.MetadataLoader    : [MetadataLoader id=0] InitializeNewPublishers: initializing ScramPublisher controller id=0 with a snapshot at offset 0
2026-03-31T21:08:52.695-04:00  INFO 384 --- [mobobs-worker] [channel-manager] k.s.BrokerToControllerRequestThread      : [broker-0-to-controller-forwarding-channel-manager]: Recorded new controller, from now on will use node localhost:49649 (id: 0 rack: null)
2026-03-31T21:08:52.701-04:00  INFO 384 --- [mobobs-worker] [-kit-executor-2] kafka.network.SocketServer               : [SocketServer listenerType=CONTROLLER, nodeId=0] Enabling request processing.
2026-03-31T21:08:52.701-04:00  INFO 384 --- [mobobs-worker] [r-event-handler] o.a.kafka.image.loader.MetadataLoader    : [MetadataLoader id=0] InitializeNewPublishers: initializing DelegationTokenPublisher controller id=0 with a snapshot at offset 0
2026-03-31T21:08:52.707-04:00  INFO 384 --- [mobobs-worker] [r-event-handler] o.a.kafka.image.loader.MetadataLoader    : [MetadataLoader id=0] InitializeNewPublishers: initializing ControllerMetadataMetricsPublisher with a snapshot at offset 0
2026-03-31T21:08:52.710-04:00  INFO 384 --- [mobobs-worker] [r-event-handler] o.a.kafka.image.loader.MetadataLoader    : [MetadataLoader id=0] InitializeNewPublishers: initializing AclPublisher controller id=0 with a snapshot at offset 0
2026-03-31T21:08:52.714-04:00  INFO 384 --- [mobobs-worker] [-kit-executor-2] kafka.server.ControllerServer            : [ControllerServer id=0] Waiting for all of the authorizer futures to be completed
2026-03-31T21:08:52.717-04:00  INFO 384 --- [mobobs-worker] [-kit-executor-2] kafka.server.ControllerServer            : [ControllerServer id=0] Finished waiting for all of the authorizer futures to be completed
2026-03-31T21:08:52.718-04:00  INFO 384 --- [mobobs-worker] [-kit-executor-2] kafka.server.ControllerServer            : [ControllerServer id=0] Waiting for all of the SocketServer Acceptors to be started
2026-03-31T21:08:52.720-04:00  INFO 384 --- [mobobs-worker] [-kit-executor-2] kafka.server.ControllerServer            : [ControllerServer id=0] Finished waiting for all of the SocketServer Acceptors to be started
2026-03-31T21:08:52.774-04:00  INFO 384 --- [mobobs-worker] [-kit-executor-3] kafka.network.ConnectionQuotas           : Updated connection-accept-rate max connection creation rate to 2147483647
2026-03-31T21:08:52.775-04:00  INFO 384 --- [mobobs-worker] [-kit-executor-3] kafka.network.DataPlaneAcceptor          : Awaiting socket connections on localhost:49650.
2026-03-31T21:08:52.775-04:00  INFO 384 --- [mobobs-worker] [-kit-executor-3] kafka.network.DataPlaneAcceptor          : Opened wildcard endpoint localhost:49650
2026-03-31T21:08:52.800-04:00  INFO 384 --- [mobobs-worker] [-kit-executor-3] kafka.network.SocketServer               : [SocketServer listenerType=BROKER, nodeId=0] Created data-plane acceptor and processors for endpoint : ListenerName(EXTERNAL)
2026-03-31T21:08:52.808-04:00  INFO 384 --- [mobobs-worker] [channel-manager] k.s.BrokerToControllerRequestThread      : [broker-0-to-controller-alter-partition-channel-manager]: Starting
2026-03-31T21:08:52.810-04:00  INFO 384 --- [mobobs-worker] [channel-manager] k.s.BrokerToControllerRequestThread      : [broker-0-to-controller-alter-partition-channel-manager]: Recorded new controller, from now on will use node localhost:49649 (id: 0 rack: null)
2026-03-31T21:08:52.859-04:00  INFO 384 --- [mobobs-worker] [eaper-0-Produce] perationPurgatory$ExpiredOperationReaper : [ExpirationReaper-0-Produce]: Starting
2026-03-31T21:08:52.866-04:00  INFO 384 --- [mobobs-worker] [nReaper-0-Fetch] perationPurgatory$ExpiredOperationReaper : [ExpirationReaper-0-Fetch]: Starting
2026-03-31T21:08:52.870-04:00  INFO 384 --- [mobobs-worker] [0-DeleteRecords] perationPurgatory$ExpiredOperationReaper : [ExpirationReaper-0-DeleteRecords]: Starting
2026-03-31T21:08:52.872-04:00  INFO 384 --- [mobobs-worker] [r-0-ElectLeader] perationPurgatory$ExpiredOperationReaper : [ExpirationReaper-0-ElectLeader]: Starting
2026-03-31T21:08:52.873-04:00  INFO 384 --- [mobobs-worker] [r-0-RemoteFetch] perationPurgatory$ExpiredOperationReaper : [ExpirationReaper-0-RemoteFetch]: Starting
2026-03-31T21:08:52.895-04:00  INFO 384 --- [mobobs-worker] [per-0-Heartbeat] perationPurgatory$ExpiredOperationReaper : [ExpirationReaper-0-Heartbeat]: Starting
2026-03-31T21:08:52.896-04:00  INFO 384 --- [mobobs-worker] [per-0-Rebalance] perationPurgatory$ExpiredOperationReaper : [ExpirationReaper-0-Rebalance]: Starting
2026-03-31T21:08:52.968-04:00  INFO 384 --- [mobobs-worker] [channel-manager] k.s.BrokerToControllerRequestThread      : [broker-0-to-controller-heartbeat-channel-manager]: Starting
2026-03-31T21:08:52.970-04:00  INFO 384 --- [mobobs-worker] [channel-manager] k.s.BrokerToControllerRequestThread      : [broker-0-to-controller-heartbeat-channel-manager]: Recorded new controller, from now on will use node localhost:49649 (id: 0 rack: null)
2026-03-31T21:08:52.976-04:00  INFO 384 --- [mobobs-worker] [r-event-handler] kafka.server.BrokerLifecycleManager      : [BrokerLifecycleManager id=0] Incarnation ceTbYjDSQAOT1DlMD5eTvw of broker 0 in cluster Vaz-MFSxTaK67i5zvbI3qQ is now STARTING.
2026-03-31T21:08:53.075-04:00  INFO 384 --- [mobobs-worker] [per-0-AlterAcls] perationPurgatory$ExpiredOperationReaper : [ExpirationReaper-0-AlterAcls]: Starting
2026-03-31T21:08:53.174-04:00  INFO 384 --- [mobobs-worker] [-kit-executor-3] kafka.server.BrokerServer                : [BrokerServer id=0] Waiting for the broker metadata publishers to be installed
2026-03-31T21:08:53.178-04:00  INFO 384 --- [mobobs-worker] [r-event-handler] o.a.kafka.image.loader.MetadataLoader    : [MetadataLoader id=0] InitializeNewPublishers: initializing BrokerMetadataPublisher with a snapshot at offset 4
2026-03-31T21:08:53.177-04:00  INFO 384 --- [mobobs-worker] [-kit-executor-3] kafka.server.BrokerServer                : [BrokerServer id=0] Finished waiting for the broker metadata publishers to be installed
2026-03-31T21:08:53.179-04:00  INFO 384 --- [mobobs-worker] [-kit-executor-3] kafka.server.BrokerServer                : [BrokerServer id=0] Waiting for the controller to acknowledge that we are caught up
2026-03-31T21:08:53.182-04:00  INFO 384 --- [mobobs-worker] [r-event-handler] k.s.metadata.BrokerMetadataPublisher     : [BrokerMetadataPublisher id=0] Publishing initial metadata at offset OffsetAndEpoch(offset=4, epoch=1) with metadata.version 3.6-IV2.
2026-03-31T21:08:53.189-04:00  INFO 384 --- [mobobs-worker] [r-event-handler] kafka.log.LogManager                     : Loading logs from log dirs ArraySeq(/var/folders/4v/kvzvhsf533vf84l8k0k07m_00000gn/T/kafka-16642367645514015940/broker_0_data0)
2026-03-31T21:08:53.224-04:00  INFO 384 --- [mobobs-worker] [r-event-handler] kafka.log.LogManager                     : No logs found to be loaded in /var/folders/4v/kvzvhsf533vf84l8k0k07m_00000gn/T/kafka-16642367645514015940/broker_0_data0
2026-03-31T21:08:53.252-04:00  INFO 384 --- [mobobs-worker] [r-event-handler] kafka.log.LogManager                     : Loaded 0 logs in 57ms
2026-03-31T21:08:53.263-04:00  INFO 384 --- [mobobs-worker] [r-event-handler] kafka.log.LogManager                     : Starting log cleanup with a period of 300000 ms.
2026-03-31T21:08:53.275-04:00  INFO 384 --- [mobobs-worker] [r-event-handler] kafka.log.LogManager                     : Starting log flusher with a default period of 9223372036854775807 ms.
2026-03-31T21:08:53.307-04:00  INFO 384 --- [mobobs-worker] [r-event-handler] kafka.log.LogCleaner                     : Starting the log cleaner
2026-03-31T21:08:53.312-04:00  INFO 384 --- [mobobs-worker] [0-event-handler] o.a.k.controller.ClusterControlManager   : [QuorumController id=0] Replayed initial RegisterBrokerRecord for broker 0: RegisterBrokerRecord(brokerId=0, isMigratingZkBroker=false, incarnationId=ceTbYjDSQAOT1DlMD5eTvw, brokerEpoch=6, endPoints=[BrokerEndpoint(name='EXTERNAL', host='localhost', port=49650, securityProtocol=0)], features=[BrokerFeature(name='metadata.version', minSupportedVersion=1, maxSupportedVersion=14)], rack=null, fenced=true, inControlledShutdown=false)
2026-03-31T21:08:53.316-04:00  INFO 384 --- [mobobs-worker] [leaner-thread-0] kafka.log.LogCleaner$CleanerThread       : [kafka-log-cleaner-thread-0]: Starting
2026-03-31T21:08:53.320-04:00  INFO 384 --- [mobobs-worker] [rFailureHandler] k.s.ReplicaManager$LogDirFailureHandler  : [LogDirFailureHandler]: Starting
2026-03-31T21:08:53.328-04:00  INFO 384 --- [mobobs-worker] [nSenderThread-0] kafka.server.AddPartitionsToTxnManager   : [AddPartitionsToTxnSenderThread-0]: Starting
2026-03-31T21:08:53.333-04:00  INFO 384 --- [mobobs-worker] [r-event-handler] k.coordinator.group.GroupCoordinator     : [GroupCoordinator 0]: Starting up.
2026-03-31T21:08:53.340-04:00  INFO 384 --- [mobobs-worker] [r-event-handler] k.coordinator.group.GroupCoordinator     : [GroupCoordinator 0]: Startup complete.
2026-03-31T21:08:53.341-04:00  INFO 384 --- [mobobs-worker] [r-event-handler] k.c.transaction.TransactionCoordinator   : [TransactionCoordinator id=0] Starting up.
2026-03-31T21:08:53.342-04:00  INFO 384 --- [mobobs-worker] [rSenderThread-0] k.c.t.TransactionMarkerChannelManager    : [TxnMarkerSenderThread-0]: Starting
2026-03-31T21:08:53.342-04:00  INFO 384 --- [mobobs-worker] [r-event-handler] k.c.transaction.TransactionCoordinator   : [TransactionCoordinator id=0] Startup complete.
2026-03-31T21:08:53.343-04:00  INFO 384 --- [mobobs-worker] [r-event-handler] k.s.metadata.BrokerMetadataPublisher     : [BrokerMetadataPublisher id=0] Updating metadata.version to 14 at offset OffsetAndEpoch(offset=4, epoch=1).
2026-03-31T21:08:53.355-04:00  INFO 384 --- [mobobs-worker] [channel-manager] kafka.server.BrokerLifecycleManager      : [BrokerLifecycleManager id=0] Successfully registered broker 0 with broker epoch 6
2026-03-31T21:08:53.370-04:00  INFO 384 --- [mobobs-worker] [channel-manager] kafka.server.BrokerLifecycleManager      : [BrokerLifecycleManager id=0] The broker has caught up. Transitioning from STARTING to RECOVERY.
2026-03-31T21:08:53.371-04:00  INFO 384 --- [mobobs-worker] [-kit-executor-3] kafka.server.BrokerServer                : [BrokerServer id=0] Finished waiting for the controller to acknowledge that we are caught up
2026-03-31T21:08:53.371-04:00  INFO 384 --- [mobobs-worker] [-kit-executor-3] kafka.server.BrokerServer                : [BrokerServer id=0] Waiting for the initial broker metadata update to be published
2026-03-31T21:08:53.372-04:00  INFO 384 --- [mobobs-worker] [-kit-executor-3] kafka.server.BrokerServer                : [BrokerServer id=0] Finished waiting for the initial broker metadata update to be published
2026-03-31T21:08:53.379-04:00  INFO 384 --- [mobobs-worker] [-kit-executor-3] kafka.server.KafkaConfig                 : KafkaConfig values: 
	advertised.listeners = null
	alter.config.policy.class.name = null
	alter.log.dirs.replication.quota.window.num = 11
	alter.log.dirs.replication.quota.window.size.seconds = 1
	authorizer.class.name = 
	auto.create.topics.enable = true
	auto.include.jmx.reporter = true
	auto.leader.rebalance.enable = true
	background.threads = 10
	broker.heartbeat.interval.ms = 2000
	broker.id = 0
	broker.id.generation.enable = true
	broker.rack = null
	broker.session.timeout.ms = 9000
	client.quota.callback.class = null
	compression.type = producer
	connection.failed.authentication.delay.ms = 100
	connections.max.idle.ms = 600000
	connections.max.reauth.ms = 0
	control.plane.listener.name = null
	controlled.shutdown.enable = true
	controlled.shutdown.max.retries = 3
	controlled.shutdown.retry.backoff.ms = 5000
	controller.listener.names = CONTROLLER
	controller.quorum.append.linger.ms = 25
	controller.quorum.election.backoff.max.ms = 1000
	controller.quorum.election.timeout.ms = 1000
	controller.quorum.fetch.timeout.ms = 2000
	controller.quorum.request.timeout.ms = 2000
	controller.quorum.retry.backoff.ms = 20
	controller.quorum.voters = [0@0.0.0.0:0]
	controller.quota.window.num = 11
	controller.quota.window.size.seconds = 1
	controller.socket.timeout.ms = 30000
	create.topic.policy.class.name = null
	default.replication.factor = 1
	delegation.token.expiry.check.interval.ms = 3600000
	delegation.token.expiry.time.ms = 86400000
	delegation.token.master.key = null
	delegation.token.max.lifetime.ms = 604800000
	delegation.token.secret.key = null
	delete.records.purgatory.purge.interval.requests = 1
	delete.topic.enable = true
	early.start.listeners = null
	fetch.max.bytes = 57671680
	fetch.purgatory.purge.interval.requests = 1000
	group.consumer.assignors = [org.apache.kafka.coordinator.group.assignor.RangeAssignor]
	group.consumer.heartbeat.interval.ms = 5000
	group.consumer.max.heartbeat.interval.ms = 15000
	group.consumer.max.session.timeout.ms = 60000
	group.consumer.max.size = 2147483647
	group.consumer.min.heartbeat.interval.ms = 5000
	group.consumer.min.session.timeout.ms = 45000
	group.consumer.session.timeout.ms = 45000
	group.coordinator.new.enable = false
	group.coordinator.threads = 1
	group.initial.rebalance.delay.ms = 0
	group.max.session.timeout.ms = 1800000
	group.max.size = 2147483647
	group.min.session.timeout.ms = 6000
	initial.broker.registration.timeout.ms = 60000
	inter.broker.listener.name = EXTERNAL
	inter.broker.protocol.version = 3.6-IV2
	kafka.metrics.polling.interval.secs = 10
	kafka.metrics.reporters = []
	leader.imbalance.check.interval.seconds = 300
	leader.imbalance.per.broker.percentage = 10
	listener.security.protocol.map = EXTERNAL:PLAINTEXT,CONTROLLER:PLAINTEXT
	listeners = EXTERNAL://localhost:0,CONTROLLER://localhost:0
	log.cleaner.backoff.ms = 15000
	log.cleaner.dedupe.buffer.size = 2097152
	log.cleaner.delete.retention.ms = 86400000
	log.cleaner.enable = true
	log.cleaner.io.buffer.load.factor = 0.9
	log.cleaner.io.buffer.size = 524288
	log.cleaner.io.max.bytes.per.second = 1.7976931348623157E308
	log.cleaner.max.compaction.lag.ms = 9223372036854775807
	log.cleaner.min.cleanable.ratio = 0.5
	log.cleaner.min.compaction.lag.ms = 0
	log.cleaner.threads = 1
	log.cleanup.policy = [delete]
	log.dir = /tmp/kafka-logs
	log.dirs = /var/folders/4v/kvzvhsf533vf84l8k0k07m_00000gn/T/kafka-16642367645514015940/broker_0_data0
	log.flush.interval.messages = 9223372036854775807
	log.flush.interval.ms = null
	log.flush.offset.checkpoint.interval.ms = 60000
	log.flush.scheduler.interval.ms = 9223372036854775807
	log.flush.start.offset.checkpoint.interval.ms = 60000
	log.index.interval.bytes = 4096
	log.index.size.max.bytes = 10485760
	log.local.retention.bytes = -2
	log.local.retention.ms = -2
	log.message.downconversion.enable = true
	log.message.format.version = 3.0-IV1
	log.message.timestamp.after.max.ms = 9223372036854775807
	log.message.timestamp.before.max.ms = 9223372036854775807
	log.message.timestamp.difference.max.ms = 9223372036854775807
	log.message.timestamp.type = CreateTime
	log.preallocate = false
	log.retention.bytes = -1
	log.retention.check.interval.ms = 300000
	log.retention.hours = 168
	log.retention.minutes = null
	log.retention.ms = null
	log.roll.hours = 168
	log.roll.jitter.hours = 0
	log.roll.jitter.ms = null
	log.roll.ms = null
	log.segment.bytes = 1073741824
	log.segment.delete.delay.ms = 60000
	max.connection.creation.rate = 2147483647
	max.connections = 2147483647
	max.connections.per.ip = 2147483647
	max.connections.per.ip.overrides = 
	max.incremental.fetch.session.cache.slots = 1000
	message.max.bytes = 1048588
	metadata.log.dir = /var/folders/4v/kvzvhsf533vf84l8k0k07m_00000gn/T/kafka-16642367645514015940/controller_0
	metadata.log.max.record.bytes.between.snapshots = 20971520
	metadata.log.max.snapshot.interval.ms = 3600000
	metadata.log.segment.bytes = 1073741824
	metadata.log.segment.min.bytes = 8388608
	metadata.log.segment.ms = 604800000
	metadata.max.idle.interval.ms = 500
	metadata.max.retention.bytes = 104857600
	metadata.max.retention.ms = 604800000
	metric.reporters = []
	metrics.num.samples = 2
	metrics.recording.level = INFO
	metrics.sample.window.ms = 30000
	min.insync.replicas = 1
	node.id = 0
	num.io.threads = 8
	num.network.threads = 3
	num.partitions = 1
	num.recovery.threads.per.data.dir = 1
	num.replica.alter.log.dirs.threads = null
	num.replica.fetchers = 1
	offset.metadata.max.bytes = 4096
	offsets.commit.required.acks = -1
	offsets.commit.timeout.ms = 5000
	offsets.load.buffer.size = 5242880
	offsets.retention.check.interval.ms = 600000
	offsets.retention.minutes = 10080
	offsets.topic.compression.codec = 0
	offsets.topic.num.partitions = 50
	offsets.topic.replication.factor = 1
	offsets.topic.segment.bytes = 104857600
	password.encoder.cipher.algorithm = AES/CBC/PKCS5Padding
	password.encoder.iterations = 4096
	password.encoder.key.length = 128
	password.encoder.keyfactory.algorithm = null
	password.encoder.old.secret = null
	password.encoder.secret = null
	principal.builder.class = class org.apache.kafka.common.security.authenticator.DefaultKafkaPrincipalBuilder
	process.roles = [broker, controller]
	producer.id.expiration.check.interval.ms = 600000
	producer.id.expiration.ms = 86400000
	producer.purgatory.purge.interval.requests = 1000
	queued.max.request.bytes = -1
	queued.max.requests = 500
	quota.window.num = 11
	quota.window.size.seconds = 1
	remote.log.index.file.cache.total.size.bytes = 1073741824
	remote.log.manager.task.interval.ms = 30000
	remote.log.manager.task.retry.backoff.max.ms = 30000
	remote.log.manager.task.retry.backoff.ms = 500
	remote.log.manager.task.retry.jitter = 0.2
	remote.log.manager.thread.pool.size = 10
	remote.log.metadata.custom.metadata.max.bytes = 128
	remote.log.metadata.manager.class.name = org.apache.kafka.server.log.remote.metadata.storage.TopicBasedRemoteLogMetadataManager
	remote.log.metadata.manager.class.path = null
	remote.log.metadata.manager.impl.prefix = rlmm.config.
	remote.log.metadata.manager.listener.name = null
	remote.log.reader.max.pending.tasks = 100
	remote.log.reader.threads = 10
	remote.log.storage.manager.class.name = null
	remote.log.storage.manager.class.path = null
	remote.log.storage.manager.impl.prefix = rsm.config.
	remote.log.storage.system.enable = false
	replica.fetch.backoff.ms = 1000
	replica.fetch.max.bytes = 1048576
	replica.fetch.min.bytes = 1
	replica.fetch.response.max.bytes = 10485760
	replica.fetch.wait.max.ms = 500
	replica.high.watermark.checkpoint.interval.ms = 5000
	replica.lag.time.max.ms = 30000
	replica.selector.class = null
	replica.socket.receive.buffer.bytes = 65536
	replica.socket.timeout.ms = 30000
	replication.quota.window.num = 11
	replication.quota.window.size.seconds = 1
	request.timeout.ms = 30000
	reserved.broker.max.id = 1000
	sasl.client.callback.handler.class = null
	sasl.enabled.mechanisms = [GSSAPI]
	sasl.jaas.config = null
	sasl.kerberos.kinit.cmd = /usr/bin/kinit
	sasl.kerberos.min.time.before.relogin = 60000
	sasl.kerberos.principal.to.local.rules = [DEFAULT]
	sasl.kerberos.service.name = null
	sasl.kerberos.ticket.renew.jitter = 0.05
	sasl.kerberos.ticket.renew.window.factor = 0.8
	sasl.login.callback.handler.class = null
	sasl.login.class = null
	sasl.login.connect.timeout.ms = null
	sasl.login.read.timeout.ms = null
	sasl.login.refresh.buffer.seconds = 300
	sasl.login.refresh.min.period.seconds = 60
	sasl.login.refresh.window.factor = 0.8
	sasl.login.refresh.window.jitter = 0.05
	sasl.login.retry.backoff.max.ms = 10000
	sasl.login.retry.backoff.ms = 100
	sasl.mechanism.controller.protocol = GSSAPI
	sasl.mechanism.inter.broker.protocol = GSSAPI
	sasl.oauthbearer.clock.skew.seconds = 30
	sasl.oauthbearer.expected.audience = null
	sasl.oauthbearer.expected.issuer = null
	sasl.oauthbearer.jwks.endpoint.refresh.ms = 3600000
	sasl.oauthbearer.jwks.endpoint.retry.backoff.max.ms = 10000
	sasl.oauthbearer.jwks.endpoint.retry.backoff.ms = 100
	sasl.oauthbearer.jwks.endpoint.url = null
	sasl.oauthbearer.scope.claim.name = scope
	sasl.oauthbearer.sub.claim.name = sub
	sasl.oauthbearer.token.endpoint.url = null
	sasl.server.callback.handler.class = null
	sasl.server.max.receive.size = 524288
	security.inter.broker.protocol = PLAINTEXT
	security.providers = null
	server.max.startup.time.ms = 600000
	socket.connection.setup.timeout.max.ms = 30000
	socket.connection.setup.timeout.ms = 10000
	socket.listen.backlog.size = 50
	socket.receive.buffer.bytes = 102400
	socket.request.max.bytes = 104857600
	socket.send.buffer.bytes = 102400
	ssl.cipher.suites = []
	ssl.client.auth = none
	ssl.enabled.protocols = [TLSv1.2, TLSv1.3]
	ssl.endpoint.identification.algorithm = https
	ssl.engine.factory.class = null
	ssl.key.password = null
	ssl.keymanager.algorithm = SunX509
	ssl.keystore.certificate.chain = null
	ssl.keystore.key = null
	ssl.keystore.location = null
	ssl.keystore.password = null
	ssl.keystore.type = JKS
	ssl.principal.mapping.rules = DEFAULT
	ssl.protocol = TLSv1.3
	ssl.provider = null
	ssl.secure.random.implementation = null
	ssl.trustmanager.algorithm = PKIX
	ssl.truststore.certificates = null
	ssl.truststore.location = null
	ssl.truststore.password = null
	ssl.truststore.type = JKS
	transaction.abort.timed.out.transaction.cleanup.interval.ms = 10000
	transaction.max.timeout.ms = 900000
	transaction.partition.verification.enable = true
	transaction.remove.expired.transaction.cleanup.interval.ms = 3600000
	transaction.state.log.load.buffer.size = 5242880
	transaction.state.log.min.isr = 2
	transaction.state.log.num.partitions = 50
	transaction.state.log.replication.factor = 3
	transaction.state.log.segment.bytes = 104857600
	transactional.id.expiration.ms = 604800000
	unclean.leader.election.enable = false
	unstable.api.versions.enable = false
	zookeeper.clientCnxnSocket = null
	zookeeper.connect = null
	zookeeper.connection.timeout.ms = null
	zookeeper.max.in.flight.requests = 10
	zookeeper.metadata.migration.enable = false
	zookeeper.metadata.migration.min.batch.size = 200
	zookeeper.session.timeout.ms = 18000
	zookeeper.set.acl = false
	zookeeper.ssl.cipher.suites = null
	zookeeper.ssl.client.enable = false
	zookeeper.ssl.crl.enable = false
	zookeeper.ssl.enabled.protocols = null
	zookeeper.ssl.endpoint.identification.algorithm = HTTPS
	zookeeper.ssl.keystore.location = null
	zookeeper.ssl.keystore.password = null
	zookeeper.ssl.keystore.type = null
	zookeeper.ssl.ocsp.enable = false
	zookeeper.ssl.protocol = TLSv1.2
	zookeeper.ssl.truststore.location = null
	zookeeper.ssl.truststore.password = null
	zookeeper.ssl.truststore.type = null

2026-03-31T21:08:53.390-04:00  INFO 384 --- [mobobs-worker] [channel-manager] kafka.server.BrokerLifecycleManager      : [BrokerLifecycleManager id=0] The broker is in RECOVERY.
2026-03-31T21:08:53.424-04:00  INFO 384 --- [mobobs-worker] [-kit-executor-3] kafka.server.BrokerServer                : [BrokerServer id=0] Waiting for the broker to be unfenced
2026-03-31T21:08:53.427-04:00  INFO 384 --- [mobobs-worker] [0-event-handler] o.a.k.controller.BrokerHeartbeatManager  : [QuorumController id=0] The request from broker 0 to unfence has been granted because it has caught up with the offset of its register broker record 6.
2026-03-31T21:08:53.443-04:00  INFO 384 --- [mobobs-worker] [0-event-handler] o.a.k.controller.ClusterControlManager   : [QuorumController id=0] Replayed BrokerRegistrationChangeRecord modifying the registration for broker 0: BrokerRegistrationChangeRecord(brokerId=0, brokerEpoch=6, fenced=-1, inControlledShutdown=0)
2026-03-31T21:08:53.478-04:00  INFO 384 --- [mobobs-worker] [channel-manager] kafka.server.BrokerLifecycleManager      : [BrokerLifecycleManager id=0] The broker has been unfenced. Transitioning from RECOVERY to RUNNING.
2026-03-31T21:08:53.478-04:00  INFO 384 --- [mobobs-worker] [-kit-executor-3] kafka.server.BrokerServer                : [BrokerServer id=0] Finished waiting for the broker to be unfenced
2026-03-31T21:08:53.480-04:00  INFO 384 --- [mobobs-worker] [-kit-executor-3] o.a.k.s.network.EndpointReadyFutures     : authorizerStart completed for endpoint EXTERNAL. Endpoint is now READY.
2026-03-31T21:08:53.482-04:00  INFO 384 --- [mobobs-worker] [-kit-executor-3] kafka.network.SocketServer               : [SocketServer listenerType=BROKER, nodeId=0] Enabling request processing.
2026-03-31T21:08:53.484-04:00  INFO 384 --- [mobobs-worker] [-kit-executor-3] kafka.server.BrokerServer                : [BrokerServer id=0] Waiting for all of the authorizer futures to be completed
2026-03-31T21:08:53.484-04:00  INFO 384 --- [mobobs-worker] [-kit-executor-3] kafka.server.BrokerServer                : [BrokerServer id=0] Finished waiting for all of the authorizer futures to be completed
2026-03-31T21:08:53.484-04:00  INFO 384 --- [mobobs-worker] [-kit-executor-3] kafka.server.BrokerServer                : [BrokerServer id=0] Waiting for all of the SocketServer Acceptors to be started
2026-03-31T21:08:53.484-04:00  INFO 384 --- [mobobs-worker] [-kit-executor-3] kafka.server.BrokerServer                : [BrokerServer id=0] Finished waiting for all of the SocketServer Acceptors to be started
2026-03-31T21:08:53.484-04:00  INFO 384 --- [mobobs-worker] [-kit-executor-3] kafka.server.BrokerServer                : [BrokerServer id=0] Transition from STARTING to STARTED
2026-03-31T21:08:53.503-04:00  INFO 384 --- [mobobs-worker] [    Test worker] o.a.k.clients.admin.AdminClientConfig    : AdminClientConfig values: 
	auto.include.jmx.reporter = true
	bootstrap.servers = [localhost:49650]
	client.dns.lookup = use_all_dns_ips
	client.id = 
	connections.max.idle.ms = 300000
	default.api.timeout.ms = 60000
	metadata.max.age.ms = 300000
	metric.reporters = []
	metrics.num.samples = 2
	metrics.recording.level = INFO
	metrics.sample.window.ms = 30000
	receive.buffer.bytes = 65536
	reconnect.backoff.max.ms = 1000
	reconnect.backoff.ms = 50
	request.timeout.ms = 30000
	retries = 2147483647
	retry.backoff.ms = 100
	sasl.client.callback.handler.class = null
	sasl.jaas.config = null
	sasl.kerberos.kinit.cmd = /usr/bin/kinit
	sasl.kerberos.min.time.before.relogin = 60000
	sasl.kerberos.service.name = null
	sasl.kerberos.ticket.renew.jitter = 0.05
	sasl.kerberos.ticket.renew.window.factor = 0.8
	sasl.login.callback.handler.class = null
	sasl.login.class = null
	sasl.login.connect.timeout.ms = null
	sasl.login.read.timeout.ms = null
	sasl.login.refresh.buffer.seconds = 300
	sasl.login.refresh.min.period.seconds = 60
	sasl.login.refresh.window.factor = 0.8
	sasl.login.refresh.window.jitter = 0.05
	sasl.login.retry.backoff.max.ms = 10000
	sasl.login.retry.backoff.ms = 100
	sasl.mechanism = GSSAPI
	sasl.oauthbearer.clock.skew.seconds = 30
	sasl.oauthbearer.expected.audience = null
	sasl.oauthbearer.expected.issuer = null
	sasl.oauthbearer.jwks.endpoint.refresh.ms = 3600000
	sasl.oauthbearer.jwks.endpoint.retry.backoff.max.ms = 10000
	sasl.oauthbearer.jwks.endpoint.retry.backoff.ms = 100
	sasl.oauthbearer.jwks.endpoint.url = null
	sasl.oauthbearer.scope.claim.name = scope
	sasl.oauthbearer.sub.claim.name = sub
	sasl.oauthbearer.token.endpoint.url = null
	security.protocol = PLAINTEXT
	security.providers = null
	send.buffer.bytes = 131072
	socket.connection.setup.timeout.max.ms = 30000
	socket.connection.setup.timeout.ms = 10000
	ssl.cipher.suites = null
	ssl.enabled.protocols = [TLSv1.2, TLSv1.3]
	ssl.endpoint.identification.algorithm = https
	ssl.engine.factory.class = null
	ssl.key.password = null
	ssl.keymanager.algorithm = SunX509
	ssl.keystore.certificate.chain = null
	ssl.keystore.key = null
	ssl.keystore.location = null
	ssl.keystore.password = null
	ssl.keystore.type = JKS
	ssl.protocol = TLSv1.3
	ssl.provider = null
	ssl.secure.random.implementation = null
	ssl.trustmanager.algorithm = PKIX
	ssl.truststore.certificates = null
	ssl.truststore.location = null
	ssl.truststore.password = null
	ssl.truststore.type = JKS

2026-03-31T21:08:53.537-04:00  INFO 384 --- [mobobs-worker] [    Test worker] o.a.kafka.common.utils.AppInfoParser     : Kafka version: 3.6.2
2026-03-31T21:08:53.539-04:00  INFO 384 --- [mobobs-worker] [    Test worker] o.a.kafka.common.utils.AppInfoParser     : Kafka commitId: c4deed513057c94e
2026-03-31T21:08:53.540-04:00  INFO 384 --- [mobobs-worker] [    Test worker] o.a.kafka.common.utils.AppInfoParser     : Kafka startTimeMs: 1775005733536
2026-03-31T21:08:53.650-04:00  INFO 384 --- [mobobs-worker] [0-event-handler] o.a.k.c.ReplicationControlManager        : [QuorumController id=0] CreateTopics result(s): CreatableTopic(name='mobile.api.raw', numPartitions=1, replicationFactor=1, assignments=[], configs=[]): SUCCESS, CreatableTopic(name='mobile.events.dlq', numPartitions=1, replicationFactor=1, assignments=[], configs=[]): SUCCESS, CreatableTopic(name='mobile.events.raw', numPartitions=1, replicationFactor=1, assignments=[], configs=[]): SUCCESS, CreatableTopic(name='mobile.errors.raw', numPartitions=1, replicationFactor=1, assignments=[], configs=[]): SUCCESS
2026-03-31T21:08:53.651-04:00  INFO 384 --- [mobobs-worker] [0-event-handler] o.a.k.c.ReplicationControlManager        : [QuorumController id=0] Replayed TopicRecord for topic mobile.api.raw with topic ID Ph7L0i-BR42hPLyuY4n9Wg.
2026-03-31T21:08:53.654-04:00  INFO 384 --- [mobobs-worker] [0-event-handler] o.a.k.c.ReplicationControlManager        : [QuorumController id=0] Replayed PartitionRecord for new partition mobile.api.raw-0 with topic ID Ph7L0i-BR42hPLyuY4n9Wg and PartitionRegistration(replicas=[0], isr=[0], removingReplicas=[], addingReplicas=[], leader=0, leaderRecoveryState=RECOVERED, leaderEpoch=0, partitionEpoch=0).
2026-03-31T21:08:53.657-04:00  INFO 384 --- [mobobs-worker] [0-event-handler] o.a.k.c.ReplicationControlManager        : [QuorumController id=0] Replayed TopicRecord for topic mobile.events.dlq with topic ID rbn-5DHFSZuTd5HyhdrvaQ.
2026-03-31T21:08:53.657-04:00  INFO 384 --- [mobobs-worker] [0-event-handler] o.a.k.c.ReplicationControlManager        : [QuorumController id=0] Replayed PartitionRecord for new partition mobile.events.dlq-0 with topic ID rbn-5DHFSZuTd5HyhdrvaQ and PartitionRegistration(replicas=[0], isr=[0], removingReplicas=[], addingReplicas=[], leader=0, leaderRecoveryState=RECOVERED, leaderEpoch=0, partitionEpoch=0).
2026-03-31T21:08:53.658-04:00  INFO 384 --- [mobobs-worker] [0-event-handler] o.a.k.c.ReplicationControlManager        : [QuorumController id=0] Replayed TopicRecord for topic mobile.events.raw with topic ID o5MsUYHBRwORj6ZCT6cdqQ.
2026-03-31T21:08:53.658-04:00  INFO 384 --- [mobobs-worker] [0-event-handler] o.a.k.c.ReplicationControlManager        : [QuorumController id=0] Replayed PartitionRecord for new partition mobile.events.raw-0 with topic ID o5MsUYHBRwORj6ZCT6cdqQ and PartitionRegistration(replicas=[0], isr=[0], removingReplicas=[], addingReplicas=[], leader=0, leaderRecoveryState=RECOVERED, leaderEpoch=0, partitionEpoch=0).
2026-03-31T21:08:53.658-04:00  INFO 384 --- [mobobs-worker] [0-event-handler] o.a.k.c.ReplicationControlManager        : [QuorumController id=0] Replayed TopicRecord for topic mobile.errors.raw with topic ID B5Hs60e_Ra6zMLvEcvD5Cg.
2026-03-31T21:08:53.658-04:00  INFO 384 --- [mobobs-worker] [0-event-handler] o.a.k.c.ReplicationControlManager        : [QuorumController id=0] Replayed PartitionRecord for new partition mobile.errors.raw-0 with topic ID B5Hs60e_Ra6zMLvEcvD5Cg and PartitionRegistration(replicas=[0], isr=[0], removingReplicas=[], addingReplicas=[], leader=0, leaderRecoveryState=RECOVERED, leaderEpoch=0, partitionEpoch=0).
2026-03-31T21:08:53.695-04:00  INFO 384 --- [mobobs-worker] [r-event-handler] state.change.logger                      : [Broker id=0] Transitioning 4 partition(s) to local leaders.
2026-03-31T21:08:53.700-04:00  INFO 384 --- [mobobs-worker] [r-event-handler] kafka.server.ReplicaFetcherManager       : [ReplicaFetcherManager on broker 0] Removed fetcher for partitions Set(mobile.api.raw-0, mobile.events.raw-0, mobile.errors.raw-0, mobile.events.dlq-0)
2026-03-31T21:08:53.704-04:00  INFO 384 --- [mobobs-worker] [r-event-handler] state.change.logger                      : [Broker id=0] Creating new partition mobile.api.raw-0 with topic id Ph7L0i-BR42hPLyuY4n9Wg.
2026-03-31T21:08:53.711-04:00  INFO 384 --- [mobobs-worker] [| adminclient-1] o.a.kafka.common.utils.AppInfoParser     : App info kafka.admin.client for adminclient-1 unregistered
2026-03-31T21:08:53.719-04:00  INFO 384 --- [mobobs-worker] [| adminclient-1] o.apache.kafka.common.metrics.Metrics    : Metrics scheduler closed
2026-03-31T21:08:53.720-04:00  INFO 384 --- [mobobs-worker] [| adminclient-1] o.apache.kafka.common.metrics.Metrics    : Closing reporter org.apache.kafka.common.metrics.JmxReporter
2026-03-31T21:08:53.723-04:00  INFO 384 --- [mobobs-worker] [| adminclient-1] o.apache.kafka.common.metrics.Metrics    : Metrics reporters closed
2026-03-31T21:08:53.779-04:00  INFO 384 --- [mobobs-worker] [r-event-handler] kafka.log.UnifiedLog$                    : [LogLoader partition=mobile.api.raw-0, dir=/var/folders/4v/kvzvhsf533vf84l8k0k07m_00000gn/T/kafka-16642367645514015940/broker_0_data0] Loading producer state till offset 0 with message format version 2
2026-03-31T21:08:53.817-04:00  INFO 384 --- [mobobs-worker] [r-event-handler] kafka.log.LogManager                     : Created log for partition mobile.api.raw-0 in /var/folders/4v/kvzvhsf533vf84l8k0k07m_00000gn/T/kafka-16642367645514015940/broker_0_data0/mobile.api.raw-0 with properties {}
2026-03-31T21:08:53.834-04:00  INFO 384 --- [mobobs-worker] [r-event-handler] kafka.cluster.Partition                  : [Partition mobile.api.raw-0 broker=0] No checkpointed highwatermark is found for partition mobile.api.raw-0
2026-03-31T21:08:53.845-04:00  INFO 384 --- [mobobs-worker] [r-event-handler] kafka.cluster.Partition                  : [Partition mobile.api.raw-0 broker=0] Log loaded for partition mobile.api.raw-0 with initial high watermark 0
2026-03-31T21:08:53.858-04:00  INFO 384 --- [mobobs-worker] [    Test worker] c.m.worker.consumers.EventsConsumerTest  : Starting EventsConsumerTest using Java 17.0.10 with PID 384 (started by vaishvikmaisuria in /Users/vaishvikmaisuria/Desktop/MaizLogger/apps/worker)
2026-03-31T21:08:53.860-04:00  INFO 384 --- [mobobs-worker] [r-event-handler] state.change.logger                      : [Broker id=0] Leader mobile.api.raw-0 with topic id Some(Ph7L0i-BR42hPLyuY4n9Wg) starts at leader epoch 0 from offset 0 with partition epoch 0, high watermark 0, ISR [0], adding replicas [] and removing replicas [] . Previous leader None and previous leader epoch was -1.
2026-03-31T21:08:53.864-04:00  INFO 384 --- [mobobs-worker] [    Test worker] c.m.worker.consumers.EventsConsumerTest  : The following 1 profile is active: "test"
2026-03-31T21:08:53.883-04:00  INFO 384 --- [mobobs-worker] [r-event-handler] state.change.logger                      : [Broker id=0] Creating new partition mobile.events.raw-0 with topic id o5MsUYHBRwORj6ZCT6cdqQ.
2026-03-31T21:08:53.901-04:00  INFO 384 --- [mobobs-worker] [r-event-handler] kafka.log.UnifiedLog$                    : [LogLoader partition=mobile.events.raw-0, dir=/var/folders/4v/kvzvhsf533vf84l8k0k07m_00000gn/T/kafka-16642367645514015940/broker_0_data0] Loading producer state till offset 0 with message format version 2
2026-03-31T21:08:53.908-04:00  INFO 384 --- [mobobs-worker] [r-event-handler] kafka.log.LogManager                     : Created log for partition mobile.events.raw-0 in /var/folders/4v/kvzvhsf533vf84l8k0k07m_00000gn/T/kafka-16642367645514015940/broker_0_data0/mobile.events.raw-0 with properties {}
2026-03-31T21:08:53.909-04:00  INFO 384 --- [mobobs-worker] [r-event-handler] kafka.cluster.Partition                  : [Partition mobile.events.raw-0 broker=0] No checkpointed highwatermark is found for partition mobile.events.raw-0
2026-03-31T21:08:53.910-04:00  INFO 384 --- [mobobs-worker] [r-event-handler] kafka.cluster.Partition                  : [Partition mobile.events.raw-0 broker=0] Log loaded for partition mobile.events.raw-0 with initial high watermark 0
2026-03-31T21:08:53.910-04:00  INFO 384 --- [mobobs-worker] [r-event-handler] state.change.logger                      : [Broker id=0] Leader mobile.events.raw-0 with topic id Some(o5MsUYHBRwORj6ZCT6cdqQ) starts at leader epoch 0 from offset 0 with partition epoch 0, high watermark 0, ISR [0], adding replicas [] and removing replicas [] . Previous leader None and previous leader epoch was -1.
2026-03-31T21:08:53.917-04:00  INFO 384 --- [mobobs-worker] [r-event-handler] state.change.logger                      : [Broker id=0] Creating new partition mobile.errors.raw-0 with topic id B5Hs60e_Ra6zMLvEcvD5Cg.
2026-03-31T21:08:53.927-04:00  INFO 384 --- [mobobs-worker] [r-event-handler] kafka.log.UnifiedLog$                    : [LogLoader partition=mobile.errors.raw-0, dir=/var/folders/4v/kvzvhsf533vf84l8k0k07m_00000gn/T/kafka-16642367645514015940/broker_0_data0] Loading producer state till offset 0 with message format version 2
2026-03-31T21:08:53.930-04:00  INFO 384 --- [mobobs-worker] [r-event-handler] kafka.log.LogManager                     : Created log for partition mobile.errors.raw-0 in /var/folders/4v/kvzvhsf533vf84l8k0k07m_00000gn/T/kafka-16642367645514015940/broker_0_data0/mobile.errors.raw-0 with properties {}
2026-03-31T21:08:53.930-04:00  INFO 384 --- [mobobs-worker] [r-event-handler] kafka.cluster.Partition                  : [Partition mobile.errors.raw-0 broker=0] No checkpointed highwatermark is found for partition mobile.errors.raw-0
2026-03-31T21:08:53.930-04:00  INFO 384 --- [mobobs-worker] [r-event-handler] kafka.cluster.Partition                  : [Partition mobile.errors.raw-0 broker=0] Log loaded for partition mobile.errors.raw-0 with initial high watermark 0
2026-03-31T21:08:53.931-04:00  INFO 384 --- [mobobs-worker] [r-event-handler] state.change.logger                      : [Broker id=0] Leader mobile.errors.raw-0 with topic id Some(B5Hs60e_Ra6zMLvEcvD5Cg) starts at leader epoch 0 from offset 0 with partition epoch 0, high watermark 0, ISR [0], adding replicas [] and removing replicas [] . Previous leader None and previous leader epoch was -1.
2026-03-31T21:08:53.941-04:00  INFO 384 --- [mobobs-worker] [r-event-handler] state.change.logger                      : [Broker id=0] Creating new partition mobile.events.dlq-0 with topic id rbn-5DHFSZuTd5HyhdrvaQ.
2026-03-31T21:08:53.970-04:00  INFO 384 --- [mobobs-worker] [r-event-handler] kafka.log.UnifiedLog$                    : [LogLoader partition=mobile.events.dlq-0, dir=/var/folders/4v/kvzvhsf533vf84l8k0k07m_00000gn/T/kafka-16642367645514015940/broker_0_data0] Loading producer state till offset 0 with message format version 2
2026-03-31T21:08:53.984-04:00  INFO 384 --- [mobobs-worker] [r-event-handler] kafka.log.LogManager                     : Created log for partition mobile.events.dlq-0 in /var/folders/4v/kvzvhsf533vf84l8k0k07m_00000gn/T/kafka-16642367645514015940/broker_0_data0/mobile.events.dlq-0 with properties {}
2026-03-31T21:08:53.987-04:00  INFO 384 --- [mobobs-worker] [r-event-handler] kafka.cluster.Partition                  : [Partition mobile.events.dlq-0 broker=0] No checkpointed highwatermark is found for partition mobile.events.dlq-0
2026-03-31T21:08:53.989-04:00  INFO 384 --- [mobobs-worker] [r-event-handler] kafka.cluster.Partition                  : [Partition mobile.events.dlq-0 broker=0] Log loaded for partition mobile.events.dlq-0 with initial high watermark 0
2026-03-31T21:08:53.990-04:00  INFO 384 --- [mobobs-worker] [r-event-handler] state.change.logger                      : [Broker id=0] Leader mobile.events.dlq-0 with topic id Some(rbn-5DHFSZuTd5HyhdrvaQ) starts at leader epoch 0 from offset 0 with partition epoch 0, high watermark 0, ISR [0], adding replicas [] and removing replicas [] . Previous leader None and previous leader epoch was -1.
2026-03-31T21:09:01.791-04:00  INFO 384 --- [mobobs-worker] [    Test worker] o.a.k.clients.consumer.ConsumerConfig    : ConsumerConfig values: 
	allow.auto.create.topics = true
	auto.commit.interval.ms = 5000
	auto.include.jmx.reporter = true
	auto.offset.reset = earliest
	bootstrap.servers = [localhost:49650]
	check.crcs = true
	client.dns.lookup = use_all_dns_ips
	client.id = consumer-worker-events-group-1
	client.rack = 
	connections.max.idle.ms = 540000
	default.api.timeout.ms = 60000
	enable.auto.commit = false
	exclude.internal.topics = true
	fetch.max.bytes = 52428800
	fetch.max.wait.ms = 500
	fetch.min.bytes = 1
	group.id = worker-events-group
	group.instance.id = null
	heartbeat.interval.ms = 3000
	interceptor.classes = []
	internal.leave.group.on.close = true
	internal.throw.on.fetch.stable.offset.unsupported = false
	isolation.level = read_uncommitted
	key.deserializer = class org.apache.kafka.common.serialization.StringDeserializer
	max.partition.fetch.bytes = 1048576
	max.poll.interval.ms = 300000
	max.poll.records = 500
	metadata.max.age.ms = 300000
	metric.reporters = []
	metrics.num.samples = 2
	metrics.recording.level = INFO
	metrics.sample.window.ms = 30000
	partition.assignment.strategy = [class org.apache.kafka.clients.consumer.RangeAssignor, class org.apache.kafka.clients.consumer.CooperativeStickyAssignor]
	receive.buffer.bytes = 65536
	reconnect.backoff.max.ms = 1000
	reconnect.backoff.ms = 50
	request.timeout.ms = 30000
	retry.backoff.ms = 100
	sasl.client.callback.handler.class = null
	sasl.jaas.config = null
	sasl.kerberos.kinit.cmd = /usr/bin/kinit
	sasl.kerberos.min.time.before.relogin = 60000
	sasl.kerberos.service.name = null
	sasl.kerberos.ticket.renew.jitter = 0.05
	sasl.kerberos.ticket.renew.window.factor = 0.8
	sasl.login.callback.handler.class = null
	sasl.login.class = null
	sasl.login.connect.timeout.ms = null
	sasl.login.read.timeout.ms = null
	sasl.login.refresh.buffer.seconds = 300
	sasl.login.refresh.min.period.seconds = 60
	sasl.login.refresh.window.factor = 0.8
	sasl.login.refresh.window.jitter = 0.05
	sasl.login.retry.backoff.max.ms = 10000
	sasl.login.retry.backoff.ms = 100
	sasl.mechanism = GSSAPI
	sasl.oauthbearer.clock.skew.seconds = 30
	sasl.oauthbearer.expected.audience = null
	sasl.oauthbearer.expected.issuer = null
	sasl.oauthbearer.jwks.endpoint.refresh.ms = 3600000
	sasl.oauthbearer.jwks.endpoint.retry.backoff.max.ms = 10000
	sasl.oauthbearer.jwks.endpoint.retry.backoff.ms = 100
	sasl.oauthbearer.jwks.endpoint.url = null
	sasl.oauthbearer.scope.claim.name = scope
	sasl.oauthbearer.sub.claim.name = sub
	sasl.oauthbearer.token.endpoint.url = null
	security.protocol = PLAINTEXT
	security.providers = null
	send.buffer.bytes = 131072
	session.timeout.ms = 45000
	socket.connection.setup.timeout.max.ms = 30000
	socket.connection.setup.timeout.ms = 10000
	ssl.cipher.suites = null
	ssl.enabled.protocols = [TLSv1.2, TLSv1.3]
	ssl.endpoint.identification.algorithm = https
	ssl.engine.factory.class = null
	ssl.key.password = null
	ssl.keymanager.algorithm = SunX509
	ssl.keystore.certificate.chain = null
	ssl.keystore.key = null
	ssl.keystore.location = null
	ssl.keystore.password = null
	ssl.keystore.type = JKS
	ssl.protocol = TLSv1.3
	ssl.provider = null
	ssl.secure.random.implementation = null
	ssl.trustmanager.algorithm = PKIX
	ssl.truststore.certificates = null
	ssl.truststore.location = null
	ssl.truststore.password = null
	ssl.truststore.type = JKS
	value.deserializer = class org.springframework.kafka.support.serializer.JsonDeserializer

2026-03-31T21:09:03.060-04:00  INFO 384 --- [mobobs-worker] [    Test worker] o.a.kafka.common.utils.AppInfoParser     : Kafka version: 3.6.2
2026-03-31T21:09:03.075-04:00  INFO 384 --- [mobobs-worker] [    Test worker] o.a.kafka.common.utils.AppInfoParser     : Kafka commitId: c4deed513057c94e
2026-03-31T21:09:03.088-04:00  INFO 384 --- [mobobs-worker] [    Test worker] o.a.kafka.common.utils.AppInfoParser     : Kafka startTimeMs: 1775005743053
2026-03-31T21:09:03.111-04:00  INFO 384 --- [mobobs-worker] [    Test worker] fkaConsumerFactory$ExtendedKafkaConsumer : [Consumer clientId=consumer-worker-events-group-1, groupId=worker-events-group] Subscribed to topic(s): mobile.events.raw
2026-03-31T21:09:03.180-04:00  INFO 384 --- [mobobs-worker] [    Test worker] o.a.k.clients.consumer.ConsumerConfig    : ConsumerConfig values: 
	allow.auto.create.topics = true
	auto.commit.interval.ms = 5000
	auto.include.jmx.reporter = true
	auto.offset.reset = earliest
	bootstrap.servers = [localhost:49650]
	check.crcs = true
	client.dns.lookup = use_all_dns_ips
	client.id = consumer-worker-api-group-2
	client.rack = 
	connections.max.idle.ms = 540000
	default.api.timeout.ms = 60000
	enable.auto.commit = false
	exclude.internal.topics = true
	fetch.max.bytes = 52428800
	fetch.max.wait.ms = 500
	fetch.min.bytes = 1
	group.id = worker-api-group
	group.instance.id = null
	heartbeat.interval.ms = 3000
	interceptor.classes = []
	internal.leave.group.on.close = true
	internal.throw.on.fetch.stable.offset.unsupported = false
	isolation.level = read_uncommitted
	key.deserializer = class org.apache.kafka.common.serialization.StringDeserializer
	max.partition.fetch.bytes = 1048576
	max.poll.interval.ms = 300000
	max.poll.records = 500
	metadata.max.age.ms = 300000
	metric.reporters = []
	metrics.num.samples = 2
	metrics.recording.level = INFO
	metrics.sample.window.ms = 30000
	partition.assignment.strategy = [class org.apache.kafka.clients.consumer.RangeAssignor, class org.apache.kafka.clients.consumer.CooperativeStickyAssignor]
	receive.buffer.bytes = 65536
	reconnect.backoff.max.ms = 1000
	reconnect.backoff.ms = 50
	request.timeout.ms = 30000
	retry.backoff.ms = 100
	sasl.client.callback.handler.class = null
	sasl.jaas.config = null
	sasl.kerberos.kinit.cmd = /usr/bin/kinit
	sasl.kerberos.min.time.before.relogin = 60000
	sasl.kerberos.service.name = null
	sasl.kerberos.ticket.renew.jitter = 0.05
	sasl.kerberos.ticket.renew.window.factor = 0.8
	sasl.login.callback.handler.class = null
	sasl.login.class = null
	sasl.login.connect.timeout.ms = null
	sasl.login.read.timeout.ms = null
	sasl.login.refresh.buffer.seconds = 300
	sasl.login.refresh.min.period.seconds = 60
	sasl.login.refresh.window.factor = 0.8
	sasl.login.refresh.window.jitter = 0.05
	sasl.login.retry.backoff.max.ms = 10000
	sasl.login.retry.backoff.ms = 100
	sasl.mechanism = GSSAPI
	sasl.oauthbearer.clock.skew.seconds = 30
	sasl.oauthbearer.expected.audience = null
	sasl.oauthbearer.expected.issuer = null
	sasl.oauthbearer.jwks.endpoint.refresh.ms = 3600000
	sasl.oauthbearer.jwks.endpoint.retry.backoff.max.ms = 10000
	sasl.oauthbearer.jwks.endpoint.retry.backoff.ms = 100
	sasl.oauthbearer.jwks.endpoint.url = null
	sasl.oauthbearer.scope.claim.name = scope
	sasl.oauthbearer.sub.claim.name = sub
	sasl.oauthbearer.token.endpoint.url = null
	security.protocol = PLAINTEXT
	security.providers = null
	send.buffer.bytes = 131072
	session.timeout.ms = 45000
	socket.connection.setup.timeout.max.ms = 30000
	socket.connection.setup.timeout.ms = 10000
	ssl.cipher.suites = null
	ssl.enabled.protocols = [TLSv1.2, TLSv1.3]
	ssl.endpoint.identification.algorithm = https
	ssl.engine.factory.class = null
	ssl.key.password = null
	ssl.keymanager.algorithm = SunX509
	ssl.keystore.certificate.chain = null
	ssl.keystore.key = null
	ssl.keystore.location = null
	ssl.keystore.password = null
	ssl.keystore.type = JKS
	ssl.protocol = TLSv1.3
	ssl.provider = null
	ssl.secure.random.implementation = null
	ssl.trustmanager.algorithm = PKIX
	ssl.truststore.certificates = null
	ssl.truststore.location = null
	ssl.truststore.password = null
	ssl.truststore.type = JKS
	value.deserializer = class org.springframework.kafka.support.serializer.JsonDeserializer

2026-03-31T21:09:03.330-04:00  INFO 384 --- [mobobs-worker] [    Test worker] o.a.kafka.common.utils.AppInfoParser     : Kafka version: 3.6.2
2026-03-31T21:09:03.332-04:00  INFO 384 --- [mobobs-worker] [    Test worker] o.a.kafka.common.utils.AppInfoParser     : Kafka commitId: c4deed513057c94e
2026-03-31T21:09:03.334-04:00  INFO 384 --- [mobobs-worker] [    Test worker] o.a.kafka.common.utils.AppInfoParser     : Kafka startTimeMs: 1775005743329
2026-03-31T21:09:03.349-04:00  INFO 384 --- [mobobs-worker] [    Test worker] fkaConsumerFactory$ExtendedKafkaConsumer : [Consumer clientId=consumer-worker-api-group-2, groupId=worker-api-group] Subscribed to topic(s): mobile.api.raw
2026-03-31T21:09:03.398-04:00  INFO 384 --- [mobobs-worker] [    Test worker] o.a.k.clients.consumer.ConsumerConfig    : ConsumerConfig values: 
	allow.auto.create.topics = true
	auto.commit.interval.ms = 5000
	auto.include.jmx.reporter = true
	auto.offset.reset = earliest
	bootstrap.servers = [localhost:49650]
	check.crcs = true
	client.dns.lookup = use_all_dns_ips
	client.id = consumer-worker-errors-group-3
	client.rack = 
	connections.max.idle.ms = 540000
	default.api.timeout.ms = 60000
	enable.auto.commit = false
	exclude.internal.topics = true
	fetch.max.bytes = 52428800
	fetch.max.wait.ms = 500
	fetch.min.bytes = 1
	group.id = worker-errors-group
	group.instance.id = null
	heartbeat.interval.ms = 3000
	interceptor.classes = []
	internal.leave.group.on.close = true
	internal.throw.on.fetch.stable.offset.unsupported = false
	isolation.level = read_uncommitted
	key.deserializer = class org.apache.kafka.common.serialization.StringDeserializer
	max.partition.fetch.bytes = 1048576
	max.poll.interval.ms = 300000
	max.poll.records = 500
	metadata.max.age.ms = 300000
	metric.reporters = []
	metrics.num.samples = 2
	metrics.recording.level = INFO
	metrics.sample.window.ms = 30000
	partition.assignment.strategy = [class org.apache.kafka.clients.consumer.RangeAssignor, class org.apache.kafka.clients.consumer.CooperativeStickyAssignor]
	receive.buffer.bytes = 65536
	reconnect.backoff.max.ms = 1000
	reconnect.backoff.ms = 50
	request.timeout.ms = 30000
	retry.backoff.ms = 100
	sasl.client.callback.handler.class = null
	sasl.jaas.config = null
	sasl.kerberos.kinit.cmd = /usr/bin/kinit
	sasl.kerberos.min.time.before.relogin = 60000
	sasl.kerberos.service.name = null
	sasl.kerberos.ticket.renew.jitter = 0.05
	sasl.kerberos.ticket.renew.window.factor = 0.8
	sasl.login.callback.handler.class = null
	sasl.login.class = null
	sasl.login.connect.timeout.ms = null
	sasl.login.read.timeout.ms = null
	sasl.login.refresh.buffer.seconds = 300
	sasl.login.refresh.min.period.seconds = 60
	sasl.login.refresh.window.factor = 0.8
	sasl.login.refresh.window.jitter = 0.05
	sasl.login.retry.backoff.max.ms = 10000
	sasl.login.retry.backoff.ms = 100
	sasl.mechanism = GSSAPI
	sasl.oauthbearer.clock.skew.seconds = 30
	sasl.oauthbearer.expected.audience = null
	sasl.oauthbearer.expected.issuer = null
	sasl.oauthbearer.jwks.endpoint.refresh.ms = 3600000
	sasl.oauthbearer.jwks.endpoint.retry.backoff.max.ms = 10000
	sasl.oauthbearer.jwks.endpoint.retry.backoff.ms = 100
	sasl.oauthbearer.jwks.endpoint.url = null
	sasl.oauthbearer.scope.claim.name = scope
	sasl.oauthbearer.sub.claim.name = sub
	sasl.oauthbearer.token.endpoint.url = null
	security.protocol = PLAINTEXT
	security.providers = null
	send.buffer.bytes = 131072
	session.timeout.ms = 45000
	socket.connection.setup.timeout.max.ms = 30000
	socket.connection.setup.timeout.ms = 10000
	ssl.cipher.suites = null
	ssl.enabled.protocols = [TLSv1.2, TLSv1.3]
	ssl.endpoint.identification.algorithm = https
	ssl.engine.factory.class = null
	ssl.key.password = null
	ssl.keymanager.algorithm = SunX509
	ssl.keystore.certificate.chain = null
	ssl.keystore.key = null
	ssl.keystore.location = null
	ssl.keystore.password = null
	ssl.keystore.type = JKS
	ssl.protocol = TLSv1.3
	ssl.provider = null
	ssl.secure.random.implementation = null
	ssl.trustmanager.algorithm = PKIX
	ssl.truststore.certificates = null
	ssl.truststore.location = null
	ssl.truststore.password = null
	ssl.truststore.type = JKS
	value.deserializer = class org.springframework.kafka.support.serializer.JsonDeserializer

2026-03-31T21:09:03.883-04:00  INFO 384 --- [mobobs-worker] [ntainer#2-0-C-1] org.apache.kafka.clients.Metadata        : [Consumer clientId=consumer-worker-events-group-1, groupId=worker-events-group] Cluster ID: Vaz-MFSxTaK67i5zvbI3qQ
2026-03-31T21:09:03.883-04:00  INFO 384 --- [mobobs-worker] [ntainer#0-0-C-1] org.apache.kafka.clients.Metadata        : [Consumer clientId=consumer-worker-api-group-2, groupId=worker-api-group] Cluster ID: Vaz-MFSxTaK67i5zvbI3qQ
2026-03-31T21:09:03.895-04:00  INFO 384 --- [mobobs-worker] [quest-handler-7] k.s.DefaultAutoTopicCreationManager      : Sent auto-creation request for Set(__consumer_offsets) to the active controller.
2026-03-31T21:09:04.002-04:00  INFO 384 --- [mobobs-worker] [    Test worker] o.a.kafka.common.utils.AppInfoParser     : Kafka version: 3.6.2
2026-03-31T21:09:03.997-04:00  INFO 384 --- [mobobs-worker] [0-event-handler] o.a.k.c.ReplicationControlManager        : [QuorumController id=0] CreateTopics result(s): CreatableTopic(name='__consumer_offsets', numPartitions=50, replicationFactor=1, assignments=[], configs=[CreateableTopicConfig(name='compression.type', value='producer'), CreateableTopicConfig(name='cleanup.policy', value='compact'), CreateableTopicConfig(name='segment.bytes', value='104857600')]): SUCCESS
2026-03-31T21:09:04.012-04:00  INFO 384 --- [mobobs-worker] [    Test worker] o.a.kafka.common.utils.AppInfoParser     : Kafka commitId: c4deed513057c94e
2026-03-31T21:09:04.017-04:00  INFO 384 --- [mobobs-worker] [0-event-handler] o.a.k.c.ReplicationControlManager        : [QuorumController id=0] Replayed TopicRecord for topic __consumer_offsets with topic ID ZTpHQccJTVCUw_G3JK9nVQ.
2026-03-31T21:09:04.019-04:00  INFO 384 --- [mobobs-worker] [    Test worker] o.a.kafka.common.utils.AppInfoParser     : Kafka startTimeMs: 1775005744001
2026-03-31T21:09:04.024-04:00  INFO 384 --- [mobobs-worker] [0-event-handler] o.a.k.c.ConfigurationControlManager      : [QuorumController id=0] Replayed ConfigRecord for ConfigResource(type=TOPIC, name='__consumer_offsets') which set configuration compression.type to producer
2026-03-31T21:09:04.025-04:00  INFO 384 --- [mobobs-worker] [0-event-handler] o.a.k.c.ConfigurationControlManager      : [QuorumController id=0] Replayed ConfigRecord for ConfigResource(type=TOPIC, name='__consumer_offsets') which set configuration cleanup.policy to compact
2026-03-31T21:09:04.025-04:00  INFO 384 --- [mobobs-worker] [0-event-handler] o.a.k.c.ConfigurationControlManager      : [QuorumController id=0] Replayed ConfigRecord for ConfigResource(type=TOPIC, name='__consumer_offsets') which set configuration segment.bytes to 104857600
2026-03-31T21:09:04.026-04:00  INFO 384 --- [mobobs-worker] [0-event-handler] o.a.k.c.ReplicationControlManager        : [QuorumController id=0] Replayed PartitionRecord for new partition __consumer_offsets-0 with topic ID ZTpHQccJTVCUw_G3JK9nVQ and PartitionRegistration(replicas=[0], isr=[0], removingReplicas=[], addingReplicas=[], leader=0, leaderRecoveryState=RECOVERED, leaderEpoch=0, partitionEpoch=0).
2026-03-31T21:09:04.027-04:00  INFO 384 --- [mobobs-worker] [0-event-handler] o.a.k.c.ReplicationControlManager        : [QuorumController id=0] Replayed PartitionRecord for new partition __consumer_offsets-1 with topic ID ZTpHQccJTVCUw_G3JK9nVQ and PartitionRegistration(replicas=[0], isr=[0], removingReplicas=[], addingReplicas=[], leader=0, leaderRecoveryState=RECOVERED, leaderEpoch=0, partitionEpoch=0).
2026-03-31T21:09:04.029-04:00  INFO 384 --- [mobobs-worker] [0-event-handler] o.a.k.c.ReplicationControlManager        : [QuorumController id=0] Replayed PartitionRecord for new partition __consumer_offsets-2 with topic ID ZTpHQccJTVCUw_G3JK9nVQ and PartitionRegistration(replicas=[0], isr=[0], removingReplicas=[], addingReplicas=[], leader=0, leaderRecoveryState=RECOVERED, leaderEpoch=0, partitionEpoch=0).
2026-03-31T21:09:04.031-04:00  INFO 384 --- [mobobs-worker] [    Test worker] fkaConsumerFactory$ExtendedKafkaConsumer : [Consumer clientId=consumer-worker-errors-group-3, groupId=worker-errors-group] Subscribed to topic(s): mobile.errors.raw
2026-03-31T21:09:04.033-04:00  INFO 384 --- [mobobs-worker] [0-event-handler] o.a.k.c.ReplicationControlManager        : [QuorumController id=0] Replayed PartitionRecord for new partition __consumer_offsets-3 with topic ID ZTpHQccJTVCUw_G3JK9nVQ and PartitionRegistration(replicas=[0], isr=[0], removingReplicas=[], addingReplicas=[], leader=0, leaderRecoveryState=RECOVERED, leaderEpoch=0, partitionEpoch=0).
2026-03-31T21:09:04.033-04:00  INFO 384 --- [mobobs-worker] [0-event-handler] o.a.k.c.ReplicationControlManager        : [QuorumController id=0] Replayed PartitionRecord for new partition __consumer_offsets-4 with topic ID ZTpHQccJTVCUw_G3JK9nVQ and PartitionRegistration(replicas=[0], isr=[0], removingReplicas=[], addingReplicas=[], leader=0, leaderRecoveryState=RECOVERED, leaderEpoch=0, partitionEpoch=0).
2026-03-31T21:09:04.033-04:00  INFO 384 --- [mobobs-worker] [0-event-handler] o.a.k.c.ReplicationControlManager        : [QuorumController id=0] Replayed PartitionRecord for new partition __consumer_offsets-5 with topic ID ZTpHQccJTVCUw_G3JK9nVQ and PartitionRegistration(replicas=[0], isr=[0], removingReplicas=[], addingReplicas=[], leader=0, leaderRecoveryState=RECOVERED, leaderEpoch=0, partitionEpoch=0).
2026-03-31T21:09:04.034-04:00  INFO 384 --- [mobobs-worker] [0-event-handler] o.a.k.c.ReplicationControlManager        : [QuorumController id=0] Replayed PartitionRecord for new partition __consumer_offsets-6 with topic ID ZTpHQccJTVCUw_G3JK9nVQ and PartitionRegistration(replicas=[0], isr=[0], removingReplicas=[], addingReplicas=[], leader=0, leaderRecoveryState=RECOVERED, leaderEpoch=0, partitionEpoch=0).
2026-03-31T21:09:04.034-04:00  INFO 384 --- [mobobs-worker] [0-event-handler] o.a.k.c.ReplicationControlManager        : [QuorumController id=0] Replayed PartitionRecord for new partition __consumer_offsets-7 with topic ID ZTpHQccJTVCUw_G3JK9nVQ and PartitionRegistration(replicas=[0], isr=[0], removingReplicas=[], addingReplicas=[], leader=0, leaderRecoveryState=RECOVERED, leaderEpoch=0, partitionEpoch=0).
2026-03-31T21:09:04.034-04:00  INFO 384 --- [mobobs-worker] [0-event-handler] o.a.k.c.ReplicationControlManager        : [QuorumController id=0] Replayed PartitionRecord for new partition __consumer_offsets-8 with topic ID ZTpHQccJTVCUw_G3JK9nVQ and PartitionRegistration(replicas=[0], isr=[0], removingReplicas=[], addingReplicas=[], leader=0, leaderRecoveryState=RECOVERED, leaderEpoch=0, partitionEpoch=0).
2026-03-31T21:09:04.035-04:00  INFO 384 --- [mobobs-worker] [0-event-handler] o.a.k.c.ReplicationControlManager        : [QuorumController id=0] Replayed PartitionRecord for new partition __consumer_offsets-9 with topic ID ZTpHQccJTVCUw_G3JK9nVQ and PartitionRegistration(replicas=[0], isr=[0], removingReplicas=[], addingReplicas=[], leader=0, leaderRecoveryState=RECOVERED, leaderEpoch=0, partitionEpoch=0).
2026-03-31T21:09:04.036-04:00  INFO 384 --- [mobobs-worker] [0-event-handler] o.a.k.c.ReplicationControlManager        : [QuorumController id=0] Replayed PartitionRecord for new partition __consumer_offsets-10 with topic ID ZTpHQccJTVCUw_G3JK9nVQ and PartitionRegistration(replicas=[0], isr=[0], removingReplicas=[], addingReplicas=[], leader=0, leaderRecoveryState=RECOVERED, leaderEpoch=0, partitionEpoch=0).
2026-03-31T21:09:04.038-04:00  INFO 384 --- [mobobs-worker] [0-event-handler] o.a.k.c.ReplicationControlManager        : [QuorumController id=0] Replayed PartitionRecord for new partition __consumer_offsets-11 with topic ID ZTpHQccJTVCUw_G3JK9nVQ and PartitionRegistration(replicas=[0], isr=[0], removingReplicas=[], addingReplicas=[], leader=0, leaderRecoveryState=RECOVERED, leaderEpoch=0, partitionEpoch=0).
2026-03-31T21:09:04.075-04:00  INFO 384 --- [mobobs-worker] [0-event-handler] o.a.k.c.ReplicationControlManager        : [QuorumController id=0] Replayed PartitionRecord for new partition __consumer_offsets-12 with topic ID ZTpHQccJTVCUw_G3JK9nVQ and PartitionRegistration(replicas=[0], isr=[0], removingReplicas=[], addingReplicas=[], leader=0, leaderRecoveryState=RECOVERED, leaderEpoch=0, partitionEpoch=0).
2026-03-31T21:09:04.081-04:00  INFO 384 --- [mobobs-worker] [0-event-handler] o.a.k.c.ReplicationControlManager        : [QuorumController id=0] Replayed PartitionRecord for new partition __consumer_offsets-13 with topic ID ZTpHQccJTVCUw_G3JK9nVQ and PartitionRegistration(replicas=[0], isr=[0], removingReplicas=[], addingReplicas=[], leader=0, leaderRecoveryState=RECOVERED, leaderEpoch=0, partitionEpoch=0).
2026-03-31T21:09:04.083-04:00  INFO 384 --- [mobobs-worker] [0-event-handler] o.a.k.c.ReplicationControlManager        : [QuorumController id=0] Replayed PartitionRecord for new partition __consumer_offsets-14 with topic ID ZTpHQccJTVCUw_G3JK9nVQ and PartitionRegistration(replicas=[0], isr=[0], removingReplicas=[], addingReplicas=[], leader=0, leaderRecoveryState=RECOVERED, leaderEpoch=0, partitionEpoch=0).
2026-03-31T21:09:04.087-04:00  INFO 384 --- [mobobs-worker] [0-event-handler] o.a.k.c.ReplicationControlManager        : [QuorumController id=0] Replayed PartitionRecord for new partition __consumer_offsets-15 with topic ID ZTpHQccJTVCUw_G3JK9nVQ and PartitionRegistration(replicas=[0], isr=[0], removingReplicas=[], addingReplicas=[], leader=0, leaderRecoveryState=RECOVERED, leaderEpoch=0, partitionEpoch=0).
2026-03-31T21:09:04.092-04:00  INFO 384 --- [mobobs-worker] [0-event-handler] o.a.k.c.ReplicationControlManager        : [QuorumController id=0] Replayed PartitionRecord for new partition __consumer_offsets-16 with topic ID ZTpHQccJTVCUw_G3JK9nVQ and PartitionRegistration(replicas=[0], isr=[0], removingReplicas=[], addingReplicas=[], leader=0, leaderRecoveryState=RECOVERED, leaderEpoch=0, partitionEpoch=0).
2026-03-31T21:09:04.094-04:00  INFO 384 --- [mobobs-worker] [0-event-handler] o.a.k.c.ReplicationControlManager        : [QuorumController id=0] Replayed PartitionRecord for new partition __consumer_offsets-17 with topic ID ZTpHQccJTVCUw_G3JK9nVQ and PartitionRegistration(replicas=[0], isr=[0], removingReplicas=[], addingReplicas=[], leader=0, leaderRecoveryState=RECOVERED, leaderEpoch=0, partitionEpoch=0).
2026-03-31T21:09:04.096-04:00  INFO 384 --- [mobobs-worker] [0-event-handler] o.a.k.c.ReplicationControlManager        : [QuorumController id=0] Replayed PartitionRecord for new partition __consumer_offsets-18 with topic ID ZTpHQccJTVCUw_G3JK9nVQ and PartitionRegistration(replicas=[0], isr=[0], removingReplicas=[], addingReplicas=[], leader=0, leaderRecoveryState=RECOVERED, leaderEpoch=0, partitionEpoch=0).
2026-03-31T21:09:04.106-04:00  INFO 384 --- [mobobs-worker] [0-event-handler] o.a.k.c.ReplicationControlManager        : [QuorumController id=0] Replayed PartitionRecord for new partition __consumer_offsets-19 with topic ID ZTpHQccJTVCUw_G3JK9nVQ and PartitionRegistration(replicas=[0], isr=[0], removingReplicas=[], addingReplicas=[], leader=0, leaderRecoveryState=RECOVERED, leaderEpoch=0, partitionEpoch=0).
2026-03-31T21:09:04.113-04:00  INFO 384 --- [mobobs-worker] [0-event-handler] o.a.k.c.ReplicationControlManager        : [QuorumController id=0] Replayed PartitionRecord for new partition __consumer_offsets-20 with topic ID ZTpHQccJTVCUw_G3JK9nVQ and PartitionRegistration(replicas=[0], isr=[0], removingReplicas=[], addingReplicas=[], leader=0, leaderRecoveryState=RECOVERED, leaderEpoch=0, partitionEpoch=0).
2026-03-31T21:09:04.117-04:00  INFO 384 --- [mobobs-worker] [0-event-handler] o.a.k.c.ReplicationControlManager        : [QuorumController id=0] Replayed PartitionRecord for new partition __consumer_offsets-21 with topic ID ZTpHQccJTVCUw_G3JK9nVQ and PartitionRegistration(replicas=[0], isr=[0], removingReplicas=[], addingReplicas=[], leader=0, leaderRecoveryState=RECOVERED, leaderEpoch=0, partitionEpoch=0).
2026-03-31T21:09:04.120-04:00  INFO 384 --- [mobobs-worker] [0-event-handler] o.a.k.c.ReplicationControlManager        : [QuorumController id=0] Replayed PartitionRecord for new partition __consumer_offsets-22 with topic ID ZTpHQccJTVCUw_G3JK9nVQ and PartitionRegistration(replicas=[0], isr=[0], removingReplicas=[], addingReplicas=[], leader=0, leaderRecoveryState=RECOVERED, leaderEpoch=0, partitionEpoch=0).
2026-03-31T21:09:04.121-04:00  INFO 384 --- [mobobs-worker] [0-event-handler] o.a.k.c.ReplicationControlManager        : [QuorumController id=0] Replayed PartitionRecord for new partition __consumer_offsets-23 with topic ID ZTpHQccJTVCUw_G3JK9nVQ and PartitionRegistration(replicas=[0], isr=[0], removingReplicas=[], addingReplicas=[], leader=0, leaderRecoveryState=RECOVERED, leaderEpoch=0, partitionEpoch=0).
2026-03-31T21:09:04.128-04:00  INFO 384 --- [mobobs-worker] [0-event-handler] o.a.k.c.ReplicationControlManager        : [QuorumController id=0] Replayed PartitionRecord for new partition __consumer_offsets-24 with topic ID ZTpHQccJTVCUw_G3JK9nVQ and PartitionRegistration(replicas=[0], isr=[0], removingReplicas=[], addingReplicas=[], leader=0, leaderRecoveryState=RECOVERED, leaderEpoch=0, partitionEpoch=0).
2026-03-31T21:09:04.131-04:00  INFO 384 --- [mobobs-worker] [0-event-handler] o.a.k.c.ReplicationControlManager        : [QuorumController id=0] Replayed PartitionRecord for new partition __consumer_offsets-25 with topic ID ZTpHQccJTVCUw_G3JK9nVQ and PartitionRegistration(replicas=[0], isr=[0], removingReplicas=[], addingReplicas=[], leader=0, leaderRecoveryState=RECOVERED, leaderEpoch=0, partitionEpoch=0).
2026-03-31T21:09:04.133-04:00  INFO 384 --- [mobobs-worker] [0-event-handler] o.a.k.c.ReplicationControlManager        : [QuorumController id=0] Replayed PartitionRecord for new partition __consumer_offsets-26 with topic ID ZTpHQccJTVCUw_G3JK9nVQ and PartitionRegistration(replicas=[0], isr=[0], removingReplicas=[], addingReplicas=[], leader=0, leaderRecoveryState=RECOVERED, leaderEpoch=0, partitionEpoch=0).
[...]
2026-03-31T21:09:08.682-04:00  INFO 384 --- [mobobs-worker] [-kit-executor-4] perationPurgatory$ExpiredOperationReaper : [ExpirationReaper-0-Fetch]: Shutdown completed
2026-03-31T21:09:08.682-04:00  INFO 384 --- [mobobs-worker] [nReaper-0-Fetch] perationPurgatory$ExpiredOperationReaper : [ExpirationReaper-0-Fetch]: Stopped
2026-03-31T21:09:08.683-04:00  INFO 384 --- [mobobs-worker] [-kit-executor-4] perationPurgatory$ExpiredOperationReaper : [ExpirationReaper-0-RemoteFetch]: Shutting down
2026-03-31T21:09:08.683-04:00  INFO 384 --- [mobobs-worker] [r-0-RemoteFetch] perationPurgatory$ExpiredOperationReaper : [ExpirationReaper-0-RemoteFetch]: Stopped
2026-03-31T21:09:08.683-04:00  INFO 384 --- [mobobs-worker] [-kit-executor-4] perationPurgatory$ExpiredOperationReaper : [ExpirationReaper-0-RemoteFetch]: Shutdown completed
2026-03-31T21:09:08.683-04:00  INFO 384 --- [mobobs-worker] [-kit-executor-4] perationPurgatory$ExpiredOperationReaper : [ExpirationReaper-0-Produce]: Shutting down
2026-03-31T21:09:08.684-04:00  INFO 384 --- [mobobs-worker] [eaper-0-Produce] perationPurgatory$ExpiredOperationReaper : [ExpirationReaper-0-Produce]: Stopped
2026-03-31T21:09:08.684-04:00  INFO 384 --- [mobobs-worker] [-kit-executor-4] perationPurgatory$ExpiredOperationReaper : [ExpirationReaper-0-Produce]: Shutdown completed
2026-03-31T21:09:08.684-04:00  INFO 384 --- [mobobs-worker] [-kit-executor-4] perationPurgatory$ExpiredOperationReaper : [ExpirationReaper-0-DeleteRecords]: Shutting down
2026-03-31T21:09:08.684-04:00  INFO 384 --- [mobobs-worker] [0-DeleteRecords] perationPurgatory$ExpiredOperationReaper : [ExpirationReaper-0-DeleteRecords]: Stopped
2026-03-31T21:09:08.684-04:00  INFO 384 --- [mobobs-worker] [-kit-executor-4] perationPurgatory$ExpiredOperationReaper : [ExpirationReaper-0-DeleteRecords]: Shutdown completed
2026-03-31T21:09:08.684-04:00  INFO 384 --- [mobobs-worker] [-kit-executor-4] perationPurgatory$ExpiredOperationReaper : [ExpirationReaper-0-ElectLeader]: Shutting down
2026-03-31T21:09:08.684-04:00  INFO 384 --- [mobobs-worker] [r-0-ElectLeader] perationPurgatory$ExpiredOperationReaper : [ExpirationReaper-0-ElectLeader]: Stopped
2026-03-31T21:09:08.684-04:00  INFO 384 --- [mobobs-worker] [-kit-executor-4] perationPurgatory$ExpiredOperationReaper : [ExpirationReaper-0-ElectLeader]: Shutdown completed
2026-03-31T21:09:08.694-04:00  INFO 384 --- [mobobs-worker] [-kit-executor-4] kafka.server.AddPartitionsToTxnManager   : [AddPartitionsToTxnSenderThread-0]: Shutting down
2026-03-31T21:09:08.694-04:00  INFO 384 --- [mobobs-worker] [nSenderThread-0] kafka.server.AddPartitionsToTxnManager   : [AddPartitionsToTxnSenderThread-0]: Stopped
2026-03-31T21:09:08.694-04:00  INFO 384 --- [mobobs-worker] [-kit-executor-4] kafka.server.AddPartitionsToTxnManager   : [AddPartitionsToTxnSenderThread-0]: Shutdown completed
2026-03-31T21:09:08.695-04:00  INFO 384 --- [mobobs-worker] [-kit-executor-4] kafka.server.ReplicaManager              : [ReplicaManager broker=0] Shut down completely
2026-03-31T21:09:08.695-04:00  INFO 384 --- [mobobs-worker] [-kit-executor-4] k.s.BrokerToControllerRequestThread      : [broker-0-to-controller-alter-partition-channel-manager]: Shutting down
2026-03-31T21:09:08.695-04:00  INFO 384 --- [mobobs-worker] [channel-manager] k.s.BrokerToControllerRequestThread      : [broker-0-to-controller-alter-partition-channel-manager]: Stopped
2026-03-31T21:09:08.695-04:00  INFO 384 --- [mobobs-worker] [-kit-executor-4] k.s.BrokerToControllerRequestThread      : [broker-0-to-controller-alter-partition-channel-manager]: Shutdown completed
2026-03-31T21:09:08.695-04:00  INFO 384 --- [mobobs-worker] [-kit-executor-4] k.s.BrokerToControllerChannelManagerImpl : Broker to controller channel manager for alter-partition shutdown
2026-03-31T21:09:08.696-04:00  INFO 384 --- [mobobs-worker] [-kit-executor-4] k.s.BrokerToControllerRequestThread      : [broker-0-to-controller-forwarding-channel-manager]: Shutting down
2026-03-31T21:09:08.696-04:00  INFO 384 --- [mobobs-worker] [channel-manager] k.s.BrokerToControllerRequestThread      : [broker-0-to-controller-forwarding-channel-manager]: Stopped
2026-03-31T21:09:08.696-04:00  INFO 384 --- [mobobs-worker] [-kit-executor-4] k.s.BrokerToControllerRequestThread      : [broker-0-to-controller-forwarding-channel-manager]: Shutdown completed
2026-03-31T21:09:08.696-04:00  INFO 384 --- [mobobs-worker] [-kit-executor-4] k.s.BrokerToControllerChannelManagerImpl : Broker to controller channel manager for forwarding shutdown
2026-03-31T21:09:08.697-04:00  INFO 384 --- [mobobs-worker] [-kit-executor-4] kafka.log.LogManager                     : Shutting down.
2026-03-31T21:09:08.699-04:00  INFO 384 --- [mobobs-worker] [-kit-executor-4] kafka.log.LogCleaner                     : Shutting down the log cleaner.
2026-03-31T21:09:08.699-04:00  INFO 384 --- [mobobs-worker] [-kit-executor-4] kafka.log.LogCleaner$CleanerThread       : [kafka-log-cleaner-thread-0]: Shutting down
2026-03-31T21:09:08.700-04:00  INFO 384 --- [mobobs-worker] [leaner-thread-0] kafka.log.LogCleaner$CleanerThread       : [kafka-log-cleaner-thread-0]: Stopped
2026-03-31T21:09:08.700-04:00  INFO 384 --- [mobobs-worker] [-kit-executor-4] kafka.log.LogCleaner$CleanerThread       : [kafka-log-cleaner-thread-0]: Shutdown completed
2026-03-31T21:09:08.748-04:00  INFO 384 --- [mobobs-worker] [ad | producer-1] org.apache.kafka.clients.NetworkClient   : [Producer clientId=producer-1] Node 0 disconnected.
2026-03-31T21:09:08.749-04:00  WARN 384 --- [mobobs-worker] [ad | producer-1] org.apache.kafka.clients.NetworkClient   : [Producer clientId=producer-1] Connection to node 0 (localhost/127.0.0.1:49650) could not be established. Broker may not be available.
2026-03-31T21:09:08.796-04:00  INFO 384 --- [mobobs-worker] [/broker_0_data0] o.a.k.s.i.log.ProducerStateManager       : [ProducerStateManager partition=__consumer_offsets-24]Wrote producer snapshot at offset 2 with 0 producer ids in 4 ms.
2026-03-31T21:09:08.850-04:00  INFO 384 --- [mobobs-worker] [ad | producer-1] org.apache.kafka.clients.NetworkClient   : [Producer clientId=producer-1] Node 0 disconnected.
2026-03-31T21:09:08.850-04:00  WARN 384 --- [mobobs-worker] [ad | producer-1] org.apache.kafka.clients.NetworkClient   : [Producer clientId=producer-1] Connection to node 0 (localhost/127.0.0.1:49650) could not be established. Broker may not be available.
2026-03-31T21:09:08.852-04:00  INFO 384 --- [mobobs-worker] [/broker_0_data0] o.a.k.s.i.log.ProducerStateManager       : [ProducerStateManager partition=__consumer_offsets-12]Wrote producer snapshot at offset 3 with 0 producer ids in 4 ms.
2026-03-31T21:09:08.902-04:00  INFO 384 --- [mobobs-worker] [/broker_0_data0] o.a.k.s.i.log.ProducerStateManager       : [ProducerStateManager partition=__consumer_offsets-47]Wrote producer snapshot at offset 2 with 0 producer ids in 6 ms.
2026-03-31T21:09:08.959-04:00  INFO 384 --- [mobobs-worker] [/broker_0_data0] o.a.k.s.i.log.ProducerStateManager       : [ProducerStateManager partition=mobile.events.raw-0]Wrote producer snapshot at offset 1 with 1 producer ids in 5 ms.
2026-03-31T21:09:09.012-04:00  INFO 384 --- [mobobs-worker] [-kit-executor-4] kafka.log.LogManager                     : Shutdown complete.
2026-03-31T21:09:09.013-04:00  INFO 384 --- [mobobs-worker] [-kit-executor-4] lientQuotaManager$ThrottledChannelReaper : [broker-0-ThrottledChannelReaper-Fetch]: Shutting down
2026-03-31T21:09:09.015-04:00  INFO 384 --- [mobobs-worker] [-kit-executor-4] lientQuotaManager$ThrottledChannelReaper : [broker-0-ThrottledChannelReaper-Fetch]: Shutdown completed
2026-03-31T21:09:09.015-04:00  INFO 384 --- [mobobs-worker] [nelReaper-Fetch] lientQuotaManager$ThrottledChannelReaper : [broker-0-ThrottledChannelReaper-Fetch]: Stopped
2026-03-31T21:09:09.015-04:00  INFO 384 --- [mobobs-worker] [-kit-executor-4] lientQuotaManager$ThrottledChannelReaper : [broker-0-ThrottledChannelReaper-Produce]: Shutting down
2026-03-31T21:09:09.016-04:00  INFO 384 --- [mobobs-worker] [-kit-executor-4] lientQuotaManager$ThrottledChannelReaper : [broker-0-ThrottledChannelReaper-Produce]: Shutdown completed
2026-03-31T21:09:09.016-04:00  INFO 384 --- [mobobs-worker] [-kit-executor-4] lientQuotaManager$ThrottledChannelReaper : [broker-0-ThrottledChannelReaper-Request]: Shutting down
2026-03-31T21:09:09.016-04:00  INFO 384 --- [mobobs-worker] [lReaper-Produce] lientQuotaManager$ThrottledChannelReaper : [broker-0-ThrottledChannelReaper-Produce]: Stopped
2026-03-31T21:09:09.016-04:00  INFO 384 --- [mobobs-worker] [lReaper-Request] lientQuotaManager$ThrottledChannelReaper : [broker-0-ThrottledChannelReaper-Request]: Stopped
2026-03-31T21:09:09.016-04:00  INFO 384 --- [mobobs-worker] [-kit-executor-4] lientQuotaManager$ThrottledChannelReaper : [broker-0-ThrottledChannelReaper-Request]: Shutdown completed
2026-03-31T21:09:09.017-04:00  INFO 384 --- [mobobs-worker] [-kit-executor-4] lientQuotaManager$ThrottledChannelReaper : [broker-0-ThrottledChannelReaper-ControllerMutation]: Shutting down
2026-03-31T21:09:09.017-04:00  INFO 384 --- [mobobs-worker] [trollerMutation] lientQuotaManager$ThrottledChannelReaper : [broker-0-ThrottledChannelReaper-ControllerMutation]: Stopped
2026-03-31T21:09:09.017-04:00  INFO 384 --- [mobobs-worker] [-kit-executor-4] lientQuotaManager$ThrottledChannelReaper : [broker-0-ThrottledChannelReaper-ControllerMutation]: Shutdown completed
2026-03-31T21:09:09.019-04:00  INFO 384 --- [mobobs-worker] [-kit-executor-4] kafka.network.SocketServer               : [SocketServer listenerType=BROKER, nodeId=0] Shutting down socket server
2026-03-31T21:09:09.072-04:00  INFO 384 --- [mobobs-worker] [-kit-executor-4] kafka.network.SocketServer               : [SocketServer listenerType=BROKER, nodeId=0] Shutdown completed
2026-03-31T21:09:09.078-04:00  INFO 384 --- [mobobs-worker] [-kit-executor-4] kafka.server.BrokerTopicStats            : Broker and topic stats closed
2026-03-31T21:09:09.079-04:00  INFO 384 --- [mobobs-worker] [-kit-executor-4] org.apache.kafka.queue.KafkaEventQueue   : [BrokerLifecycleManager id=0] closed event queue.
2026-03-31T21:09:09.080-04:00  INFO 384 --- [mobobs-worker] [-kit-executor-4] kafka.server.BrokerServer                : [BrokerServer id=0] shut down completed
2026-03-31T21:09:09.080-04:00  INFO 384 --- [mobobs-worker] [-kit-executor-4] kafka.server.BrokerServer                : [BrokerServer id=0] Transition from SHUTTING_DOWN to SHUTDOWN
2026-03-31T21:09:09.081-04:00  INFO 384 --- [mobobs-worker] [-kit-executor-1] kafka.server.ControllerServer            : [ControllerServer id=0] shutting down
2026-03-31T21:09:09.081-04:00  INFO 384 --- [mobobs-worker] [-kit-executor-1] ExpirationService$ExpiredOperationReaper : [raft-expiration-reaper]: Shutting down
2026-03-31T21:09:09.109-04:00  INFO 384 --- [mobobs-worker] [ad | producer-1] org.apache.kafka.clients.NetworkClient   : [Producer clientId=producer-1] Node 0 disconnected.
2026-03-31T21:09:09.109-04:00  WARN 384 --- [mobobs-worker] [ad | producer-1] org.apache.kafka.clients.NetworkClient   : [Producer clientId=producer-1] Connection to node 0 (localhost/127.0.0.1:49650) could not be established. Broker may not be available.
2026-03-31T21:09:09.182-04:00  INFO 384 --- [mobobs-worker] [-kit-executor-1] ExpirationService$ExpiredOperationReaper : [raft-expiration-reaper]: Shutdown completed
2026-03-31T21:09:09.182-04:00  INFO 384 --- [mobobs-worker] [piration-reaper] ExpirationService$ExpiredOperationReaper : [raft-expiration-reaper]: Stopped
2026-03-31T21:09:09.183-04:00  INFO 384 --- [mobobs-worker] [-kit-executor-1] k.raft.KafkaRaftManager$RaftIoThread     : [kafka-0-raft-io-thread]: Shutting down
2026-03-31T21:09:09.183-04:00  INFO 384 --- [mobobs-worker] [-kit-executor-1] org.apache.kafka.raft.KafkaRaftClient    : [RaftManager id=0] Beginning graceful shutdown
2026-03-31T21:09:09.184-04:00  INFO 384 --- [mobobs-worker] [-raft-io-thread] org.apache.kafka.raft.KafkaRaftClient    : [RaftManager id=0] Graceful shutdown completed
2026-03-31T21:09:09.184-04:00  INFO 384 --- [mobobs-worker] [-raft-io-thread] k.raft.KafkaRaftManager$RaftIoThread     : [kafka-0-raft-io-thread]: Stopped
2026-03-31T21:09:09.184-04:00  INFO 384 --- [mobobs-worker] [-kit-executor-1] k.raft.KafkaRaftManager$RaftIoThread     : [kafka-0-raft-io-thread]: Completed graceful shutdown of RaftClient
2026-03-31T21:09:09.184-04:00  INFO 384 --- [mobobs-worker] [-kit-executor-1] k.raft.KafkaRaftManager$RaftIoThread     : [kafka-0-raft-io-thread]: Shutdown completed
2026-03-31T21:09:09.191-04:00  INFO 384 --- [mobobs-worker] [-kit-executor-1] kafka.raft.RaftSendThread                : [kafka-0-raft-outbound-request-thread]: Shutting down
2026-03-31T21:09:09.192-04:00  INFO 384 --- [mobobs-worker] [-kit-executor-1] kafka.raft.RaftSendThread                : [kafka-0-raft-outbound-request-thread]: Shutdown completed
2026-03-31T21:09:09.192-04:00  INFO 384 --- [mobobs-worker] [-request-thread] kafka.raft.RaftSendThread                : [kafka-0-raft-outbound-request-thread]: Stopped
2026-03-31T21:09:09.200-04:00  INFO 384 --- [mobobs-worker] [-kit-executor-1] o.a.k.s.i.log.ProducerStateManager       : [ProducerStateManager partition=__cluster_metadata-0]Wrote producer snapshot at offset 158 with 0 producer ids in 7 ms.
2026-03-31T21:09:09.209-04:00  INFO 384 --- [mobobs-worker] [-kit-executor-1] kafka.network.SocketServer               : [SocketServer listenerType=CONTROLLER, nodeId=0] Stopping socket server request processors
2026-03-31T21:09:09.223-04:00  INFO 384 --- [mobobs-worker] [-kit-executor-1] kafka.network.SocketServer               : [SocketServer listenerType=CONTROLLER, nodeId=0] Stopped socket server request processors
2026-03-31T21:09:09.225-04:00  INFO 384 --- [mobobs-worker] [-kit-executor-1] org.apache.kafka.queue.KafkaEventQueue   : [QuorumController id=0] QuorumController#beginShutdown: shutting down event queue.
2026-03-31T21:09:09.226-04:00  INFO 384 --- [mobobs-worker] [-kit-executor-1] kafka.network.SocketServer               : [SocketServer listenerType=CONTROLLER, nodeId=0] Shutting down socket server
2026-03-31T21:09:09.227-04:00  INFO 384 --- [mobobs-worker] [0-event-handler] o.a.kafka.controller.QuorumController    : [QuorumController id=0] writeNoOpRecord: event unable to start processing because of RejectedExecutionException (treated as TimeoutException).
2026-03-31T21:09:09.227-04:00  INFO 384 --- [mobobs-worker] [0-event-handler] o.a.kafka.controller.QuorumController    : [QuorumController id=0] maybeBalancePartitionLeaders: event unable to start processing because of RejectedExecutionException (treated as TimeoutException).
2026-03-31T21:09:09.235-04:00  INFO 384 --- [mobobs-worker] [-kit-executor-1] kafka.network.SocketServer               : [SocketServer listenerType=CONTROLLER, nodeId=0] Shutdown completed
2026-03-31T21:09:09.236-04:00  INFO 384 --- [mobobs-worker] [-kit-executor-1] kafka.server.KafkaRequestHandlerPool     : [data-plane Kafka Request Handler on Broker 0], shutting down
2026-03-31T21:09:09.236-04:00  INFO 384 --- [mobobs-worker] [-kit-executor-1] kafka.server.KafkaRequestHandlerPool     : [data-plane Kafka Request Handler on Broker 0], shut down completely
2026-03-31T21:09:09.237-04:00  INFO 384 --- [mobobs-worker] [-kit-executor-1] perationPurgatory$ExpiredOperationReaper : [ExpirationReaper-0-AlterAcls]: Shutting down
2026-03-31T21:09:09.237-04:00  INFO 384 --- [mobobs-worker] [per-0-AlterAcls] perationPurgatory$ExpiredOperationReaper : [ExpirationReaper-0-AlterAcls]: Stopped
2026-03-31T21:09:09.237-04:00  INFO 384 --- [mobobs-worker] [-kit-executor-1] perationPurgatory$ExpiredOperationReaper : [ExpirationReaper-0-AlterAcls]: Shutdown completed
2026-03-31T21:09:09.238-04:00  INFO 384 --- [mobobs-worker] [-kit-executor-1] lientQuotaManager$ThrottledChannelReaper : [controller-0-ThrottledChannelReaper-Fetch]: Shutting down
2026-03-31T21:09:09.239-04:00  INFO 384 --- [mobobs-worker] [-kit-executor-1] lientQuotaManager$ThrottledChannelReaper : [controller-0-ThrottledChannelReaper-Fetch]: Shutdown completed
2026-03-31T21:09:09.239-04:00  INFO 384 --- [mobobs-worker] [-kit-executor-1] lientQuotaManager$ThrottledChannelReaper : [controller-0-ThrottledChannelReaper-Produce]: Shutting down
2026-03-31T21:09:09.239-04:00  INFO 384 --- [mobobs-worker] [nelReaper-Fetch] lientQuotaManager$ThrottledChannelReaper : [controller-0-ThrottledChannelReaper-Fetch]: Stopped
2026-03-31T21:09:09.239-04:00  INFO 384 --- [mobobs-worker] [lReaper-Produce] lientQuotaManager$ThrottledChannelReaper : [controller-0-ThrottledChannelReaper-Produce]: Stopped
2026-03-31T21:09:09.239-04:00  INFO 384 --- [mobobs-worker] [-kit-executor-1] lientQuotaManager$ThrottledChannelReaper : [controller-0-ThrottledChannelReaper-Produce]: Shutdown completed
2026-03-31T21:09:09.239-04:00  INFO 384 --- [mobobs-worker] [-kit-executor-1] lientQuotaManager$ThrottledChannelReaper : [controller-0-ThrottledChannelReaper-Request]: Shutting down
2026-03-31T21:09:09.239-04:00  INFO 384 --- [mobobs-worker] [lReaper-Request] lientQuotaManager$ThrottledChannelReaper : [controller-0-ThrottledChannelReaper-Request]: Stopped
2026-03-31T21:09:09.239-04:00  INFO 384 --- [mobobs-worker] [-kit-executor-1] lientQuotaManager$ThrottledChannelReaper : [controller-0-ThrottledChannelReaper-Request]: Shutdown completed
2026-03-31T21:09:09.239-04:00  INFO 384 --- [mobobs-worker] [-kit-executor-1] lientQuotaManager$ThrottledChannelReaper : [controller-0-ThrottledChannelReaper-ControllerMutation]: Shutting down
2026-03-31T21:09:09.239-04:00  INFO 384 --- [mobobs-worker] [trollerMutation] lientQuotaManager$ThrottledChannelReaper : [controller-0-ThrottledChannelReaper-ControllerMutation]: Stopped
2026-03-31T21:09:09.239-04:00  INFO 384 --- [mobobs-worker] [-kit-executor-1] lientQuotaManager$ThrottledChannelReaper : [controller-0-ThrottledChannelReaper-ControllerMutation]: Shutdown completed
2026-03-31T21:09:09.239-04:00  INFO 384 --- [mobobs-worker] [-kit-executor-1] org.apache.kafka.queue.KafkaEventQueue   : [QuorumController id=0] closed event queue.
2026-03-31T21:09:09.241-04:00  INFO 384 --- [mobobs-worker] [-kit-executor-1] kafka.server.SharedServer                : [SharedServer id=0] Stopping SharedServer
2026-03-31T21:09:09.241-04:00  INFO 384 --- [mobobs-worker] [-kit-executor-1] org.apache.kafka.queue.KafkaEventQueue   : [MetadataLoader id=0] beginShutdown: shutting down event queue.
2026-03-31T21:09:09.241-04:00  INFO 384 --- [mobobs-worker] [r-event-handler] org.apache.kafka.queue.KafkaEventQueue   : [SnapshotGenerator id=0] close: shutting down event queue.
2026-03-31T21:09:09.241-04:00  INFO 384 --- [mobobs-worker] [r-event-handler] org.apache.kafka.queue.KafkaEventQueue   : [SnapshotGenerator id=0] closed event queue.
2026-03-31T21:09:09.241-04:00  INFO 384 --- [mobobs-worker] [-kit-executor-1] org.apache.kafka.queue.KafkaEventQueue   : [MetadataLoader id=0] closed event queue.
2026-03-31T21:09:09.242-04:00  INFO 384 --- [mobobs-worker] [-kit-executor-1] org.apache.kafka.queue.KafkaEventQueue   : [SnapshotGenerator id=0] closed event queue.
2026-03-31T21:09:09.243-04:00  INFO 384 --- [mobobs-worker] [-kit-executor-1] o.apache.kafka.common.metrics.Metrics    : Metrics scheduler closed
2026-03-31T21:09:09.243-04:00  INFO 384 --- [mobobs-worker] [-kit-executor-1] o.apache.kafka.common.metrics.Metrics    : Closing reporter org.apache.kafka.common.metrics.JmxReporter
2026-03-31T21:09:09.243-04:00  INFO 384 --- [mobobs-worker] [-kit-executor-1] o.apache.kafka.common.metrics.Metrics    : Metrics reporters closed
2026-03-31T21:09:09.243-04:00  INFO 384 --- [mobobs-worker] [-kit-executor-1] o.a.kafka.common.utils.AppInfoParser     : App info kafka.server for 0 unregistered
]]></system-out>
  <system-err><![CDATA[]]></system-err>
</testsuite>
