<?xml version="1.0" encoding="UTF-8"?>
<testsuite name="com.mobobs.worker.consumers.DlqRoutingTest" tests="3" skipped="0" failures="0" errors="0" timestamp="2026-04-01T01:08:49" hostname="Vaishviks-MacBook-Pro.local" time="0.023">
  <properties/>
  <testcase name="eventsRawMapsToEventsDlq()" classname="com.mobobs.worker.consumers.DlqRoutingTest" time="0.013"/>
  <testcase name="apiRawMapsToApiDlq()" classname="com.mobobs.worker.consumers.DlqRoutingTest" time="0.001"/>
  <testcase name="errorsRawMapsToErrorsDlq()" classname="com.mobobs.worker.consumers.DlqRoutingTest" time="0.001"/>
  <system-out><![CDATA[]]></system-out>
  <system-err><![CDATA[]]></system-err>
</testsuite>
