<?xml version="1.0" encoding="UTF-8"?>
<testsuite name="com.mobobs.api.ingest.KafkaPublishSmokeTest" tests="1" skipped="0" failures="0" errors="0" timestamp="2026-04-01T01:13:09" hostname="Vaishviks-MacBook-Pro.local" time="4.897">
  <properties/>
  <testcase name="validIngest_publishesToCorrectTopic()" classname="com.mobobs.api.ingest.KafkaPublishSmokeTest" time="4.897"/>
  <system-out><![CDATA[2026-03-31T21:13:02.130-04:00  INFO 1158 --- [mobobs-api] [    Test worker] t.c.s.AnnotationConfigContextLoaderUtils : Could not detect default configuration classes for test class [com.mobobs.api.ingest.KafkaPublishSmokeTest]: KafkaPublishSmokeTest does not declare any static, non-private, non-final, nested classes annotated with @Configuration.
2026-03-31T21:13:02.155-04:00  INFO 1158 --- [mobobs-api] [    Test worker] .b.t.c.SpringBootTestContextBootstrapper : Found @SpringBootConfiguration com.mobobs.api.ApiApplication for test class com.mobobs.api.ingest.KafkaPublishSmokeTest

  .   ____          _            __ _ _
 /\\ / ___'_ __ _ _(_)_ __  __ _ \ \ \ \
( ( )\___ | '_ | '_| | '_ \/ _` | \ \ \ \
 \\/  ___)| |_)| | | | | || (_| |  ) ) ) )
  '  |____| .__|_| |_|_| |_\__, | / / / /
 =========|_|==============|___/=/_/_/_/
 :: Spring Boot ::                (v3.2.5)

2026-03-31T21:13:03.254-04:00  INFO 1158 --- [mobobs-api] [    Test worker] k.utils.Log4jControllerRegistration$     : Registered kafka:type=kafka.Log4jController MBean
2026-03-31T21:13:03.308-04:00  INFO 1158 --- [mobobs-api] [    Test worker] org.apache.zookeeper.common.X509Util     : Setting -D jdk.tls.rejectClientInitiatedRenegotiation=true to disable client-initiated TLS renegotiation
2026-03-31T21:13:03.713-04:00  INFO 1158 --- [mobobs-api] [-kit-executor-1] kafka.server.ControllerServer            : Formatting /var/folders/4v/kvzvhsf533vf84l8k0k07m_00000gn/T/kafka-9874761410474289738/controller_0 with metadata.version 3.3-IV0.
2026-03-31T21:13:03.790-04:00  INFO 1158 --- [mobobs-api] [-kit-executor-3] kafka.server.BrokerServer                : [BrokerServer id=0] Transition from SHUTDOWN to STARTING
2026-03-31T21:13:03.792-04:00  INFO 1158 --- [mobobs-api] [-kit-executor-2] kafka.server.ControllerServer            : [ControllerServer id=0] Starting controller
2026-03-31T21:13:03.795-04:00  INFO 1158 --- [mobobs-api] [-kit-executor-3] kafka.server.SharedServer                : [SharedServer id=0] Starting SharedServer
2026-03-31T21:13:03.900-04:00  INFO 1158 --- [mobobs-api] [-kit-executor-2] o.a.k.s.network.EndpointReadyFutures     : authorizerStart completed for endpoint CONTROLLER. Endpoint is now READY.
2026-03-31T21:13:04.209-04:00  INFO 1158 --- [mobobs-api] [-kit-executor-3] kafka.log.UnifiedLog$                    : [LogLoader partition=__cluster_metadata-0, dir=/var/folders/4v/kvzvhsf533vf84l8k0k07m_00000gn/T/kafka-9874761410474289738/controller_0] Loading producer state till offset 0 with message format version 2
2026-03-31T21:13:04.210-04:00  INFO 1158 --- [mobobs-api] [-kit-executor-3] kafka.log.UnifiedLog$                    : [LogLoader partition=__cluster_metadata-0, dir=/var/folders/4v/kvzvhsf533vf84l8k0k07m_00000gn/T/kafka-9874761410474289738/controller_0] Reloading from producer snapshot and rebuilding producer state from offset 0
2026-03-31T21:13:04.222-04:00  INFO 1158 --- [mobobs-api] [-kit-executor-3] kafka.log.UnifiedLog$                    : [LogLoader partition=__cluster_metadata-0, dir=/var/folders/4v/kvzvhsf533vf84l8k0k07m_00000gn/T/kafka-9874761410474289738/controller_0] Producer state recovery took 0ms for snapshot load and 1ms for segment recovery from offset 0
2026-03-31T21:13:04.298-04:00  INFO 1158 --- [mobobs-api] [-kit-executor-3] kafka.raft.KafkaMetadataLog$             : Initialized snapshots with IDs SortedSet() from /var/folders/4v/kvzvhsf533vf84l8k0k07m_00000gn/T/kafka-9874761410474289738/controller_0/__cluster_metadata-0
2026-03-31T21:13:04.368-04:00  INFO 1158 --- [mobobs-api] [piration-reaper] ExpirationService$ExpiredOperationReaper : [raft-expiration-reaper]: Starting
2026-03-31T21:13:04.414-04:00  INFO 1158 --- [mobobs-api] [-kit-executor-3] org.apache.kafka.raft.QuorumState        : [RaftManager id=0] Completed transition to Unattached(epoch=0, voters=[0], electionTimeoutMs=1103) from null
2026-03-31T21:13:04.427-04:00  INFO 1158 --- [mobobs-api] [-kit-executor-3] org.apache.kafka.raft.QuorumState        : [RaftManager id=0] Completed transition to CandidateState(localId=0, epoch=1, retries=1, voteStates={0=GRANTED}, highWatermark=Optional.empty, electionTimeoutMs=1741) from Unattached(epoch=0, voters=[0], electionTimeoutMs=1103)
2026-03-31T21:13:04.441-04:00  INFO 1158 --- [mobobs-api] [-kit-executor-3] org.apache.kafka.raft.QuorumState        : [RaftManager id=0] Completed transition to Leader(localId=0, epoch=1, epochStartOffset=0, highWatermark=Optional.empty, voterStates={0=ReplicaState(nodeId=0, endOffset=Optional.empty, lastFetchTimestamp=-1, lastCaughtUpTimestamp=-1, hasAcknowledgedLeader=true)}) from CandidateState(localId=0, epoch=1, retries=1, voteStates={0=GRANTED}, highWatermark=Optional.empty, electionTimeoutMs=1741)
2026-03-31T21:13:04.706-04:00  INFO 1158 --- [mobobs-api] [-kit-executor-2] kafka.network.ConnectionQuotas           : Updated connection-accept-rate max connection creation rate to 2147483647
2026-03-31T21:13:04.727-04:00  INFO 1158 --- [mobobs-api] [-kit-executor-2] kafka.network.DataPlaneAcceptor          : Awaiting socket connections on localhost:49777.
2026-03-31T21:13:04.728-04:00  INFO 1158 --- [mobobs-api] [-kit-executor-2] kafka.network.DataPlaneAcceptor          : Opened wildcard endpoint localhost:49777
2026-03-31T21:13:04.764-04:00  INFO 1158 --- [mobobs-api] [-kit-executor-2] kafka.network.SocketServer               : [SocketServer listenerType=CONTROLLER, nodeId=0] Created data-plane acceptor and processors for endpoint : ListenerName(CONTROLLER)
2026-03-31T21:13:04.773-04:00  INFO 1158 --- [mobobs-api] [-request-thread] kafka.raft.RaftSendThread                : [kafka-0-raft-outbound-request-thread]: Starting
2026-03-31T21:13:04.773-04:00  INFO 1158 --- [mobobs-api] [-raft-io-thread] k.raft.KafkaRaftManager$RaftIoThread     : [kafka-0-raft-io-thread]: Starting
2026-03-31T21:13:04.802-04:00  INFO 1158 --- [mobobs-api] [-raft-io-thread] org.apache.kafka.raft.LeaderState        : [RaftManager id=0] High watermark set to LogOffsetMetadata(offset=1, metadata=Optional[(segmentBaseOffset=0,relativePositionInSegment=91)]) for the first time for epoch 1 based on indexOfHw 0 and voters [ReplicaState(nodeId=0, endOffset=Optional[LogOffsetMetadata(offset=1, metadata=Optional[(segmentBaseOffset=0,relativePositionInSegment=91)])], lastFetchTimestamp=-1, lastCaughtUpTimestamp=-1, hasAcknowledgedLeader=true)]
2026-03-31T21:13:04.817-04:00  INFO 1158 --- [mobobs-api] [r-event-handler] o.a.kafka.image.loader.MetadataLoader    : [MetadataLoader id=0] initializeNewPublishers: The loader is still catching up because we have loaded up to offset -1, but the high water mark is 1
2026-03-31T21:13:04.818-04:00  INFO 1158 --- [mobobs-api] [-kit-executor-3] kafka.server.BrokerServer                : [BrokerServer id=0] Starting broker
2026-03-31T21:13:04.818-04:00  INFO 1158 --- [mobobs-api] [-kit-executor-2] kafka.server.ControllerServer            : [ControllerServer id=0] Waiting for controller quorum voters future
2026-03-31T21:13:04.819-04:00  INFO 1158 --- [mobobs-api] [-kit-executor-2] kafka.server.ControllerServer            : [ControllerServer id=0] Finished waiting for controller quorum voters future
2026-03-31T21:13:04.838-04:00  INFO 1158 --- [mobobs-api] [-raft-io-thread] org.apache.kafka.raft.KafkaRaftClient    : [RaftManager id=0] Registered the listener org.apache.kafka.image.loader.MetadataLoader@1225328028
2026-03-31T21:13:04.855-04:00  INFO 1158 --- [mobobs-api] [r-event-handler] o.a.kafka.image.loader.MetadataLoader    : [MetadataLoader id=0] maybePublishMetadata(LOG_DELTA): The loader is still catching up because we have not loaded a controller record as of offset 0 and high water mark is 1
2026-03-31T21:13:04.857-04:00  INFO 1158 --- [mobobs-api] [nelReaper-Fetch] lientQuotaManager$ThrottledChannelReaper : [broker-0-ThrottledChannelReaper-Fetch]: Starting
2026-03-31T21:13:04.857-04:00  INFO 1158 --- [mobobs-api] [lReaper-Produce] lientQuotaManager$ThrottledChannelReaper : [broker-0-ThrottledChannelReaper-Produce]: Starting
2026-03-31T21:13:04.859-04:00  INFO 1158 --- [mobobs-api] [lReaper-Request] lientQuotaManager$ThrottledChannelReaper : [broker-0-ThrottledChannelReaper-Request]: Starting
2026-03-31T21:13:04.861-04:00  INFO 1158 --- [mobobs-api] [trollerMutation] lientQuotaManager$ThrottledChannelReaper : [broker-0-ThrottledChannelReaper-ControllerMutation]: Starting
2026-03-31T21:13:04.876-04:00  INFO 1158 --- [mobobs-api] [-kit-executor-2] o.a.kafka.controller.QuorumController    : [QuorumController id=0] Creating new QuorumController with clusterId lVE6jCorSeONWb6noR-RqA.
2026-03-31T21:13:04.878-04:00  INFO 1158 --- [mobobs-api] [-raft-io-thread] org.apache.kafka.raft.KafkaRaftClient    : [RaftManager id=0] Registered the listener org.apache.kafka.controller.QuorumController$QuorumMetaLogListener@1726832115
2026-03-31T21:13:04.878-04:00  INFO 1158 --- [mobobs-api] [lReaper-Request] lientQuotaManager$ThrottledChannelReaper : [controller-0-ThrottledChannelReaper-Request]: Starting
2026-03-31T21:13:04.878-04:00  INFO 1158 --- [mobobs-api] [nelReaper-Fetch] lientQuotaManager$ThrottledChannelReaper : [controller-0-ThrottledChannelReaper-Fetch]: Starting
2026-03-31T21:13:04.878-04:00  INFO 1158 --- [mobobs-api] [lReaper-Produce] lientQuotaManager$ThrottledChannelReaper : [controller-0-ThrottledChannelReaper-Produce]: Starting
2026-03-31T21:13:04.881-04:00  INFO 1158 --- [mobobs-api] [trollerMutation] lientQuotaManager$ThrottledChannelReaper : [controller-0-ThrottledChannelReaper-ControllerMutation]: Starting
2026-03-31T21:13:04.884-04:00  INFO 1158 --- [mobobs-api] [0-event-handler] o.a.kafka.controller.QuorumController    : [QuorumController id=0] Becoming the active controller at epoch 1, next write offset 1.
2026-03-31T21:13:04.900-04:00  WARN 1158 --- [mobobs-api] [0-event-handler] o.a.kafka.controller.QuorumController    : [QuorumController id=0] Performing controller activation. The metadata log appears to be empty. Appending 1 bootstrap record(s) in metadata transaction at metadata.version 3.6-IV2 from bootstrap source 'testkit'. Setting the ZK migration state to NONE since this is a de-novo KRaft cluster.
2026-03-31T21:13:04.902-04:00  INFO 1158 --- [mobobs-api] [-kit-executor-3] kafka.log.LogManager                     : Log directory /var/folders/4v/kvzvhsf533vf84l8k0k07m_00000gn/T/kafka-9874761410474289738/broker_0_data0 not found, creating it.
2026-03-31T21:13:04.905-04:00  INFO 1158 --- [mobobs-api] [0-event-handler] o.a.k.controller.OffsetControlManager    : [QuorumController id=0] Replayed BeginTransactionRecord(name='Bootstrap records') at offset 1.
2026-03-31T21:13:04.922-04:00  INFO 1158 --- [mobobs-api] [0-event-handler] o.a.k.controller.FeatureControlManager   : [QuorumController id=0] Replayed a FeatureLevelRecord setting metadata version to 3.6-IV2
2026-03-31T21:13:04.925-04:00  INFO 1158 --- [mobobs-api] [0-event-handler] o.a.k.controller.OffsetControlManager    : [QuorumController id=0] Replayed EndTransactionRecord() at offset 4.
2026-03-31T21:13:04.928-04:00  INFO 1158 --- [mobobs-api] [per-0-AlterAcls] perationPurgatory$ExpiredOperationReaper : [ExpirationReaper-0-AlterAcls]: Starting
2026-03-31T21:13:04.928-04:00  INFO 1158 --- [mobobs-api] [r-event-handler] o.a.kafka.image.loader.MetadataLoader    : [MetadataLoader id=0] initializeNewPublishers: The loader finished catching up to the current high water mark of 1
2026-03-31T21:13:04.961-04:00  INFO 1158 --- [mobobs-api] [r-event-handler] o.a.kafka.image.loader.MetadataLoader    : [MetadataLoader id=0] InitializeNewPublishers: initializing SnapshotGenerator with a snapshot at offset 0
2026-03-31T21:13:04.968-04:00  INFO 1158 --- [mobobs-api] [-kit-executor-3] kafka.server.BrokerServer                : [BrokerServer id=0] Waiting for controller quorum voters future
2026-03-31T21:13:04.969-04:00  INFO 1158 --- [mobobs-api] [-kit-executor-2] kafka.server.ControllerServer            : [ControllerServer id=0] Waiting for the controller metadata publishers to be installed
2026-03-31T21:13:04.969-04:00  INFO 1158 --- [mobobs-api] [-kit-executor-3] kafka.server.BrokerServer                : [BrokerServer id=0] Finished waiting for controller quorum voters future
2026-03-31T21:13:04.971-04:00  INFO 1158 --- [mobobs-api] [-kit-executor-2] kafka.server.ControllerServer            : [ControllerServer id=0] Finished waiting for the controller metadata publishers to be installed
2026-03-31T21:13:04.975-04:00  INFO 1158 --- [mobobs-api] [r-event-handler] o.a.kafka.image.loader.MetadataLoader    : [MetadataLoader id=0] InitializeNewPublishers: initializing FeaturesPublisher with a snapshot at offset 0
2026-03-31T21:13:04.976-04:00  INFO 1158 --- [mobobs-api] [-kit-executor-2] kafka.network.SocketServer               : [SocketServer listenerType=CONTROLLER, nodeId=0] Enabling request processing.
2026-03-31T21:13:04.976-04:00  INFO 1158 --- [mobobs-api] [r-event-handler] o.a.kafka.image.loader.MetadataLoader    : [MetadataLoader id=0] InitializeNewPublishers: initializing DynamicConfigPublisher controller id=0 with a snapshot at offset 0
2026-03-31T21:13:04.979-04:00  INFO 1158 --- [mobobs-api] [r-event-handler] o.a.kafka.image.loader.MetadataLoader    : [MetadataLoader id=0] InitializeNewPublishers: initializing DynamicClientQuotaPublisher controller id=0 with a snapshot at offset 0
2026-03-31T21:13:04.984-04:00  INFO 1158 --- [mobobs-api] [r-event-handler] o.a.kafka.image.loader.MetadataLoader    : [MetadataLoader id=0] InitializeNewPublishers: initializing ScramPublisher controller id=0 with a snapshot at offset 0
2026-03-31T21:13:04.984-04:00  INFO 1158 --- [mobobs-api] [-kit-executor-2] kafka.server.ControllerServer            : [ControllerServer id=0] Waiting for all of the authorizer futures to be completed
2026-03-31T21:13:04.985-04:00  INFO 1158 --- [mobobs-api] [-kit-executor-2] kafka.server.ControllerServer            : [ControllerServer id=0] Finished waiting for all of the authorizer futures to be completed
2026-03-31T21:13:04.985-04:00  INFO 1158 --- [mobobs-api] [-kit-executor-2] kafka.server.ControllerServer            : [ControllerServer id=0] Waiting for all of the SocketServer Acceptors to be started
2026-03-31T21:13:04.985-04:00  INFO 1158 --- [mobobs-api] [-kit-executor-2] kafka.server.ControllerServer            : [ControllerServer id=0] Finished waiting for all of the SocketServer Acceptors to be started
2026-03-31T21:13:04.994-04:00  INFO 1158 --- [mobobs-api] [channel-manager] k.s.BrokerToControllerRequestThread      : [broker-0-to-controller-forwarding-channel-manager]: Starting
2026-03-31T21:13:04.995-04:00  INFO 1158 --- [mobobs-api] [r-event-handler] o.a.kafka.image.loader.MetadataLoader    : [MetadataLoader id=0] InitializeNewPublishers: initializing DelegationTokenPublisher controller id=0 with a snapshot at offset 0
2026-03-31T21:13:05.005-04:00  INFO 1158 --- [mobobs-api] [r-event-handler] o.a.kafka.image.loader.MetadataLoader    : [MetadataLoader id=0] InitializeNewPublishers: initializing ControllerMetadataMetricsPublisher with a snapshot at offset 0
2026-03-31T21:13:05.004-04:00  INFO 1158 --- [mobobs-api] [channel-manager] k.s.BrokerToControllerRequestThread      : [broker-0-to-controller-forwarding-channel-manager]: Recorded new controller, from now on will use node localhost:49777 (id: 0 rack: null)
2026-03-31T21:13:05.012-04:00  INFO 1158 --- [mobobs-api] [r-event-handler] o.a.kafka.image.loader.MetadataLoader    : [MetadataLoader id=0] InitializeNewPublishers: initializing AclPublisher controller id=0 with a snapshot at offset 0
2026-03-31T21:13:05.121-04:00  INFO 1158 --- [mobobs-api] [-kit-executor-3] kafka.network.ConnectionQuotas           : Updated connection-accept-rate max connection creation rate to 2147483647
2026-03-31T21:13:05.122-04:00  INFO 1158 --- [mobobs-api] [-kit-executor-3] kafka.network.DataPlaneAcceptor          : Awaiting socket connections on localhost:49778.
2026-03-31T21:13:05.122-04:00  INFO 1158 --- [mobobs-api] [-kit-executor-3] kafka.network.DataPlaneAcceptor          : Opened wildcard endpoint localhost:49778
2026-03-31T21:13:05.132-04:00  INFO 1158 --- [mobobs-api] [-kit-executor-3] kafka.network.SocketServer               : [SocketServer listenerType=BROKER, nodeId=0] Created data-plane acceptor and processors for endpoint : ListenerName(EXTERNAL)
2026-03-31T21:13:05.139-04:00  INFO 1158 --- [mobobs-api] [channel-manager] k.s.BrokerToControllerRequestThread      : [broker-0-to-controller-alter-partition-channel-manager]: Starting
2026-03-31T21:13:05.142-04:00  INFO 1158 --- [mobobs-api] [channel-manager] k.s.BrokerToControllerRequestThread      : [broker-0-to-controller-alter-partition-channel-manager]: Recorded new controller, from now on will use node localhost:49777 (id: 0 rack: null)
2026-03-31T21:13:05.182-04:00  INFO 1158 --- [mobobs-api] [eaper-0-Produce] perationPurgatory$ExpiredOperationReaper : [ExpirationReaper-0-Produce]: Starting
2026-03-31T21:13:05.188-04:00  INFO 1158 --- [mobobs-api] [nReaper-0-Fetch] perationPurgatory$ExpiredOperationReaper : [ExpirationReaper-0-Fetch]: Starting
2026-03-31T21:13:05.189-04:00  INFO 1158 --- [mobobs-api] [0-DeleteRecords] perationPurgatory$ExpiredOperationReaper : [ExpirationReaper-0-DeleteRecords]: Starting
2026-03-31T21:13:05.190-04:00  INFO 1158 --- [mobobs-api] [r-0-ElectLeader] perationPurgatory$ExpiredOperationReaper : [ExpirationReaper-0-ElectLeader]: Starting
2026-03-31T21:13:05.193-04:00  INFO 1158 --- [mobobs-api] [r-0-RemoteFetch] perationPurgatory$ExpiredOperationReaper : [ExpirationReaper-0-RemoteFetch]: Starting
2026-03-31T21:13:05.278-04:00  INFO 1158 --- [mobobs-api] [per-0-Heartbeat] perationPurgatory$ExpiredOperationReaper : [ExpirationReaper-0-Heartbeat]: Starting
2026-03-31T21:13:05.284-04:00  INFO 1158 --- [mobobs-api] [per-0-Rebalance] perationPurgatory$ExpiredOperationReaper : [ExpirationReaper-0-Rebalance]: Starting
2026-03-31T21:13:05.360-04:00  INFO 1158 --- [mobobs-api] [channel-manager] k.s.BrokerToControllerRequestThread      : [broker-0-to-controller-heartbeat-channel-manager]: Starting
2026-03-31T21:13:05.362-04:00  INFO 1158 --- [mobobs-api] [channel-manager] k.s.BrokerToControllerRequestThread      : [broker-0-to-controller-heartbeat-channel-manager]: Recorded new controller, from now on will use node localhost:49777 (id: 0 rack: null)
2026-03-31T21:13:05.374-04:00  INFO 1158 --- [mobobs-api] [r-event-handler] kafka.server.BrokerLifecycleManager      : [BrokerLifecycleManager id=0] Incarnation tuNwtAHpRQWpvh9fDWFwMQ of broker 0 in cluster lVE6jCorSeONWb6noR-RqA is now STARTING.
2026-03-31T21:13:05.414-04:00  INFO 1158 --- [mobobs-api] [per-0-AlterAcls] perationPurgatory$ExpiredOperationReaper : [ExpirationReaper-0-AlterAcls]: Starting
2026-03-31T21:13:05.496-04:00  INFO 1158 --- [mobobs-api] [r-event-handler] o.a.kafka.image.loader.MetadataLoader    : [MetadataLoader id=0] InitializeNewPublishers: initializing BrokerMetadataPublisher with a snapshot at offset 5
2026-03-31T21:13:05.495-04:00  INFO 1158 --- [mobobs-api] [-kit-executor-3] kafka.server.BrokerServer                : [BrokerServer id=0] Waiting for the broker metadata publishers to be installed
2026-03-31T21:13:05.499-04:00  INFO 1158 --- [mobobs-api] [-kit-executor-3] kafka.server.BrokerServer                : [BrokerServer id=0] Finished waiting for the broker metadata publishers to be installed
2026-03-31T21:13:05.501-04:00  INFO 1158 --- [mobobs-api] [r-event-handler] k.s.metadata.BrokerMetadataPublisher     : [BrokerMetadataPublisher id=0] Publishing initial metadata at offset OffsetAndEpoch(offset=5, epoch=1) with metadata.version 3.6-IV2.
2026-03-31T21:13:05.509-04:00  INFO 1158 --- [mobobs-api] [-kit-executor-3] kafka.server.BrokerServer                : [BrokerServer id=0] Waiting for the controller to acknowledge that we are caught up
2026-03-31T21:13:05.514-04:00  INFO 1158 --- [mobobs-api] [r-event-handler] kafka.log.LogManager                     : Loading logs from log dirs ArraySeq(/var/folders/4v/kvzvhsf533vf84l8k0k07m_00000gn/T/kafka-9874761410474289738/broker_0_data0)
2026-03-31T21:13:05.552-04:00  INFO 1158 --- [mobobs-api] [r-event-handler] kafka.log.LogManager                     : No logs found to be loaded in /var/folders/4v/kvzvhsf533vf84l8k0k07m_00000gn/T/kafka-9874761410474289738/broker_0_data0
2026-03-31T21:13:05.604-04:00  INFO 1158 --- [mobobs-api] [r-event-handler] kafka.log.LogManager                     : Loaded 0 logs in 88ms
2026-03-31T21:13:05.609-04:00  INFO 1158 --- [mobobs-api] [r-event-handler] kafka.log.LogManager                     : Starting log cleanup with a period of 300000 ms.
2026-03-31T21:13:05.610-04:00  INFO 1158 --- [mobobs-api] [r-event-handler] kafka.log.LogManager                     : Starting log flusher with a default period of 9223372036854775807 ms.
2026-03-31T21:13:05.615-04:00  INFO 1158 --- [mobobs-api] [0-event-handler] o.a.k.controller.ClusterControlManager   : [QuorumController id=0] Replayed initial RegisterBrokerRecord for broker 0: RegisterBrokerRecord(brokerId=0, isMigratingZkBroker=false, incarnationId=tuNwtAHpRQWpvh9fDWFwMQ, brokerEpoch=6, endPoints=[BrokerEndpoint(name='EXTERNAL', host='localhost', port=49778, securityProtocol=0)], features=[BrokerFeature(name='metadata.version', minSupportedVersion=1, maxSupportedVersion=14)], rack=null, fenced=true, inControlledShutdown=false)
2026-03-31T21:13:05.624-04:00  INFO 1158 --- [mobobs-api] [r-event-handler] kafka.log.LogCleaner                     : Starting the log cleaner
2026-03-31T21:13:05.634-04:00  INFO 1158 --- [mobobs-api] [leaner-thread-0] kafka.log.LogCleaner$CleanerThread       : [kafka-log-cleaner-thread-0]: Starting
2026-03-31T21:13:05.639-04:00  INFO 1158 --- [mobobs-api] [rFailureHandler] k.s.ReplicaManager$LogDirFailureHandler  : [LogDirFailureHandler]: Starting
2026-03-31T21:13:05.640-04:00  INFO 1158 --- [mobobs-api] [nSenderThread-0] kafka.server.AddPartitionsToTxnManager   : [AddPartitionsToTxnSenderThread-0]: Starting
2026-03-31T21:13:05.641-04:00  INFO 1158 --- [mobobs-api] [r-event-handler] k.coordinator.group.GroupCoordinator     : [GroupCoordinator 0]: Starting up.
2026-03-31T21:13:05.644-04:00  INFO 1158 --- [mobobs-api] [r-event-handler] k.coordinator.group.GroupCoordinator     : [GroupCoordinator 0]: Startup complete.
2026-03-31T21:13:05.645-04:00  INFO 1158 --- [mobobs-api] [r-event-handler] k.c.transaction.TransactionCoordinator   : [TransactionCoordinator id=0] Starting up.
2026-03-31T21:13:05.649-04:00  INFO 1158 --- [mobobs-api] [rSenderThread-0] k.c.t.TransactionMarkerChannelManager    : [TxnMarkerSenderThread-0]: Starting
2026-03-31T21:13:05.649-04:00  INFO 1158 --- [mobobs-api] [r-event-handler] k.c.transaction.TransactionCoordinator   : [TransactionCoordinator id=0] Startup complete.
2026-03-31T21:13:05.656-04:00  INFO 1158 --- [mobobs-api] [r-event-handler] k.s.metadata.BrokerMetadataPublisher     : [BrokerMetadataPublisher id=0] Updating metadata.version to 14 at offset OffsetAndEpoch(offset=5, epoch=1).
2026-03-31T21:13:05.674-04:00  INFO 1158 --- [mobobs-api] [channel-manager] kafka.server.BrokerLifecycleManager      : [BrokerLifecycleManager id=0] Successfully registered broker 0 with broker epoch 6
2026-03-31T21:13:05.704-04:00  INFO 1158 --- [mobobs-api] [channel-manager] kafka.server.BrokerLifecycleManager      : [BrokerLifecycleManager id=0] The broker has caught up. Transitioning from STARTING to RECOVERY.
2026-03-31T21:13:05.704-04:00  INFO 1158 --- [mobobs-api] [-kit-executor-3] kafka.server.BrokerServer                : [BrokerServer id=0] Finished waiting for the controller to acknowledge that we are caught up
2026-03-31T21:13:05.704-04:00  INFO 1158 --- [mobobs-api] [-kit-executor-3] kafka.server.BrokerServer                : [BrokerServer id=0] Waiting for the initial broker metadata update to be published
2026-03-31T21:13:05.705-04:00  INFO 1158 --- [mobobs-api] [-kit-executor-3] kafka.server.BrokerServer                : [BrokerServer id=0] Finished waiting for the initial broker metadata update to be published
2026-03-31T21:13:05.710-04:00  INFO 1158 --- [mobobs-api] [-kit-executor-3] kafka.server.KafkaConfig                 : KafkaConfig values: 
	advertised.listeners = null
	alter.config.policy.class.name = null
	alter.log.dirs.replication.quota.window.num = 11
	alter.log.dirs.replication.quota.window.size.seconds = 1
	authorizer.class.name = 
	auto.create.topics.enable = true
	auto.include.jmx.reporter = true
	auto.leader.rebalance.enable = true
	background.threads = 10
	broker.heartbeat.interval.ms = 2000
	broker.id = 0
	broker.id.generation.enable = true
	broker.rack = null
	broker.session.timeout.ms = 9000
	client.quota.callback.class = null
	compression.type = producer
	connection.failed.authentication.delay.ms = 100
	connections.max.idle.ms = 600000
	connections.max.reauth.ms = 0
	control.plane.listener.name = null
	controlled.shutdown.enable = true
	controlled.shutdown.max.retries = 3
	controlled.shutdown.retry.backoff.ms = 5000
	controller.listener.names = CONTROLLER
	controller.quorum.append.linger.ms = 25
	controller.quorum.election.backoff.max.ms = 1000
	controller.quorum.election.timeout.ms = 1000
	controller.quorum.fetch.timeout.ms = 2000
	controller.quorum.request.timeout.ms = 2000
	controller.quorum.retry.backoff.ms = 20
	controller.quorum.voters = [0@0.0.0.0:0]
	controller.quota.window.num = 11
	controller.quota.window.size.seconds = 1
	controller.socket.timeout.ms = 30000
	create.topic.policy.class.name = null
	default.replication.factor = 1
	delegation.token.expiry.check.interval.ms = 3600000
	delegation.token.expiry.time.ms = 86400000
	delegation.token.master.key = null
	delegation.token.max.lifetime.ms = 604800000
	delegation.token.secret.key = null
	delete.records.purgatory.purge.interval.requests = 1
	delete.topic.enable = true
	early.start.listeners = null
	fetch.max.bytes = 57671680
	fetch.purgatory.purge.interval.requests = 1000
	group.consumer.assignors = [org.apache.kafka.coordinator.group.assignor.RangeAssignor]
	group.consumer.heartbeat.interval.ms = 5000
	group.consumer.max.heartbeat.interval.ms = 15000
	group.consumer.max.session.timeout.ms = 60000
	group.consumer.max.size = 2147483647
	group.consumer.min.heartbeat.interval.ms = 5000
	group.consumer.min.session.timeout.ms = 45000
	group.consumer.session.timeout.ms = 45000
	group.coordinator.new.enable = false
	group.coordinator.threads = 1
	group.initial.rebalance.delay.ms = 0
	group.max.session.timeout.ms = 1800000
	group.max.size = 2147483647
	group.min.session.timeout.ms = 6000
	initial.broker.registration.timeout.ms = 60000
	inter.broker.listener.name = EXTERNAL
	inter.broker.protocol.version = 3.6-IV2
	kafka.metrics.polling.interval.secs = 10
	kafka.metrics.reporters = []
	leader.imbalance.check.interval.seconds = 300
	leader.imbalance.per.broker.percentage = 10
	listener.security.protocol.map = EXTERNAL:PLAINTEXT,CONTROLLER:PLAINTEXT
	listeners = EXTERNAL://localhost:0,CONTROLLER://localhost:0
	log.cleaner.backoff.ms = 15000
	log.cleaner.dedupe.buffer.size = 2097152
	log.cleaner.delete.retention.ms = 86400000
	log.cleaner.enable = true
	log.cleaner.io.buffer.load.factor = 0.9
	log.cleaner.io.buffer.size = 524288
	log.cleaner.io.max.bytes.per.second = 1.7976931348623157E308
	log.cleaner.max.compaction.lag.ms = 9223372036854775807
	log.cleaner.min.cleanable.ratio = 0.5
	log.cleaner.min.compaction.lag.ms = 0
	log.cleaner.threads = 1
	log.cleanup.policy = [delete]
	log.dir = /tmp/kafka-logs
	log.dirs = /var/folders/4v/kvzvhsf533vf84l8k0k07m_00000gn/T/kafka-9874761410474289738/broker_0_data0
	log.flush.interval.messages = 9223372036854775807
	log.flush.interval.ms = null
	log.flush.offset.checkpoint.interval.ms = 60000
	log.flush.scheduler.interval.ms = 9223372036854775807
	log.flush.start.offset.checkpoint.interval.ms = 60000
	log.index.interval.bytes = 4096
	log.index.size.max.bytes = 10485760
	log.local.retention.bytes = -2
	log.local.retention.ms = -2
	log.message.downconversion.enable = true
	log.message.format.version = 3.0-IV1
	log.message.timestamp.after.max.ms = 9223372036854775807
	log.message.timestamp.before.max.ms = 9223372036854775807
	log.message.timestamp.difference.max.ms = 9223372036854775807
	log.message.timestamp.type = CreateTime
	log.preallocate = false
	log.retention.bytes = -1
	log.retention.check.interval.ms = 300000
	log.retention.hours = 168
	log.retention.minutes = null
	log.retention.ms = null
	log.roll.hours = 168
	log.roll.jitter.hours = 0
	log.roll.jitter.ms = null
	log.roll.ms = null
	log.segment.bytes = 1073741824
	log.segment.delete.delay.ms = 60000
	max.connection.creation.rate = 2147483647
	max.connections = 2147483647
	max.connections.per.ip = 2147483647
	max.connections.per.ip.overrides = 
	max.incremental.fetch.session.cache.slots = 1000
	message.max.bytes = 1048588
	metadata.log.dir = /var/folders/4v/kvzvhsf533vf84l8k0k07m_00000gn/T/kafka-9874761410474289738/controller_0
	metadata.log.max.record.bytes.between.snapshots = 20971520
	metadata.log.max.snapshot.interval.ms = 3600000
	metadata.log.segment.bytes = 1073741824
	metadata.log.segment.min.bytes = 8388608
	metadata.log.segment.ms = 604800000
	metadata.max.idle.interval.ms = 500
	metadata.max.retention.bytes = 104857600
	metadata.max.retention.ms = 604800000
	metric.reporters = []
	metrics.num.samples = 2
	metrics.recording.level = INFO
	metrics.sample.window.ms = 30000
	min.insync.replicas = 1
	node.id = 0
	num.io.threads = 8
	num.network.threads = 3
	num.partitions = 1
	num.recovery.threads.per.data.dir = 1
	num.replica.alter.log.dirs.threads = null
	num.replica.fetchers = 1
	offset.metadata.max.bytes = 4096
	offsets.commit.required.acks = -1
	offsets.commit.timeout.ms = 5000
	offsets.load.buffer.size = 5242880
	offsets.retention.check.interval.ms = 600000
	offsets.retention.minutes = 10080
	offsets.topic.compression.codec = 0
	offsets.topic.num.partitions = 50
	offsets.topic.replication.factor = 1
	offsets.topic.segment.bytes = 104857600
	password.encoder.cipher.algorithm = AES/CBC/PKCS5Padding
	password.encoder.iterations = 4096
	password.encoder.key.length = 128
	password.encoder.keyfactory.algorithm = null
	password.encoder.old.secret = null
	password.encoder.secret = null
	principal.builder.class = class org.apache.kafka.common.security.authenticator.DefaultKafkaPrincipalBuilder
	process.roles = [broker, controller]
	producer.id.expiration.check.interval.ms = 600000
	producer.id.expiration.ms = 86400000
	producer.purgatory.purge.interval.requests = 1000
	queued.max.request.bytes = -1
	queued.max.requests = 500
	quota.window.num = 11
	quota.window.size.seconds = 1
	remote.log.index.file.cache.total.size.bytes = 1073741824
	remote.log.manager.task.interval.ms = 30000
	remote.log.manager.task.retry.backoff.max.ms = 30000
	remote.log.manager.task.retry.backoff.ms = 500
	remote.log.manager.task.retry.jitter = 0.2
	remote.log.manager.thread.pool.size = 10
	remote.log.metadata.custom.metadata.max.bytes = 128
	remote.log.metadata.manager.class.name = org.apache.kafka.server.log.remote.metadata.storage.TopicBasedRemoteLogMetadataManager
	remote.log.metadata.manager.class.path = null
	remote.log.metadata.manager.impl.prefix = rlmm.config.
	remote.log.metadata.manager.listener.name = null
	remote.log.reader.max.pending.tasks = 100
	remote.log.reader.threads = 10
	remote.log.storage.manager.class.name = null
	remote.log.storage.manager.class.path = null
	remote.log.storage.manager.impl.prefix = rsm.config.
	remote.log.storage.system.enable = false
	replica.fetch.backoff.ms = 1000
	replica.fetch.max.bytes = 1048576
	replica.fetch.min.bytes = 1
	replica.fetch.response.max.bytes = 10485760
	replica.fetch.wait.max.ms = 500
	replica.high.watermark.checkpoint.interval.ms = 5000
	replica.lag.time.max.ms = 30000
	replica.selector.class = null
	replica.socket.receive.buffer.bytes = 65536
	replica.socket.timeout.ms = 30000
	replication.quota.window.num = 11
	replication.quota.window.size.seconds = 1
	request.timeout.ms = 30000
	reserved.broker.max.id = 1000
	sasl.client.callback.handler.class = null
	sasl.enabled.mechanisms = [GSSAPI]
	sasl.jaas.config = null
	sasl.kerberos.kinit.cmd = /usr/bin/kinit
	sasl.kerberos.min.time.before.relogin = 60000
	sasl.kerberos.principal.to.local.rules = [DEFAULT]
	sasl.kerberos.service.name = null
	sasl.kerberos.ticket.renew.jitter = 0.05
	sasl.kerberos.ticket.renew.window.factor = 0.8
	sasl.login.callback.handler.class = null
	sasl.login.class = null
	sasl.login.connect.timeout.ms = null
	sasl.login.read.timeout.ms = null
	sasl.login.refresh.buffer.seconds = 300
	sasl.login.refresh.min.period.seconds = 60
	sasl.login.refresh.window.factor = 0.8
	sasl.login.refresh.window.jitter = 0.05
	sasl.login.retry.backoff.max.ms = 10000
	sasl.login.retry.backoff.ms = 100
	sasl.mechanism.controller.protocol = GSSAPI
	sasl.mechanism.inter.broker.protocol = GSSAPI
	sasl.oauthbearer.clock.skew.seconds = 30
	sasl.oauthbearer.expected.audience = null
	sasl.oauthbearer.expected.issuer = null
	sasl.oauthbearer.jwks.endpoint.refresh.ms = 3600000
	sasl.oauthbearer.jwks.endpoint.retry.backoff.max.ms = 10000
	sasl.oauthbearer.jwks.endpoint.retry.backoff.ms = 100
	sasl.oauthbearer.jwks.endpoint.url = null
	sasl.oauthbearer.scope.claim.name = scope
	sasl.oauthbearer.sub.claim.name = sub
	sasl.oauthbearer.token.endpoint.url = null
	sasl.server.callback.handler.class = null
	sasl.server.max.receive.size = 524288
	security.inter.broker.protocol = PLAINTEXT
	security.providers = null
	server.max.startup.time.ms = 600000
	socket.connection.setup.timeout.max.ms = 30000
	socket.connection.setup.timeout.ms = 10000
	socket.listen.backlog.size = 50
	socket.receive.buffer.bytes = 102400
	socket.request.max.bytes = 104857600
	socket.send.buffer.bytes = 102400
	ssl.cipher.suites = []
	ssl.client.auth = none
	ssl.enabled.protocols = [TLSv1.2, TLSv1.3]
	ssl.endpoint.identification.algorithm = https
	ssl.engine.factory.class = null
	ssl.key.password = null
	ssl.keymanager.algorithm = SunX509
	ssl.keystore.certificate.chain = null
	ssl.keystore.key = null
	ssl.keystore.location = null
	ssl.keystore.password = null
	ssl.keystore.type = JKS
	ssl.principal.mapping.rules = DEFAULT
	ssl.protocol = TLSv1.3
	ssl.provider = null
	ssl.secure.random.implementation = null
	ssl.trustmanager.algorithm = PKIX
	ssl.truststore.certificates = null
	ssl.truststore.location = null
	ssl.truststore.password = null
	ssl.truststore.type = JKS
	transaction.abort.timed.out.transaction.cleanup.interval.ms = 10000
	transaction.max.timeout.ms = 900000
	transaction.partition.verification.enable = true
	transaction.remove.expired.transaction.cleanup.interval.ms = 3600000
	transaction.state.log.load.buffer.size = 5242880
	transaction.state.log.min.isr = 2
	transaction.state.log.num.partitions = 50
	transaction.state.log.replication.factor = 3
	transaction.state.log.segment.bytes = 104857600
	transactional.id.expiration.ms = 604800000
	unclean.leader.election.enable = false
	unstable.api.versions.enable = false
	zookeeper.clientCnxnSocket = null
	zookeeper.connect = null
	zookeeper.connection.timeout.ms = null
	zookeeper.max.in.flight.requests = 10
	zookeeper.metadata.migration.enable = false
	zookeeper.metadata.migration.min.batch.size = 200
	zookeeper.session.timeout.ms = 18000
	zookeeper.set.acl = false
	zookeeper.ssl.cipher.suites = null
	zookeeper.ssl.client.enable = false
	zookeeper.ssl.crl.enable = false
	zookeeper.ssl.enabled.protocols = null
	zookeeper.ssl.endpoint.identification.algorithm = HTTPS
	zookeeper.ssl.keystore.location = null
	zookeeper.ssl.keystore.password = null
	zookeeper.ssl.keystore.type = null
	zookeeper.ssl.ocsp.enable = false
	zookeeper.ssl.protocol = TLSv1.2
	zookeeper.ssl.truststore.location = null
	zookeeper.ssl.truststore.password = null
	zookeeper.ssl.truststore.type = null

2026-03-31T21:13:05.727-04:00  INFO 1158 --- [mobobs-api] [channel-manager] kafka.server.BrokerLifecycleManager      : [BrokerLifecycleManager id=0] The broker is in RECOVERY.
2026-03-31T21:13:05.752-04:00  INFO 1158 --- [mobobs-api] [-kit-executor-3] kafka.server.BrokerServer                : [BrokerServer id=0] Waiting for the broker to be unfenced
2026-03-31T21:13:05.757-04:00  INFO 1158 --- [mobobs-api] [0-event-handler] o.a.k.controller.BrokerHeartbeatManager  : [QuorumController id=0] The request from broker 0 to unfence has been granted because it has caught up with the offset of its register broker record 6.
2026-03-31T21:13:05.785-04:00  INFO 1158 --- [mobobs-api] [0-event-handler] o.a.k.controller.ClusterControlManager   : [QuorumController id=0] Replayed BrokerRegistrationChangeRecord modifying the registration for broker 0: BrokerRegistrationChangeRecord(brokerId=0, brokerEpoch=6, fenced=-1, inControlledShutdown=0)
2026-03-31T21:13:05.824-04:00  INFO 1158 --- [mobobs-api] [channel-manager] kafka.server.BrokerLifecycleManager      : [BrokerLifecycleManager id=0] The broker has been unfenced. Transitioning from RECOVERY to RUNNING.
2026-03-31T21:13:05.825-04:00  INFO 1158 --- [mobobs-api] [-kit-executor-3] kafka.server.BrokerServer                : [BrokerServer id=0] Finished waiting for the broker to be unfenced
2026-03-31T21:13:05.829-04:00  INFO 1158 --- [mobobs-api] [-kit-executor-3] o.a.k.s.network.EndpointReadyFutures     : authorizerStart completed for endpoint EXTERNAL. Endpoint is now READY.
2026-03-31T21:13:05.830-04:00  INFO 1158 --- [mobobs-api] [-kit-executor-3] kafka.network.SocketServer               : [SocketServer listenerType=BROKER, nodeId=0] Enabling request processing.
2026-03-31T21:13:05.832-04:00  INFO 1158 --- [mobobs-api] [-kit-executor-3] kafka.server.BrokerServer                : [BrokerServer id=0] Waiting for all of the authorizer futures to be completed
2026-03-31T21:13:05.832-04:00  INFO 1158 --- [mobobs-api] [-kit-executor-3] kafka.server.BrokerServer                : [BrokerServer id=0] Finished waiting for all of the authorizer futures to be completed
2026-03-31T21:13:05.833-04:00  INFO 1158 --- [mobobs-api] [-kit-executor-3] kafka.server.BrokerServer                : [BrokerServer id=0] Waiting for all of the SocketServer Acceptors to be started
2026-03-31T21:13:05.834-04:00  INFO 1158 --- [mobobs-api] [-kit-executor-3] kafka.server.BrokerServer                : [BrokerServer id=0] Finished waiting for all of the SocketServer Acceptors to be started
2026-03-31T21:13:05.835-04:00  INFO 1158 --- [mobobs-api] [-kit-executor-3] kafka.server.BrokerServer                : [BrokerServer id=0] Transition from STARTING to STARTED
2026-03-31T21:13:05.872-04:00  INFO 1158 --- [mobobs-api] [    Test worker] o.a.k.clients.admin.AdminClientConfig    : AdminClientConfig values: 
	auto.include.jmx.reporter = true
	bootstrap.servers = [localhost:49778]
	client.dns.lookup = use_all_dns_ips
	client.id = 
	connections.max.idle.ms = 300000
	default.api.timeout.ms = 60000
	metadata.max.age.ms = 300000
	metric.reporters = []
	metrics.num.samples = 2
	metrics.recording.level = INFO
	metrics.sample.window.ms = 30000
	receive.buffer.bytes = 65536
	reconnect.backoff.max.ms = 1000
	reconnect.backoff.ms = 50
	request.timeout.ms = 30000
	retries = 2147483647
	retry.backoff.ms = 100
	sasl.client.callback.handler.class = null
	sasl.jaas.config = null
	sasl.kerberos.kinit.cmd = /usr/bin/kinit
	sasl.kerberos.min.time.before.relogin = 60000
	sasl.kerberos.service.name = null
	sasl.kerberos.ticket.renew.jitter = 0.05
	sasl.kerberos.ticket.renew.window.factor = 0.8
	sasl.login.callback.handler.class = null
	sasl.login.class = null
	sasl.login.connect.timeout.ms = null
	sasl.login.read.timeout.ms = null
	sasl.login.refresh.buffer.seconds = 300
	sasl.login.refresh.min.period.seconds = 60
	sasl.login.refresh.window.factor = 0.8
	sasl.login.refresh.window.jitter = 0.05
	sasl.login.retry.backoff.max.ms = 10000
	sasl.login.retry.backoff.ms = 100
	sasl.mechanism = GSSAPI
	sasl.oauthbearer.clock.skew.seconds = 30
	sasl.oauthbearer.expected.audience = null
	sasl.oauthbearer.expected.issuer = null
	sasl.oauthbearer.jwks.endpoint.refresh.ms = 3600000
	sasl.oauthbearer.jwks.endpoint.retry.backoff.max.ms = 10000
	sasl.oauthbearer.jwks.endpoint.retry.backoff.ms = 100
	sasl.oauthbearer.jwks.endpoint.url = null
	sasl.oauthbearer.scope.claim.name = scope
	sasl.oauthbearer.sub.claim.name = sub
	sasl.oauthbearer.token.endpoint.url = null
	security.protocol = PLAINTEXT
	security.providers = null
	send.buffer.bytes = 131072
	socket.connection.setup.timeout.max.ms = 30000
	socket.connection.setup.timeout.ms = 10000
	ssl.cipher.suites = null
	ssl.enabled.protocols = [TLSv1.2, TLSv1.3]
	ssl.endpoint.identification.algorithm = https
	ssl.engine.factory.class = null
	ssl.key.password = null
	ssl.keymanager.algorithm = SunX509
	ssl.keystore.certificate.chain = null
	ssl.keystore.key = null
	ssl.keystore.location = null
	ssl.keystore.password = null
	ssl.keystore.type = JKS
	ssl.protocol = TLSv1.3
	ssl.provider = null
	ssl.secure.random.implementation = null
	ssl.trustmanager.algorithm = PKIX
	ssl.truststore.certificates = null
	ssl.truststore.location = null
	ssl.truststore.password = null
	ssl.truststore.type = JKS

2026-03-31T21:13:05.922-04:00  INFO 1158 --- [mobobs-api] [    Test worker] o.a.kafka.common.utils.AppInfoParser     : Kafka version: 3.6.2
2026-03-31T21:13:05.927-04:00  INFO 1158 --- [mobobs-api] [    Test worker] o.a.kafka.common.utils.AppInfoParser     : Kafka commitId: c4deed513057c94e
2026-03-31T21:13:05.932-04:00  INFO 1158 --- [mobobs-api] [    Test worker] o.a.kafka.common.utils.AppInfoParser     : Kafka startTimeMs: 1775005985921
2026-03-31T21:13:06.148-04:00  INFO 1158 --- [mobobs-api] [0-event-handler] o.a.k.c.ReplicationControlManager        : [QuorumController id=0] CreateTopics result(s): CreatableTopic(name='mobile.api.raw', numPartitions=1, replicationFactor=1, assignments=[], configs=[]): SUCCESS, CreatableTopic(name='mobile.events.raw', numPartitions=1, replicationFactor=1, assignments=[], configs=[]): SUCCESS, CreatableTopic(name='mobile.errors.raw', numPartitions=1, replicationFactor=1, assignments=[], configs=[]): SUCCESS
2026-03-31T21:13:06.158-04:00  INFO 1158 --- [mobobs-api] [0-event-handler] o.a.k.c.ReplicationControlManager        : [QuorumController id=0] Replayed TopicRecord for topic mobile.api.raw with topic ID A2rnYn-XSeeVheYqSgd8Fg.
2026-03-31T21:13:06.160-04:00  INFO 1158 --- [mobobs-api] [0-event-handler] o.a.k.c.ReplicationControlManager        : [QuorumController id=0] Replayed PartitionRecord for new partition mobile.api.raw-0 with topic ID A2rnYn-XSeeVheYqSgd8Fg and PartitionRegistration(replicas=[0], isr=[0], removingReplicas=[], addingReplicas=[], leader=0, leaderRecoveryState=RECOVERED, leaderEpoch=0, partitionEpoch=0).
2026-03-31T21:13:06.161-04:00  INFO 1158 --- [mobobs-api] [0-event-handler] o.a.k.c.ReplicationControlManager        : [QuorumController id=0] Replayed TopicRecord for topic mobile.events.raw with topic ID J7eQ_wJzQ6W5Lzh7KviMIA.
2026-03-31T21:13:06.162-04:00  INFO 1158 --- [mobobs-api] [0-event-handler] o.a.k.c.ReplicationControlManager        : [QuorumController id=0] Replayed PartitionRecord for new partition mobile.events.raw-0 with topic ID J7eQ_wJzQ6W5Lzh7KviMIA and PartitionRegistration(replicas=[0], isr=[0], removingReplicas=[], addingReplicas=[], leader=0, leaderRecoveryState=RECOVERED, leaderEpoch=0, partitionEpoch=0).
2026-03-31T21:13:06.163-04:00  INFO 1158 --- [mobobs-api] [0-event-handler] o.a.k.c.ReplicationControlManager        : [QuorumController id=0] Replayed TopicRecord for topic mobile.errors.raw with topic ID xrjs0yH0RBuH5zALwbwSWw.
2026-03-31T21:13:06.163-04:00  INFO 1158 --- [mobobs-api] [0-event-handler] o.a.k.c.ReplicationControlManager        : [QuorumController id=0] Replayed PartitionRecord for new partition mobile.errors.raw-0 with topic ID xrjs0yH0RBuH5zALwbwSWw and PartitionRegistration(replicas=[0], isr=[0], removingReplicas=[], addingReplicas=[], leader=0, leaderRecoveryState=RECOVERED, leaderEpoch=0, partitionEpoch=0).
2026-03-31T21:13:06.204-04:00  INFO 1158 --- [mobobs-api] [r-event-handler] state.change.logger                      : [Broker id=0] Transitioning 3 partition(s) to local leaders.
2026-03-31T21:13:06.206-04:00  INFO 1158 --- [mobobs-api] [r-event-handler] kafka.server.ReplicaFetcherManager       : [ReplicaFetcherManager on broker 0] Removed fetcher for partitions Set(mobile.events.raw-0, mobile.errors.raw-0, mobile.api.raw-0)
2026-03-31T21:13:06.211-04:00  INFO 1158 --- [mobobs-api] [r-event-handler] state.change.logger                      : [Broker id=0] Creating new partition mobile.events.raw-0 with topic id J7eQ_wJzQ6W5Lzh7KviMIA.
2026-03-31T21:13:06.228-04:00  INFO 1158 --- [mobobs-api] [| adminclient-1] o.a.kafka.common.utils.AppInfoParser     : App info kafka.admin.client for adminclient-1 unregistered
2026-03-31T21:13:06.245-04:00  INFO 1158 --- [mobobs-api] [| adminclient-1] o.apache.kafka.common.metrics.Metrics    : Metrics scheduler closed
2026-03-31T21:13:06.247-04:00  INFO 1158 --- [mobobs-api] [| adminclient-1] o.apache.kafka.common.metrics.Metrics    : Closing reporter org.apache.kafka.common.metrics.JmxReporter
2026-03-31T21:13:06.248-04:00  INFO 1158 --- [mobobs-api] [| adminclient-1] o.apache.kafka.common.metrics.Metrics    : Metrics reporters closed
2026-03-31T21:13:06.272-04:00  INFO 1158 --- [mobobs-api] [r-event-handler] kafka.log.UnifiedLog$                    : [LogLoader partition=mobile.events.raw-0, dir=/var/folders/4v/kvzvhsf533vf84l8k0k07m_00000gn/T/kafka-9874761410474289738/broker_0_data0] Loading producer state till offset 0 with message format version 2
2026-03-31T21:13:06.287-04:00  INFO 1158 --- [mobobs-api] [r-event-handler] kafka.log.LogManager                     : Created log for partition mobile.events.raw-0 in /var/folders/4v/kvzvhsf533vf84l8k0k07m_00000gn/T/kafka-9874761410474289738/broker_0_data0/mobile.events.raw-0 with properties {}
2026-03-31T21:13:06.290-04:00  INFO 1158 --- [mobobs-api] [r-event-handler] kafka.cluster.Partition                  : [Partition mobile.events.raw-0 broker=0] No checkpointed highwatermark is found for partition mobile.events.raw-0
2026-03-31T21:13:06.292-04:00  INFO 1158 --- [mobobs-api] [r-event-handler] kafka.cluster.Partition                  : [Partition mobile.events.raw-0 broker=0] Log loaded for partition mobile.events.raw-0 with initial high watermark 0
2026-03-31T21:13:06.298-04:00  INFO 1158 --- [mobobs-api] [r-event-handler] state.change.logger                      : [Broker id=0] Leader mobile.events.raw-0 with topic id Some(J7eQ_wJzQ6W5Lzh7KviMIA) starts at leader epoch 0 from offset 0 with partition epoch 0, high watermark 0, ISR [0], adding replicas [] and removing replicas [] . Previous leader None and previous leader epoch was -1.
2026-03-31T21:13:06.309-04:00  INFO 1158 --- [mobobs-api] [r-event-handler] state.change.logger                      : [Broker id=0] Creating new partition mobile.errors.raw-0 with topic id xrjs0yH0RBuH5zALwbwSWw.
2026-03-31T21:13:06.309-04:00  INFO 1158 --- [mobobs-api] [    Test worker] c.m.api.ingest.KafkaPublishSmokeTest     : Starting KafkaPublishSmokeTest using Java 17.0.10 with PID 1158 (started by vaishvikmaisuria in /Users/vaishvikmaisuria/Desktop/MaizLogger/apps/api)
2026-03-31T21:13:06.314-04:00  INFO 1158 --- [mobobs-api] [    Test worker] c.m.api.ingest.KafkaPublishSmokeTest     : The following 1 profile is active: "test"
2026-03-31T21:13:06.318-04:00  INFO 1158 --- [mobobs-api] [r-event-handler] kafka.log.UnifiedLog$                    : [LogLoader partition=mobile.errors.raw-0, dir=/var/folders/4v/kvzvhsf533vf84l8k0k07m_00000gn/T/kafka-9874761410474289738/broker_0_data0] Loading producer state till offset 0 with message format version 2
2026-03-31T21:13:06.326-04:00  INFO 1158 --- [mobobs-api] [r-event-handler] kafka.log.LogManager                     : Created log for partition mobile.errors.raw-0 in /var/folders/4v/kvzvhsf533vf84l8k0k07m_00000gn/T/kafka-9874761410474289738/broker_0_data0/mobile.errors.raw-0 with properties {}
2026-03-31T21:13:06.328-04:00  INFO 1158 --- [mobobs-api] [r-event-handler] kafka.cluster.Partition                  : [Partition mobile.errors.raw-0 broker=0] No checkpointed highwatermark is found for partition mobile.errors.raw-0
2026-03-31T21:13:06.331-04:00  INFO 1158 --- [mobobs-api] [r-event-handler] kafka.cluster.Partition                  : [Partition mobile.errors.raw-0 broker=0] Log loaded for partition mobile.errors.raw-0 with initial high watermark 0
2026-03-31T21:13:06.331-04:00  INFO 1158 --- [mobobs-api] [r-event-handler] state.change.logger                      : [Broker id=0] Leader mobile.errors.raw-0 with topic id Some(xrjs0yH0RBuH5zALwbwSWw) starts at leader epoch 0 from offset 0 with partition epoch 0, high watermark 0, ISR [0], adding replicas [] and removing replicas [] . Previous leader None and previous leader epoch was -1.
2026-03-31T21:13:06.336-04:00  INFO 1158 --- [mobobs-api] [r-event-handler] state.change.logger                      : [Broker id=0] Creating new partition mobile.api.raw-0 with topic id A2rnYn-XSeeVheYqSgd8Fg.
2026-03-31T21:13:06.341-04:00  INFO 1158 --- [mobobs-api] [r-event-handler] kafka.log.UnifiedLog$                    : [LogLoader partition=mobile.api.raw-0, dir=/var/folders/4v/kvzvhsf533vf84l8k0k07m_00000gn/T/kafka-9874761410474289738/broker_0_data0] Loading producer state till offset 0 with message format version 2
2026-03-31T21:13:06.344-04:00  INFO 1158 --- [mobobs-api] [r-event-handler] kafka.log.LogManager                     : Created log for partition mobile.api.raw-0 in /var/folders/4v/kvzvhsf533vf84l8k0k07m_00000gn/T/kafka-9874761410474289738/broker_0_data0/mobile.api.raw-0 with properties {}
2026-03-31T21:13:06.345-04:00  INFO 1158 --- [mobobs-api] [r-event-handler] kafka.cluster.Partition                  : [Partition mobile.api.raw-0 broker=0] No checkpointed highwatermark is found for partition mobile.api.raw-0
2026-03-31T21:13:06.345-04:00  INFO 1158 --- [mobobs-api] [r-event-handler] kafka.cluster.Partition                  : [Partition mobile.api.raw-0 broker=0] Log loaded for partition mobile.api.raw-0 with initial high watermark 0
2026-03-31T21:13:06.345-04:00  INFO 1158 --- [mobobs-api] [r-event-handler] state.change.logger                      : [Broker id=0] Leader mobile.api.raw-0 with topic id Some(A2rnYn-XSeeVheYqSgd8Fg) starts at leader epoch 0 from offset 0 with partition epoch 0, high watermark 0, ISR [0], adding replicas [] and removing replicas [] . Previous leader None and previous leader epoch was -1.
2026-03-31T21:13:09.482-04:00  INFO 1158 --- [mobobs-api] [    Test worker] c.m.api.ingest.KafkaPublishSmokeTest     : Started KafkaPublishSmokeTest in 7.295 seconds (process running for 23.563)
2026-03-31T21:13:09.751-04:00  INFO 1158 --- [mobobs-api] [    Test worker] o.a.k.clients.consumer.ConsumerConfig    : ConsumerConfig values: 
	allow.auto.create.topics = true
	auto.commit.interval.ms = 5000
	auto.include.jmx.reporter = true
	auto.offset.reset = earliest
	bootstrap.servers = [localhost:49778]
	check.crcs = true
	client.dns.lookup = use_all_dns_ips
	client.id = consumer-test-group-1
	client.rack = 
	connections.max.idle.ms = 540000
	default.api.timeout.ms = 60000
	enable.auto.commit = false
	exclude.internal.topics = true
	fetch.max.bytes = 52428800
	fetch.max.wait.ms = 500
	fetch.min.bytes = 1
	group.id = test-group
	group.instance.id = null
	heartbeat.interval.ms = 3000
	interceptor.classes = []
	internal.leave.group.on.close = true
	internal.throw.on.fetch.stable.offset.unsupported = false
	isolation.level = read_uncommitted
	key.deserializer = class org.apache.kafka.common.serialization.StringDeserializer
	max.partition.fetch.bytes = 1048576
	max.poll.interval.ms = 300000
	max.poll.records = 500
	metadata.max.age.ms = 300000
	metric.reporters = []
	metrics.num.samples = 2
	metrics.recording.level = INFO
	metrics.sample.window.ms = 30000
	partition.assignment.strategy = [class org.apache.kafka.clients.consumer.RangeAssignor, class org.apache.kafka.clients.consumer.CooperativeStickyAssignor]
	receive.buffer.bytes = 65536
	reconnect.backoff.max.ms = 1000
	reconnect.backoff.ms = 50
	request.timeout.ms = 30000
	retry.backoff.ms = 100
	sasl.client.callback.handler.class = null
	sasl.jaas.config = null
	sasl.kerberos.kinit.cmd = /usr/bin/kinit
	sasl.kerberos.min.time.before.relogin = 60000
	sasl.kerberos.service.name = null
	sasl.kerberos.ticket.renew.jitter = 0.05
	sasl.kerberos.ticket.renew.window.factor = 0.8
	sasl.login.callback.handler.class = null
	sasl.login.class = null
	sasl.login.connect.timeout.ms = null
	sasl.login.read.timeout.ms = null
	sasl.login.refresh.buffer.seconds = 300
	sasl.login.refresh.min.period.seconds = 60
	sasl.login.refresh.window.factor = 0.8
	sasl.login.refresh.window.jitter = 0.05
	sasl.login.retry.backoff.max.ms = 10000
	sasl.login.retry.backoff.ms = 100
	sasl.mechanism = GSSAPI
	sasl.oauthbearer.clock.skew.seconds = 30
	sasl.oauthbearer.expected.audience = null
	sasl.oauthbearer.expected.issuer = null
	sasl.oauthbearer.jwks.endpoint.refresh.ms = 3600000
	sasl.oauthbearer.jwks.endpoint.retry.backoff.max.ms = 10000
	sasl.oauthbearer.jwks.endpoint.retry.backoff.ms = 100
	sasl.oauthbearer.jwks.endpoint.url = null
	sasl.oauthbearer.scope.claim.name = scope
	sasl.oauthbearer.sub.claim.name = sub
	sasl.oauthbearer.token.endpoint.url = null
	security.protocol = PLAINTEXT
	security.providers = null
	send.buffer.bytes = 131072
	session.timeout.ms = 45000
	socket.connection.setup.timeout.max.ms = 30000
	socket.connection.setup.timeout.ms = 10000
	ssl.cipher.suites = null
	ssl.enabled.protocols = [TLSv1.2, TLSv1.3]
	ssl.endpoint.identification.algorithm = https
	ssl.engine.factory.class = null
	ssl.key.password = null
	ssl.keymanager.algorithm = SunX509
	ssl.keystore.certificate.chain = null
	ssl.keystore.key = null
	ssl.keystore.location = null
	ssl.keystore.password = null
	ssl.keystore.type = JKS
	ssl.protocol = TLSv1.3
	ssl.provider = null
	ssl.secure.random.implementation = null
	ssl.trustmanager.algorithm = PKIX
	ssl.truststore.certificates = null
	ssl.truststore.location = null
	ssl.truststore.password = null
	ssl.truststore.type = JKS
	value.deserializer = class org.springframework.kafka.support.serializer.JsonDeserializer

2026-03-31T21:13:09.863-04:00  INFO 1158 --- [mobobs-api] [    Test worker] o.a.kafka.common.utils.AppInfoParser     : Kafka version: 3.6.2
2026-03-31T21:13:09.865-04:00  INFO 1158 --- [mobobs-api] [    Test worker] o.a.kafka.common.utils.AppInfoParser     : Kafka commitId: c4deed513057c94e
2026-03-31T21:13:09.865-04:00  INFO 1158 --- [mobobs-api] [    Test worker] o.a.kafka.common.utils.AppInfoParser     : Kafka startTimeMs: 1775005989862
2026-03-31T21:13:09.890-04:00  INFO 1158 --- [mobobs-api] [    Test worker] fkaConsumerFactory$ExtendedKafkaConsumer : [Consumer clientId=consumer-test-group-1, groupId=test-group] Subscribed to topic(s): mobile.events.raw
2026-03-31T21:13:09.972-04:00  INFO 1158 --- [mobobs-api] [BeanNameSet-C-1] org.apache.kafka.clients.Metadata        : [Consumer clientId=consumer-test-group-1, groupId=test-group] Cluster ID: lVE6jCorSeONWb6noR-RqA
2026-03-31T21:13:09.982-04:00  INFO 1158 --- [mobobs-api] [quest-handler-6] k.s.DefaultAutoTopicCreationManager      : Sent auto-creation request for Set(__consumer_offsets) to the active controller.
2026-03-31T21:13:09.993-04:00  INFO 1158 --- [mobobs-api] [0-event-handler] o.a.k.c.ReplicationControlManager        : [QuorumController id=0] CreateTopics result(s): CreatableTopic(name='__consumer_offsets', numPartitions=50, replicationFactor=1, assignments=[], configs=[CreateableTopicConfig(name='compression.type', value='producer'), CreateableTopicConfig(name='cleanup.policy', value='compact'), CreateableTopicConfig(name='segment.bytes', value='104857600')]): SUCCESS
2026-03-31T21:13:09.994-04:00  INFO 1158 --- [mobobs-api] [0-event-handler] o.a.k.c.ReplicationControlManager        : [QuorumController id=0] Replayed TopicRecord for topic __consumer_offsets with topic ID yljbkyYgQRmncnWlFPX2Wg.
2026-03-31T21:13:09.994-04:00  INFO 1158 --- [mobobs-api] [0-event-handler] o.a.k.c.ConfigurationControlManager      : [QuorumController id=0] Replayed ConfigRecord for ConfigResource(type=TOPIC, name='__consumer_offsets') which set configuration compression.type to producer
2026-03-31T21:13:09.994-04:00  INFO 1158 --- [mobobs-api] [0-event-handler] o.a.k.c.ConfigurationControlManager      : [QuorumController id=0] Replayed ConfigRecord for ConfigResource(type=TOPIC, name='__consumer_offsets') which set configuration cleanup.policy to compact
2026-03-31T21:13:09.994-04:00  INFO 1158 --- [mobobs-api] [0-event-handler] o.a.k.c.ConfigurationControlManager      : [QuorumController id=0] Replayed ConfigRecord for ConfigResource(type=TOPIC, name='__consumer_offsets') which set configuration segment.bytes to 104857600
2026-03-31T21:13:09.994-04:00  INFO 1158 --- [mobobs-api] [0-event-handler] o.a.k.c.ReplicationControlManager        : [QuorumController id=0] Replayed PartitionRecord for new partition __consumer_offsets-0 with topic ID yljbkyYgQRmncnWlFPX2Wg and PartitionRegistration(replicas=[0], isr=[0], removingReplicas=[], addingReplicas=[], leader=0, leaderRecoveryState=RECOVERED, leaderEpoch=0, partitionEpoch=0).
2026-03-31T21:13:09.995-04:00  INFO 1158 --- [mobobs-api] [0-event-handler] o.a.k.c.ReplicationControlManager        : [QuorumController id=0] Replayed PartitionRecord for new partition __consumer_offsets-1 with topic ID yljbkyYgQRmncnWlFPX2Wg and PartitionRegistration(replicas=[0], isr=[0], removingReplicas=[], addingReplicas=[], leader=0, leaderRecoveryState=RECOVERED, leaderEpoch=0, partitionEpoch=0).
2026-03-31T21:13:09.995-04:00  INFO 1158 --- [mobobs-api] [0-event-handler] o.a.k.c.ReplicationControlManager        : [QuorumController id=0] Replayed PartitionRecord for new partition __consumer_offsets-2 with topic ID yljbkyYgQRmncnWlFPX2Wg and PartitionRegistration(replicas=[0], isr=[0], removingReplicas=[], addingReplicas=[], leader=0, leaderRecoveryState=RECOVERED, leaderEpoch=0, partitionEpoch=0).
2026-03-31T21:13:09.995-04:00  INFO 1158 --- [mobobs-api] [0-event-handler] o.a.k.c.ReplicationControlManager        : [QuorumController id=0] Replayed PartitionRecord for new partition __consumer_offsets-3 with topic ID yljbkyYgQRmncnWlFPX2Wg and PartitionRegistration(replicas=[0], isr=[0], removingReplicas=[], addingReplicas=[], leader=0, leaderRecoveryState=RECOVERED, leaderEpoch=0, partitionEpoch=0).
2026-03-31T21:13:09.995-04:00  INFO 1158 --- [mobobs-api] [0-event-handler] o.a.k.c.ReplicationControlManager        : [QuorumController id=0] Replayed PartitionRecord for new partition __consumer_offsets-4 with topic ID yljbkyYgQRmncnWlFPX2Wg and PartitionRegistration(replicas=[0], isr=[0], removingReplicas=[], addingReplicas=[], leader=0, leaderRecoveryState=RECOVERED, leaderEpoch=0, partitionEpoch=0).
2026-03-31T21:13:09.995-04:00  INFO 1158 --- [mobobs-api] [0-event-handler] o.a.k.c.ReplicationControlManager        : [QuorumController id=0] Replayed PartitionRecord for new partition __consumer_offsets-5 with topic ID yljbkyYgQRmncnWlFPX2Wg and PartitionRegistration(replicas=[0], isr=[0], removingReplicas=[], addingReplicas=[], leader=0, leaderRecoveryState=RECOVERED, leaderEpoch=0, partitionEpoch=0).
2026-03-31T21:13:09.995-04:00  INFO 1158 --- [mobobs-api] [0-event-handler] o.a.k.c.ReplicationControlManager        : [QuorumController id=0] Replayed PartitionRecord for new partition __consumer_offsets-6 with topic ID yljbkyYgQRmncnWlFPX2Wg and PartitionRegistration(replicas=[0], isr=[0], removingReplicas=[], addingReplicas=[], leader=0, leaderRecoveryState=RECOVERED, leaderEpoch=0, partitionEpoch=0).
2026-03-31T21:13:09.995-04:00  INFO 1158 --- [mobobs-api] [0-event-handler] o.a.k.c.ReplicationControlManager        : [QuorumController id=0] Replayed PartitionRecord for new partition __consumer_offsets-7 with topic ID yljbkyYgQRmncnWlFPX2Wg and PartitionRegistration(replicas=[0], isr=[0], removingReplicas=[], addingReplicas=[], leader=0, leaderRecoveryState=RECOVERED, leaderEpoch=0, partitionEpoch=0).
2026-03-31T21:13:09.996-04:00  INFO 1158 --- [mobobs-api] [0-event-handler] o.a.k.c.ReplicationControlManager        : [QuorumController id=0] Replayed PartitionRecord for new partition __consumer_offsets-8 with topic ID yljbkyYgQRmncnWlFPX2Wg and PartitionRegistration(replicas=[0], isr=[0], removingReplicas=[], addingReplicas=[], leader=0, leaderRecoveryState=RECOVERED, leaderEpoch=0, partitionEpoch=0).
2026-03-31T21:13:09.996-04:00  INFO 1158 --- [mobobs-api] [0-event-handler] o.a.k.c.ReplicationControlManager        : [QuorumController id=0] Replayed PartitionRecord for new partition __consumer_offsets-9 with topic ID yljbkyYgQRmncnWlFPX2Wg and PartitionRegistration(replicas=[0], isr=[0], removingReplicas=[], addingReplicas=[], leader=0, leaderRecoveryState=RECOVERED, leaderEpoch=0, partitionEpoch=0).
2026-03-31T21:13:09.997-04:00  INFO 1158 --- [mobobs-api] [0-event-handler] o.a.k.c.ReplicationControlManager        : [QuorumController id=0] Replayed PartitionRecord for new partition __consumer_offsets-10 with topic ID yljbkyYgQRmncnWlFPX2Wg and PartitionRegistration(replicas=[0], isr=[0], removingReplicas=[], addingReplicas=[], leader=0, leaderRecoveryState=RECOVERED, leaderEpoch=0, partitionEpoch=0).
2026-03-31T21:13:09.998-04:00  INFO 1158 --- [mobobs-api] [0-event-handler] o.a.k.c.ReplicationControlManager        : [QuorumController id=0] Replayed PartitionRecord for new partition __consumer_offsets-11 with topic ID yljbkyYgQRmncnWlFPX2Wg and PartitionRegistration(replicas=[0], isr=[0], removingReplicas=[], addingReplicas=[], leader=0, leaderRecoveryState=RECOVERED, leaderEpoch=0, partitionEpoch=0).
2026-03-31T21:13:09.999-04:00  INFO 1158 --- [mobobs-api] [0-event-handler] o.a.k.c.ReplicationControlManager        : [QuorumController id=0] Replayed PartitionRecord for new partition __consumer_offsets-12 with topic ID yljbkyYgQRmncnWlFPX2Wg and PartitionRegistration(replicas=[0], isr=[0], removingReplicas=[], addingReplicas=[], leader=0, leaderRecoveryState=RECOVERED, leaderEpoch=0, partitionEpoch=0).
2026-03-31T21:13:09.999-04:00  INFO 1158 --- [mobobs-api] [0-event-handler] o.a.k.c.ReplicationControlManager        : [QuorumController id=0] Replayed PartitionRecord for new partition __consumer_offsets-13 with topic ID yljbkyYgQRmncnWlFPX2Wg and PartitionRegistration(replicas=[0], isr=[0], removingReplicas=[], addingReplicas=[], leader=0, leaderRecoveryState=RECOVERED, leaderEpoch=0, partitionEpoch=0).
2026-03-31T21:13:09.999-04:00  INFO 1158 --- [mobobs-api] [0-event-handler] o.a.k.c.ReplicationControlManager        : [QuorumController id=0] Replayed PartitionRecord for new partition __consumer_offsets-14 with topic ID yljbkyYgQRmncnWlFPX2Wg and PartitionRegistration(replicas=[0], isr=[0], removingReplicas=[], addingReplicas=[], leader=0, leaderRecoveryState=RECOVERED, leaderEpoch=0, partitionEpoch=0).
2026-03-31T21:13:09.999-04:00  INFO 1158 --- [mobobs-api] [0-event-handler] o.a.k.c.ReplicationControlManager        : [QuorumController id=0] Replayed PartitionRecord for new partition __consumer_offsets-15 with topic ID yljbkyYgQRmncnWlFPX2Wg and PartitionRegistration(replicas=[0], isr=[0], removingReplicas=[], addingReplicas=[], leader=0, leaderRecoveryState=RECOVERED, leaderEpoch=0, partitionEpoch=0).
2026-03-31T21:13:09.999-04:00  INFO 1158 --- [mobobs-api] [0-event-handler] o.a.k.c.ReplicationControlManager        : [QuorumController id=0] Replayed PartitionRecord for new partition __consumer_offsets-16 with topic ID yljbkyYgQRmncnWlFPX2Wg and PartitionRegistration(replicas=[0], isr=[0], removingReplicas=[], addingReplicas=[], leader=0, leaderRecoveryState=RECOVERED, leaderEpoch=0, partitionEpoch=0).
2026-03-31T21:13:09.999-04:00  INFO 1158 --- [mobobs-api] [0-event-handler] o.a.k.c.ReplicationControlManager        : [QuorumController id=0] Replayed PartitionRecord for new partition __consumer_offsets-17 with topic ID yljbkyYgQRmncnWlFPX2Wg and PartitionRegistration(replicas=[0], isr=[0], removingReplicas=[], addingReplicas=[], leader=0, leaderRecoveryState=RECOVERED, leaderEpoch=0, partitionEpoch=0).
2026-03-31T21:13:10.001-04:00  INFO 1158 --- [mobobs-api] [0-event-handler] o.a.k.c.ReplicationControlManager        : [QuorumController id=0] Replayed PartitionRecord for new partition __consumer_offsets-18 with topic ID yljbkyYgQRmncnWlFPX2Wg and PartitionRegistration(replicas=[0], isr=[0], removingReplicas=[], addingReplicas=[], leader=0, leaderRecoveryState=RECOVERED, leaderEpoch=0, partitionEpoch=0).
2026-03-31T21:13:10.001-04:00  INFO 1158 --- [mobobs-api] [0-event-handler] o.a.k.c.ReplicationControlManager        : [QuorumController id=0] Replayed PartitionRecord for new partition __consumer_offsets-19 with topic ID yljbkyYgQRmncnWlFPX2Wg and PartitionRegistration(replicas=[0], isr=[0], removingReplicas=[], addingReplicas=[], leader=0, leaderRecoveryState=RECOVERED, leaderEpoch=0, partitionEpoch=0).
2026-03-31T21:13:10.001-04:00  INFO 1158 --- [mobobs-api] [0-event-handler] o.a.k.c.ReplicationControlManager        : [QuorumController id=0] Replayed PartitionRecord for new partition __consumer_offsets-20 with topic ID yljbkyYgQRmncnWlFPX2Wg and PartitionRegistration(replicas=[0], isr=[0], removingReplicas=[], addingReplicas=[], leader=0, leaderRecoveryState=RECOVERED, leaderEpoch=0, partitionEpoch=0).
2026-03-31T21:13:10.001-04:00  INFO 1158 --- [mobobs-api] [0-event-handler] o.a.k.c.ReplicationControlManager        : [QuorumController id=0] Replayed PartitionRecord for new partition __consumer_offsets-21 with topic ID yljbkyYgQRmncnWlFPX2Wg and PartitionRegistration(replicas=[0], isr=[0], removingReplicas=[], addingReplicas=[], leader=0, leaderRecoveryState=RECOVERED, leaderEpoch=0, partitionEpoch=0).
2026-03-31T21:13:10.002-04:00  INFO 1158 --- [mobobs-api] [0-event-handler] o.a.k.c.ReplicationControlManager        : [QuorumController id=0] Replayed PartitionRecord for new partition __consumer_offsets-22 with topic ID yljbkyYgQRmncnWlFPX2Wg and PartitionRegistration(replicas=[0], isr=[0], removingReplicas=[], addingReplicas=[], leader=0, leaderRecoveryState=RECOVERED, leaderEpoch=0, partitionEpoch=0).
2026-03-31T21:13:10.002-04:00  INFO 1158 --- [mobobs-api] [0-event-handler] o.a.k.c.ReplicationControlManager        : [QuorumController id=0] Replayed PartitionRecord for new partition __consumer_offsets-23 with topic ID yljbkyYgQRmncnWlFPX2Wg and PartitionRegistration(replicas=[0], isr=[0], removingReplicas=[], addingReplicas=[], leader=0, leaderRecoveryState=RECOVERED, leaderEpoch=0, partitionEpoch=0).
2026-03-31T21:13:10.002-04:00  INFO 1158 --- [mobobs-api] [0-event-handler] o.a.k.c.ReplicationControlManager        : [QuorumController id=0] Replayed PartitionRecord for new partition __consumer_offsets-24 with topic ID yljbkyYgQRmncnWlFPX2Wg and PartitionRegistration(replicas=[0], isr=[0], removingReplicas=[], addingReplicas=[], leader=0, leaderRecoveryState=RECOVERED, leaderEpoch=0, partitionEpoch=0).
2026-03-31T21:13:10.002-04:00  INFO 1158 --- [mobobs-api] [0-event-handler] o.a.k.c.ReplicationControlManager        : [QuorumController id=0] Replayed PartitionRecord for new partition __consumer_offsets-25 with topic ID yljbkyYgQRmncnWlFPX2Wg and PartitionRegistration(replicas=[0], isr=[0], removingReplicas=[], addingReplicas=[], leader=0, leaderRecoveryState=RECOVERED, leaderEpoch=0, partitionEpoch=0).
2026-03-31T21:13:10.003-04:00  INFO 1158 --- [mobobs-api] [0-event-handler] o.a.k.c.ReplicationControlManager        : [QuorumController id=0] Replayed PartitionRecord for new partition __consumer_offsets-26 with topic ID yljbkyYgQRmncnWlFPX2Wg and PartitionRegistration(replicas=[0], isr=[0], removingReplicas=[], addingReplicas=[], leader=0, leaderRecoveryState=RECOVERED, leaderEpoch=0, partitionEpoch=0).
2026-03-31T21:13:10.004-04:00  INFO 1158 --- [mobobs-api] [0-event-handler] o.a.k.c.ReplicationControlManager        : [QuorumController id=0] Replayed PartitionRecord for new partition __consumer_offsets-27 with topic ID yljbkyYgQRmncnWlFPX2Wg and PartitionRegistration(replicas=[0], isr=[0], removingReplicas=[], addingReplicas=[], leader=0, leaderRecoveryState=RECOVERED, leaderEpoch=0, partitionEpoch=0).
2026-03-31T21:13:10.005-04:00  INFO 1158 --- [mobobs-api] [0-event-handler] o.a.k.c.ReplicationControlManager        : [QuorumController id=0] Replayed PartitionRecord for new partition __consumer_offsets-28 with topic ID yljbkyYgQRmncnWlFPX2Wg and PartitionRegistration(replicas=[0], isr=[0], removingReplicas=[], addingReplicas=[], leader=0, leaderRecoveryState=RECOVERED, leaderEpoch=0, partitionEpoch=0).
2026-03-31T21:13:10.005-04:00  INFO 1158 --- [mobobs-api] [0-event-handler] o.a.k.c.ReplicationControlManager        : [QuorumController id=0] Replayed PartitionRecord for new partition __consumer_offsets-29 with topic ID yljbkyYgQRmncnWlFPX2Wg and PartitionRegistration(replicas=[0], isr=[0], removingReplicas=[], addingReplicas=[], leader=0, leaderRecoveryState=RECOVERED, leaderEpoch=0, partitionEpoch=0).
2026-03-31T21:13:10.005-04:00  INFO 1158 --- [mobobs-api] [0-event-handler] o.a.k.c.ReplicationControlManager        : [QuorumController id=0] Replayed PartitionRecord for new partition __consumer_offsets-30 with topic ID yljbkyYgQRmncnWlFPX2Wg and PartitionRegistration(replicas=[0], isr=[0], removingReplicas=[], addingReplicas=[], leader=0, leaderRecoveryState=RECOVERED, leaderEpoch=0, partitionEpoch=0).
2026-03-31T21:13:10.006-04:00  INFO 1158 --- [mobobs-api] [0-event-handler] o.a.k.c.ReplicationControlManager        : [QuorumController id=0] Replayed PartitionRecord for new partition __consumer_offsets-31 with topic ID yljbkyYgQRmncnWlFPX2Wg and PartitionRegistration(replicas=[0], isr=[0], removingReplicas=[], addingReplicas=[], leader=0, leaderRecoveryState=RECOVERED, leaderEpoch=0, partitionEpoch=0).
2026-03-31T21:13:10.006-04:00  INFO 1158 --- [mobobs-api] [0-event-handler] o.a.k.c.ReplicationControlManager        : [QuorumController id=0] Replayed PartitionRecord for new partition __consumer_offsets-32 with topic ID yljbkyYgQRmncnWlFPX2Wg and PartitionRegistration(replicas=[0], isr=[0], removingReplicas=[], addingReplicas=[], leader=0, leaderRecoveryState=RECOVERED, leaderEpoch=0, partitionEpoch=0).
2026-03-31T21:13:10.006-04:00  INFO 1158 --- [mobobs-api] [0-event-handler] o.a.k.c.ReplicationControlManager        : [QuorumController id=0] Replayed PartitionRecord for new partition __consumer_offsets-33 with topic ID yljbkyYgQRmncnWlFPX2Wg and PartitionRegistration(replicas=[0], isr=[0], removingReplicas=[], addingReplicas=[], leader=0, leaderRecoveryState=RECOVERED, leaderEpoch=0, partitionEpoch=0).
2026-03-31T21:13:10.006-04:00  INFO 1158 --- [mobobs-api] [0-event-handler] o.a.k.c.ReplicationControlManager        : [QuorumController id=0] Replayed PartitionRecord for new partition __consumer_offsets-34 with topic ID yljbkyYgQRmncnWlFPX2Wg and PartitionRegistration(replicas=[0], isr=[0], removingReplicas=[], addingReplicas=[], leader=0, leaderRecoveryState=RECOVERED, leaderEpoch=0, partitionEpoch=0).
2026-03-31T21:13:10.010-04:00  INFO 1158 --- [mobobs-api] [0-event-handler] o.a.k.c.ReplicationControlManager        : [QuorumController id=0] Replayed PartitionRecord for new partition __consumer_offsets-35 with topic ID yljbkyYgQRmncnWlFPX2Wg and PartitionRegistration(replicas=[0], isr=[0], removingReplicas=[], addingReplicas=[], leader=0, leaderRecoveryState=RECOVERED, leaderEpoch=0, partitionEpoch=0).
2026-03-31T21:13:10.013-04:00  INFO 1158 --- [mobobs-api] [0-event-handler] o.a.k.c.ReplicationControlManager        : [QuorumController id=0] Replayed PartitionRecord for new partition __consumer_offsets-36 with topic ID yljbkyYgQRmncnWlFPX2Wg and PartitionRegistration(replicas=[0], isr=[0], removingReplicas=[], addingReplicas=[], leader=0, leaderRecoveryState=RECOVERED, leaderEpoch=0, partitionEpoch=0).
2026-03-31T21:13:10.013-04:00  INFO 1158 --- [mobobs-api] [0-event-handler] o.a.k.c.ReplicationControlManager        : [QuorumController id=0] Replayed PartitionRecord for new partition __consumer_offsets-37 with topic ID yljbkyYgQRmncnWlFPX2Wg and PartitionRegistration(replicas=[0], isr=[0], removingReplicas=[], addingReplicas=[], leader=0, leaderRecoveryState=RECOVERED, leaderEpoch=0, partitionEpoch=0).
2026-03-31T21:13:10.013-04:00  INFO 1158 --- [mobobs-api] [0-event-handler] o.a.k.c.ReplicationControlManager        : [QuorumController id=0] Replayed PartitionRecord for new partition __consumer_offsets-38 with topic ID yljbkyYgQRmncnWlFPX2Wg and PartitionRegistration(replicas=[0], isr=[0], removingReplicas=[], addingReplicas=[], leader=0, leaderRecoveryState=RECOVERED, leaderEpoch=0, partitionEpoch=0).
2026-03-31T21:13:10.016-04:00  INFO 1158 --- [mobobs-api] [0-event-handler] o.a.k.c.ReplicationControlManager        : [QuorumController id=0] Replayed PartitionRecord for new partition __consumer_offsets-39 with topic ID yljbkyYgQRmncnWlFPX2Wg and PartitionRegistration(replicas=[0], isr=[0], removingReplicas=[], addingReplicas=[], leader=0, leaderRecoveryState=RECOVERED, leaderEpoch=0, partitionEpoch=0).
2026-03-31T21:13:10.017-04:00  INFO 1158 --- [mobobs-api] [0-event-handler] o.a.k.c.ReplicationControlManager        : [QuorumController id=0] Replayed PartitionRecord for new partition __consumer_offsets-40 with topic ID yljbkyYgQRmncnWlFPX2Wg and PartitionRegistration(replicas=[0], isr=[0], removingReplicas=[], addingReplicas=[], leader=0, leaderRecoveryState=RECOVERED, leaderEpoch=0, partitionEpoch=0).
2026-03-31T21:13:10.018-04:00  INFO 1158 --- [mobobs-api] [0-event-handler] o.a.k.c.ReplicationControlManager        : [QuorumController id=0] Replayed PartitionRecord for new partition __consumer_offsets-41 with topic ID yljbkyYgQRmncnWlFPX2Wg and PartitionRegistration(replicas=[0], isr=[0], removingReplicas=[], addingReplicas=[], leader=0, leaderRecoveryState=RECOVERED, leaderEpoch=0, partitionEpoch=0).
2026-03-31T21:13:10.018-04:00  INFO 1158 --- [mobobs-api] [0-event-handler] o.a.k.c.ReplicationControlManager        : [QuorumController id=0] Replayed PartitionRecord for new partition __consumer_offsets-42 with topic ID yljbkyYgQRmncnWlFPX2Wg and PartitionRegistration(replicas=[0], isr=[0], removingReplicas=[], addingReplicas=[], leader=0, leaderRecoveryState=RECOVERED, leaderEpoch=0, partitionEpoch=0).
2026-03-31T21:13:10.018-04:00  INFO 1158 --- [mobobs-api] [0-event-handler] o.a.k.c.ReplicationControlManager        : [QuorumController id=0] Replayed PartitionRecord for new partition __consumer_offsets-43 with topic ID yljbkyYgQRmncnWlFPX2Wg and PartitionRegistration(replicas=[0], isr=[0], removingReplicas=[], addingReplicas=[], leader=0, leaderRecoveryState=RECOVERED, leaderEpoch=0, partitionEpoch=0).
2026-03-31T21:13:10.018-04:00  INFO 1158 --- [mobobs-api] [0-event-handler] o.a.k.c.ReplicationControlManager        : [QuorumController id=0] Replayed PartitionRecord for new partition __consumer_offsets-44 with topic ID yljbkyYgQRmncnWlFPX2Wg and PartitionRegistration(replicas=[0], isr=[0], removingReplicas=[], addingReplicas=[], leader=0, leaderRecoveryState=RECOVERED, leaderEpoch=0, partitionEpoch=0).
2026-03-31T21:13:10.019-04:00  INFO 1158 --- [mobobs-api] [0-event-handler] o.a.k.c.ReplicationControlManager        : [QuorumController id=0] Replayed PartitionRecord for new partition __consumer_offsets-45 with topic ID yljbkyYgQRmncnWlFPX2Wg and PartitionRegistration(replicas=[0], isr=[0], removingReplicas=[], addingReplicas=[], leader=0, leaderRecoveryState=RECOVERED, leaderEpoch=0, partitionEpoch=0).
2026-03-31T21:13:10.020-04:00  INFO 1158 --- [mobobs-api] [0-event-handler] o.a.k.c.ReplicationControlManager        : [QuorumController id=0] Replayed PartitionRecord for new partition __consumer_offsets-46 with topic ID yljbkyYgQRmncnWlFPX2Wg and PartitionRegistration(replicas=[0], isr=[0], removingReplicas=[], addingReplicas=[], leader=0, leaderRecoveryState=RECOVERED, leaderEpoch=0, partitionEpoch=0).
2026-03-31T21:13:10.020-04:00  INFO 1158 --- [mobobs-api] [0-event-handler] o.a.k.c.ReplicationControlManager        : [QuorumController id=0] Replayed PartitionRecord for new partition __consumer_offsets-47 with topic ID yljbkyYgQRmncnWlFPX2Wg and PartitionRegistration(replicas=[0], isr=[0], removingReplicas=[], addingReplicas=[], leader=0, leaderRecoveryState=RECOVERED, leaderEpoch=0, partitionEpoch=0).
2026-03-31T21:13:10.020-04:00  INFO 1158 --- [mobobs-api] [0-event-handler] o.a.k.c.ReplicationControlManager        : [QuorumController id=0] Replayed PartitionRecord for new partition __consumer_offsets-48 with topic ID yljbkyYgQRmncnWlFPX2Wg and PartitionRegistration(replicas=[0], isr=[0], removingReplicas=[], addingReplicas=[], leader=0, leaderRecoveryState=RECOVERED, leaderEpoch=0, partitionEpoch=0).
2026-03-31T21:13:10.020-04:00  INFO 1158 --- [mobobs-api] [0-event-handler] o.a.k.c.ReplicationControlManager        : [QuorumController id=0] Replayed PartitionRecord for new partition __consumer_offsets-49 with topic ID yljbkyYgQRmncnWlFPX2Wg and PartitionRegistration(replicas=[0], isr=[0], removingReplicas=[], addingReplicas=[], leader=0, leaderRecoveryState=RECOVERED, leaderEpoch=0, partitionEpoch=0).
2026-03-31T21:13:10.061-04:00  INFO 1158 --- [mobobs-api] [r-event-handler] state.change.logger                      : [Broker id=0] Transitioning 50 partition(s) to local leaders.
2026-03-31T21:13:10.062-04:00  INFO 1158 --- [mobobs-api] [r-event-handler] kafka.server.ReplicaFetcherManager       : [ReplicaFetcherManager on broker 0] Removed fetcher for partitions Set(__consumer_offsets-13, __consumer_offsets-46, __consumer_offsets-9, __consumer_offsets-42, __consumer_offsets-21, __consumer_offsets-17, __consumer_offsets-30, __consumer_offsets-26, __consumer_offsets-5, __consumer_offsets-38, __consumer_offsets-1, __consumer_offsets-34, __consumer_offsets-16, __consumer_offsets-45, __consumer_offsets-12, __consumer_offsets-41, __consumer_offsets-24, __consumer_offsets-20, __consumer_offsets-49, __consumer_offsets-0, __consumer_offsets-29, __consumer_offsets-25, __consumer_offsets-8, __consumer_offsets-37, __consumer_offsets-4, __consumer_offsets-33, __consumer_offsets-15, __consumer_offsets-48, __consumer_offsets-11, __consumer_offsets-44, __consumer_offsets-23, __consumer_offsets-19, __consumer_offsets-32, __consumer_offsets-28, __consumer_offsets-7, __consumer_offsets-40, __consumer_offsets-3, __consumer_offsets-36, __consumer_offsets-47, __consumer_offsets-14, __consumer_offsets-43, __consumer_offsets-10, __consumer_offsets-22, __consumer_offsets-18, __consumer_offsets-31, __consumer_offsets-27, __consumer_offsets-39, __consumer_offsets-6, __consumer_offsets-35, __consumer_offsets-2)
2026-03-31T21:13:10.062-04:00  INFO 1158 --- [mobobs-api] [r-event-handler] state.change.logger                      : [Broker id=0] Creating new partition __consumer_offsets-13 with topic id yljbkyYgQRmncnWlFPX2Wg.
2026-03-31T21:13:10.082-04:00  INFO 1158 --- [mobobs-api] [r-event-handler] kafka.log.UnifiedLog$                    : [LogLoader partition=__consumer_offsets-13, dir=/var/folders/4v/kvzvhsf533vf84l8k0k07m_00000gn/T/kafka-9874761410474289738/broker_0_data0] Loading producer state till offset 0 with message format version 2
[...]
2026-03-31T21:13:11.675-04:00  INFO 1158 --- [mobobs-api] [adata-manager-0] k.c.group.GroupMetadataManager           : [GroupMetadataManager brokerId=0] Finished loading offsets and group metadata from __consumer_offsets-19 in 37 milliseconds for epoch 0, of which 36 milliseconds was spent in the scheduler.
2026-03-31T21:13:11.675-04:00  INFO 1158 --- [mobobs-api] [adata-manager-0] k.c.group.GroupMetadataManager           : [GroupMetadataManager brokerId=0] Finished loading offsets and group metadata from __consumer_offsets-32 in 37 milliseconds for epoch 0, of which 37 milliseconds was spent in the scheduler.
2026-03-31T21:13:11.678-04:00  INFO 1158 --- [mobobs-api] [adata-manager-0] k.c.group.GroupMetadataManager           : [GroupMetadataManager brokerId=0] Finished loading offsets and group metadata from __consumer_offsets-28 in 40 milliseconds for epoch 0, of which 37 milliseconds was spent in the scheduler.
2026-03-31T21:13:11.680-04:00  INFO 1158 --- [mobobs-api] [r-event-handler] k.s.metadata.DynamicConfigPublisher      : [DynamicConfigPublisher broker id=0] Updating topic __consumer_offsets with new configuration : compression.type -> producer,cleanup.policy -> compact,segment.bytes -> 104857600
2026-03-31T21:13:11.680-04:00  INFO 1158 --- [mobobs-api] [adata-manager-0] k.c.group.GroupMetadataManager           : [GroupMetadataManager brokerId=0] Finished loading offsets and group metadata from __consumer_offsets-7 in 42 milliseconds for epoch 0, of which 40 milliseconds was spent in the scheduler.
2026-03-31T21:13:11.681-04:00  INFO 1158 --- [mobobs-api] [adata-manager-0] k.c.group.GroupMetadataManager           : [GroupMetadataManager brokerId=0] Finished loading offsets and group metadata from __consumer_offsets-40 in 43 milliseconds for epoch 0, of which 42 milliseconds was spent in the scheduler.
2026-03-31T21:13:11.681-04:00  INFO 1158 --- [mobobs-api] [adata-manager-0] k.c.group.GroupMetadataManager           : [GroupMetadataManager brokerId=0] Finished loading offsets and group metadata from __consumer_offsets-3 in 43 milliseconds for epoch 0, of which 43 milliseconds was spent in the scheduler.
2026-03-31T21:13:11.682-04:00  INFO 1158 --- [mobobs-api] [adata-manager-0] k.c.group.GroupMetadataManager           : [GroupMetadataManager brokerId=0] Finished loading offsets and group metadata from __consumer_offsets-36 in 44 milliseconds for epoch 0, of which 44 milliseconds was spent in the scheduler.
2026-03-31T21:13:11.684-04:00  INFO 1158 --- [mobobs-api] [adata-manager-0] k.c.group.GroupMetadataManager           : [GroupMetadataManager brokerId=0] Finished loading offsets and group metadata from __consumer_offsets-47 in 45 milliseconds for epoch 0, of which 44 milliseconds was spent in the scheduler.
2026-03-31T21:13:11.684-04:00  INFO 1158 --- [mobobs-api] [adata-manager-0] k.c.group.GroupMetadataManager           : [GroupMetadataManager brokerId=0] Finished loading offsets and group metadata from __consumer_offsets-14 in 45 milliseconds for epoch 0, of which 45 milliseconds was spent in the scheduler.
2026-03-31T21:13:11.685-04:00  INFO 1158 --- [mobobs-api] [adata-manager-0] k.c.group.GroupMetadataManager           : [GroupMetadataManager brokerId=0] Finished loading offsets and group metadata from __consumer_offsets-43 in 45 milliseconds for epoch 0, of which 45 milliseconds was spent in the scheduler.
2026-03-31T21:13:11.685-04:00  INFO 1158 --- [mobobs-api] [adata-manager-0] k.c.group.GroupMetadataManager           : [GroupMetadataManager brokerId=0] Finished loading offsets and group metadata from __consumer_offsets-10 in 46 milliseconds for epoch 0, of which 46 milliseconds was spent in the scheduler.
2026-03-31T21:13:11.685-04:00  INFO 1158 --- [mobobs-api] [adata-manager-0] k.c.group.GroupMetadataManager           : [GroupMetadataManager brokerId=0] Finished loading offsets and group metadata from __consumer_offsets-22 in 46 milliseconds for epoch 0, of which 46 milliseconds was spent in the scheduler.
2026-03-31T21:13:11.685-04:00  INFO 1158 --- [mobobs-api] [adata-manager-0] k.c.group.GroupMetadataManager           : [GroupMetadataManager brokerId=0] Finished loading offsets and group metadata from __consumer_offsets-18 in 45 milliseconds for epoch 0, of which 45 milliseconds was spent in the scheduler.
2026-03-31T21:13:11.693-04:00  INFO 1158 --- [mobobs-api] [adata-manager-0] k.c.group.GroupMetadataManager           : [GroupMetadataManager brokerId=0] Finished loading offsets and group metadata from __consumer_offsets-31 in 48 milliseconds for epoch 0, of which 48 milliseconds was spent in the scheduler.
2026-03-31T21:13:11.699-04:00  INFO 1158 --- [mobobs-api] [adata-manager-0] k.c.group.GroupMetadataManager           : [GroupMetadataManager brokerId=0] Finished loading offsets and group metadata from __consumer_offsets-27 in 50 milliseconds for epoch 0, of which 48 milliseconds was spent in the scheduler.
2026-03-31T21:13:11.700-04:00  INFO 1158 --- [mobobs-api] [adata-manager-0] k.c.group.GroupMetadataManager           : [GroupMetadataManager brokerId=0] Finished loading offsets and group metadata from __consumer_offsets-39 in 50 milliseconds for epoch 0, of which 49 milliseconds was spent in the scheduler.
2026-03-31T21:13:11.701-04:00  INFO 1158 --- [mobobs-api] [adata-manager-0] k.c.group.GroupMetadataManager           : [GroupMetadataManager brokerId=0] Finished loading offsets and group metadata from __consumer_offsets-6 in 49 milliseconds for epoch 0, of which 48 milliseconds was spent in the scheduler.
2026-03-31T21:13:11.701-04:00  INFO 1158 --- [mobobs-api] [adata-manager-0] k.c.group.GroupMetadataManager           : [GroupMetadataManager brokerId=0] Finished loading offsets and group metadata from __consumer_offsets-35 in 45 milliseconds for epoch 0, of which 45 milliseconds was spent in the scheduler.
2026-03-31T21:13:11.702-04:00  INFO 1158 --- [mobobs-api] [adata-manager-0] k.c.group.GroupMetadataManager           : [GroupMetadataManager brokerId=0] Finished loading offsets and group metadata from __consumer_offsets-2 in 46 milliseconds for epoch 0, of which 46 milliseconds was spent in the scheduler.
2026-03-31T21:13:11.709-04:00  INFO 1158 --- [mobobs-api] [BeanNameSet-C-1] o.a.k.c.c.internals.ConsumerCoordinator  : [Consumer clientId=consumer-test-group-1, groupId=test-group] Discovered group coordinator localhost:49778 (id: 2147483647 rack: null)
2026-03-31T21:13:11.712-04:00  INFO 1158 --- [mobobs-api] [BeanNameSet-C-1] o.a.k.c.c.internals.ConsumerCoordinator  : [Consumer clientId=consumer-test-group-1, groupId=test-group] Request joining group due to: rebalance failed due to 'This is not the correct coordinator.' (NotCoordinatorException)
2026-03-31T21:13:11.713-04:00  INFO 1158 --- [mobobs-api] [BeanNameSet-C-1] o.a.k.c.c.internals.ConsumerCoordinator  : [Consumer clientId=consumer-test-group-1, groupId=test-group] (Re-)joining group
2026-03-31T21:13:11.750-04:00  INFO 1158 --- [mobobs-api] [quest-handler-4] k.coordinator.group.GroupCoordinator     : [GroupCoordinator 0]: Dynamic member with unknown member id joins group test-group in Empty state. Created a new member id consumer-test-group-1-af171250-d281-48aa-82e6-3b363a8d04e9 and request the member to rejoin with this id.
2026-03-31T21:13:11.780-04:00  INFO 1158 --- [mobobs-api] [BeanNameSet-C-1] o.a.k.c.c.internals.ConsumerCoordinator  : [Consumer clientId=consumer-test-group-1, groupId=test-group] Request joining group due to: need to re-join with the given member-id: consumer-test-group-1-af171250-d281-48aa-82e6-3b363a8d04e9
2026-03-31T21:13:11.781-04:00  INFO 1158 --- [mobobs-api] [BeanNameSet-C-1] o.a.k.c.c.internals.ConsumerCoordinator  : [Consumer clientId=consumer-test-group-1, groupId=test-group] Request joining group due to: rebalance failed due to 'The group member needs to have a valid member id before actually entering a consumer group.' (MemberIdRequiredException)
2026-03-31T21:13:11.781-04:00  INFO 1158 --- [mobobs-api] [BeanNameSet-C-1] o.a.k.c.c.internals.ConsumerCoordinator  : [Consumer clientId=consumer-test-group-1, groupId=test-group] (Re-)joining group
2026-03-31T21:13:11.811-04:00  INFO 1158 --- [mobobs-api] [quest-handler-5] k.coordinator.group.GroupCoordinator     : [GroupCoordinator 0]: Preparing to rebalance group test-group in state PreparingRebalance with old generation 0 (__consumer_offsets-12) (reason: Adding new member consumer-test-group-1-af171250-d281-48aa-82e6-3b363a8d04e9 with group instance id None; client reason: rebalance failed due to MemberIdRequiredException)
2026-03-31T21:13:11.843-04:00  INFO 1158 --- [mobobs-api] [cutor-Rebalance] k.coordinator.group.GroupCoordinator     : [GroupCoordinator 0]: Stabilized group test-group generation 1 (__consumer_offsets-12) with 1 members
2026-03-31T21:13:11.847-04:00  INFO 1158 --- [mobobs-api] [BeanNameSet-C-1] o.a.k.c.c.internals.ConsumerCoordinator  : [Consumer clientId=consumer-test-group-1, groupId=test-group] Successfully joined group with generation Generation{generationId=1, memberId='consumer-test-group-1-af171250-d281-48aa-82e6-3b363a8d04e9', protocol='range'}
2026-03-31T21:13:11.873-04:00  INFO 1158 --- [mobobs-api] [BeanNameSet-C-1] o.a.k.c.c.internals.ConsumerCoordinator  : [Consumer clientId=consumer-test-group-1, groupId=test-group] Finished assignment for group at generation 1: {consumer-test-group-1-af171250-d281-48aa-82e6-3b363a8d04e9=Assignment(partitions=[mobile.events.raw-0])}
2026-03-31T21:13:11.940-04:00  INFO 1158 --- [mobobs-api] [quest-handler-0] k.coordinator.group.GroupCoordinator     : [GroupCoordinator 0]: Assignment received from leader consumer-test-group-1-af171250-d281-48aa-82e6-3b363a8d04e9 for group test-group for generation 1. The group has 1 members, 0 of which are static.
2026-03-31T21:13:12.034-04:00  INFO 1158 --- [mobobs-api] [BeanNameSet-C-1] o.a.k.c.c.internals.ConsumerCoordinator  : [Consumer clientId=consumer-test-group-1, groupId=test-group] Successfully synced group in generation Generation{generationId=1, memberId='consumer-test-group-1-af171250-d281-48aa-82e6-3b363a8d04e9', protocol='range'}
2026-03-31T21:13:12.037-04:00  INFO 1158 --- [mobobs-api] [BeanNameSet-C-1] o.a.k.c.c.internals.ConsumerCoordinator  : [Consumer clientId=consumer-test-group-1, groupId=test-group] Notifying assignor about the new Assignment(partitions=[mobile.events.raw-0])
2026-03-31T21:13:12.045-04:00  INFO 1158 --- [mobobs-api] [BeanNameSet-C-1] o.a.k.c.c.internals.ConsumerCoordinator  : [Consumer clientId=consumer-test-group-1, groupId=test-group] Adding newly assigned partitions: mobile.events.raw-0
2026-03-31T21:13:12.057-04:00  INFO 1158 --- [mobobs-api] [BeanNameSet-C-1] o.s.k.l.KafkaMessageListenerContainer    : test-group: partitions assigned: [mobile.events.raw-0]
2026-03-31T21:13:12.096-04:00  INFO 1158 --- [mobobs-api] [BeanNameSet-C-1] o.a.k.c.c.internals.ConsumerCoordinator  : [Consumer clientId=consumer-test-group-1, groupId=test-group] Found no committed offset for partition mobile.events.raw-0
2026-03-31T21:13:12.128-04:00  INFO 1158 --- [mobobs-api] [BeanNameSet-C-1] o.a.k.c.c.internals.SubscriptionState    : [Consumer clientId=consumer-test-group-1, groupId=test-group] Resetting offset for partition mobile.events.raw-0 to position FetchPosition{offset=0, offsetEpoch=Optional.empty, currentLeader=LeaderAndEpoch{leader=Optional[localhost:49778 (id: 0 rack: null)], epoch=0}}.
2026-03-31T21:13:12.155-04:00  INFO 1158 --- [mobobs-api] [    Test worker] o.a.k.clients.producer.ProducerConfig    : ProducerConfig values: 
	acks = -1
	auto.include.jmx.reporter = true
	batch.size = 16384
	bootstrap.servers = [localhost:49778]
	buffer.memory = 33554432
	client.dns.lookup = use_all_dns_ips
	client.id = producer-1
	compression.type = none
	connections.max.idle.ms = 540000
	delivery.timeout.ms = 120000
	enable.idempotence = true
	interceptor.classes = []
	key.serializer = class org.apache.kafka.common.serialization.StringSerializer
	linger.ms = 0
	max.block.ms = 60000
	max.in.flight.requests.per.connection = 5
	max.request.size = 1048576
	metadata.max.age.ms = 300000
	metadata.max.idle.ms = 300000
	metric.reporters = []
	metrics.num.samples = 2
	metrics.recording.level = INFO
	metrics.sample.window.ms = 30000
	partitioner.adaptive.partitioning.enable = true
	partitioner.availability.timeout.ms = 0
	partitioner.class = null
	partitioner.ignore.keys = false
	receive.buffer.bytes = 32768
	reconnect.backoff.max.ms = 1000
	reconnect.backoff.ms = 50
	request.timeout.ms = 30000
	retries = 2147483647
	retry.backoff.ms = 100
	sasl.client.callback.handler.class = null
	sasl.jaas.config = null
	sasl.kerberos.kinit.cmd = /usr/bin/kinit
	sasl.kerberos.min.time.before.relogin = 60000
	sasl.kerberos.service.name = null
	sasl.kerberos.ticket.renew.jitter = 0.05
	sasl.kerberos.ticket.renew.window.factor = 0.8
	sasl.login.callback.handler.class = null
	sasl.login.class = null
	sasl.login.connect.timeout.ms = null
	sasl.login.read.timeout.ms = null
	sasl.login.refresh.buffer.seconds = 300
	sasl.login.refresh.min.period.seconds = 60
	sasl.login.refresh.window.factor = 0.8
	sasl.login.refresh.window.jitter = 0.05
	sasl.login.retry.backoff.max.ms = 10000
	sasl.login.retry.backoff.ms = 100
	sasl.mechanism = GSSAPI
	sasl.oauthbearer.clock.skew.seconds = 30
	sasl.oauthbearer.expected.audience = null
	sasl.oauthbearer.expected.issuer = null
	sasl.oauthbearer.jwks.endpoint.refresh.ms = 3600000
	sasl.oauthbearer.jwks.endpoint.retry.backoff.max.ms = 10000
	sasl.oauthbearer.jwks.endpoint.retry.backoff.ms = 100
	sasl.oauthbearer.jwks.endpoint.url = null
	sasl.oauthbearer.scope.claim.name = scope
	sasl.oauthbearer.sub.claim.name = sub
	sasl.oauthbearer.token.endpoint.url = null
	security.protocol = PLAINTEXT
	security.providers = null
	send.buffer.bytes = 131072
	socket.connection.setup.timeout.max.ms = 30000
	socket.connection.setup.timeout.ms = 10000
	ssl.cipher.suites = null
	ssl.enabled.protocols = [TLSv1.2, TLSv1.3]
	ssl.endpoint.identification.algorithm = https
	ssl.engine.factory.class = null
	ssl.key.password = null
	ssl.keymanager.algorithm = SunX509
	ssl.keystore.certificate.chain = null
	ssl.keystore.key = null
	ssl.keystore.location = null
	ssl.keystore.password = null
	ssl.keystore.type = JKS
	ssl.protocol = TLSv1.3
	ssl.provider = null
	ssl.secure.random.implementation = null
	ssl.trustmanager.algorithm = PKIX
	ssl.truststore.certificates = null
	ssl.truststore.location = null
	ssl.truststore.password = null
	ssl.truststore.type = JKS
	transaction.timeout.ms = 60000
	transactional.id = null
	value.serializer = class org.springframework.kafka.support.serializer.JsonSerializer

2026-03-31T21:13:12.178-04:00  INFO 1158 --- [mobobs-api] [    Test worker] o.a.k.clients.producer.KafkaProducer     : [Producer clientId=producer-1] Instantiated an idempotent producer.
2026-03-31T21:13:12.252-04:00  INFO 1158 --- [mobobs-api] [    Test worker] o.a.kafka.common.utils.AppInfoParser     : Kafka version: 3.6.2
2026-03-31T21:13:12.255-04:00  INFO 1158 --- [mobobs-api] [    Test worker] o.a.kafka.common.utils.AppInfoParser     : Kafka commitId: c4deed513057c94e
2026-03-31T21:13:12.255-04:00  INFO 1158 --- [mobobs-api] [    Test worker] o.a.kafka.common.utils.AppInfoParser     : Kafka startTimeMs: 1775005992251
2026-03-31T21:13:12.289-04:00  INFO 1158 --- [mobobs-api] [ad | producer-1] org.apache.kafka.clients.Metadata        : [Producer clientId=producer-1] Cluster ID: lVE6jCorSeONWb6noR-RqA
2026-03-31T21:13:12.301-04:00  INFO 1158 --- [mobobs-api] [0-event-handler] o.a.k.c.ProducerIdControlManager         : [QuorumController id=0] Replaying ProducerIdsRecord ProducerIdsRecord(brokerId=0, brokerEpoch=6, nextProducerId=1000)
2026-03-31T21:13:12.447-04:00  INFO 1158 --- [mobobs-api] [ad | producer-1] o.a.k.c.p.internals.TransactionManager   : [Producer clientId=producer-1] ProducerId set to 0 with epoch 0
2026-03-31T21:13:13.504-04:00  INFO 1158 --- [mobobs-api] [BeanNameSet-C-1] o.a.k.c.c.internals.ConsumerCoordinator  : [Consumer clientId=consumer-test-group-1, groupId=test-group] Revoke previously assigned partitions mobile.events.raw-0
2026-03-31T21:13:13.559-04:00  INFO 1158 --- [mobobs-api] [BeanNameSet-C-1] o.s.k.l.KafkaMessageListenerContainer    : test-group: partitions revoked: [mobile.events.raw-0]
2026-03-31T21:13:13.567-04:00  INFO 1158 --- [mobobs-api] [BeanNameSet-C-1] o.a.k.c.c.internals.ConsumerCoordinator  : [Consumer clientId=consumer-test-group-1, groupId=test-group] Member consumer-test-group-1-af171250-d281-48aa-82e6-3b363a8d04e9 sending LeaveGroup request to coordinator localhost:49778 (id: 2147483647 rack: null) due to the consumer unsubscribed from all topics
2026-03-31T21:13:13.574-04:00  INFO 1158 --- [mobobs-api] [BeanNameSet-C-1] o.a.k.c.c.internals.ConsumerCoordinator  : [Consumer clientId=consumer-test-group-1, groupId=test-group] Resetting generation and member id due to: consumer pro-actively leaving the group
2026-03-31T21:13:13.575-04:00  INFO 1158 --- [mobobs-api] [BeanNameSet-C-1] o.a.k.c.c.internals.ConsumerCoordinator  : [Consumer clientId=consumer-test-group-1, groupId=test-group] Request joining group due to: consumer pro-actively leaving the group
2026-03-31T21:13:13.575-04:00  INFO 1158 --- [mobobs-api] [BeanNameSet-C-1] fkaConsumerFactory$ExtendedKafkaConsumer : [Consumer clientId=consumer-test-group-1, groupId=test-group] Unsubscribed all topics or patterns and assigned partitions
2026-03-31T21:13:13.583-04:00  INFO 1158 --- [mobobs-api] [BeanNameSet-C-1] o.a.k.c.c.internals.ConsumerCoordinator  : [Consumer clientId=consumer-test-group-1, groupId=test-group] Resetting generation and member id due to: consumer pro-actively leaving the group
2026-03-31T21:13:13.583-04:00  INFO 1158 --- [mobobs-api] [BeanNameSet-C-1] o.a.k.c.c.internals.ConsumerCoordinator  : [Consumer clientId=consumer-test-group-1, groupId=test-group] Request joining group due to: consumer pro-actively leaving the group
2026-03-31T21:13:13.610-04:00  INFO 1158 --- [mobobs-api] [quest-handler-5] k.coordinator.group.GroupCoordinator     : [GroupCoordinator 0]: Preparing to rebalance group test-group in state PreparingRebalance with old generation 1 (__consumer_offsets-12) (reason: Removing member consumer-test-group-1-af171250-d281-48aa-82e6-3b363a8d04e9 on LeaveGroup; client reason: the consumer unsubscribed from all topics)
2026-03-31T21:13:13.620-04:00  INFO 1158 --- [mobobs-api] [quest-handler-5] k.coordinator.group.GroupCoordinator     : [GroupCoordinator 0]: Group test-group with generation 2 is now empty (__consumer_offsets-12)
2026-03-31T21:13:13.684-04:00  INFO 1158 --- [mobobs-api] [quest-handler-5] k.coordinator.group.GroupCoordinator     : [GroupCoordinator 0]: Member MemberMetadata(memberId=consumer-test-group-1-af171250-d281-48aa-82e6-3b363a8d04e9, groupInstanceId=None, clientId=consumer-test-group-1, clientHost=/127.0.0.1, sessionTimeoutMs=45000, rebalanceTimeoutMs=300000, supportedProtocols=List(range, cooperative-sticky)) has left group test-group through explicit `LeaveGroup`; client reason: the consumer unsubscribed from all topics
2026-03-31T21:13:14.046-04:00  INFO 1158 --- [mobobs-api] [BeanNameSet-C-1] o.apache.kafka.common.metrics.Metrics    : Metrics scheduler closed
2026-03-31T21:13:14.055-04:00  INFO 1158 --- [mobobs-api] [BeanNameSet-C-1] o.apache.kafka.common.metrics.Metrics    : Closing reporter org.apache.kafka.common.metrics.JmxReporter
2026-03-31T21:13:14.059-04:00  INFO 1158 --- [mobobs-api] [BeanNameSet-C-1] o.apache.kafka.common.metrics.Metrics    : Metrics reporters closed
2026-03-31T21:13:14.202-04:00  INFO 1158 --- [mobobs-api] [BeanNameSet-C-1] o.a.kafka.common.utils.AppInfoParser     : App info kafka.consumer for consumer-test-group-1 unregistered
2026-03-31T21:13:14.213-04:00  INFO 1158 --- [mobobs-api] [BeanNameSet-C-1] o.s.k.l.KafkaMessageListenerContainer    : test-group: Consumer stopped
]]></system-out>
  <system-err><![CDATA[]]></system-err>
</testsuite>
